Log file open, 02/27/17 17:35:35
LogInit:Display: Running engine for game: Endless_Runner
LogPlatformFile: Not using cached read wrapper
LogInit:Display: RandInit(-1211278335) SRandInit(-1211278335).
LogTaskGraph: Started task graph with 5 named threads and 8 total threads with 1 sets of task threads.
LogStats: Stats thread started at 0.772141
LogPluginManager: Loaded Plugin Paper2D, From D:/Program Files/Epic Games/UE_4.14/Engine/Plugins/2D/Paper2D/Paper2D.uplugin
LogPluginManager: Loaded Plugin LightPropagationVolume, From D:/Program Files/Epic Games/UE_4.14/Engine/Plugins/Blendables/LightPropagationVolume/LightPropagationVolume.uplugin
LogPluginManager: Loaded Plugin BlankPlugin, From D:/Program Files/Epic Games/UE_4.14/Engine/Plugins/Developer/BlankPlugin/BlankPlugin.uplugin
LogPluginManager: Loaded Plugin CodeLiteSourceCodeAccess, From D:/Program Files/Epic Games/UE_4.14/Engine/Plugins/Developer/CodeLiteSourceCodeAccess/CodeLiteSourceCodeAccess.uplugin
LogPluginManager: Loaded Plugin GitSourceControl, From D:/Program Files/Epic Games/UE_4.14/Engine/Plugins/Developer/GitSourceControl/GitSourceControl.uplugin
LogPluginManager: Loaded Plugin KDevelopSourceCodeAccess, From D:/Program Files/Epic Games/UE_4.14/Engine/Plugins/Developer/KDevelopSourceCodeAccess/KDevelopSourceCodeAccess.uplugin
LogPluginManager: Loaded Plugin NullSourceCodeAccess, From D:/Program Files/Epic Games/UE_4.14/Engine/Plugins/Developer/NullSourceCodeAccess/NullSourceCodeAccess.uplugin
LogPluginManager: Loaded Plugin OneSkyLocalizationService, From D:/Program Files/Epic Games/UE_4.14/Engine/Plugins/Developer/OneSkyLocalizationService/OneSkyLocalizationService.uplugin
LogPluginManager: Loaded Plugin PerforceSourceControl, From D:/Program Files/Epic Games/UE_4.14/Engine/Plugins/Developer/PerforceSourceControl/PerforceSourceControl.uplugin
LogPluginManager: Loaded Plugin SubversionSourceControl, From D:/Program Files/Epic Games/UE_4.14/Engine/Plugins/Developer/SubversionSourceControl/SubversionSourceControl.uplugin
LogPluginManager: Loaded Plugin UObjectPlugin, From D:/Program Files/Epic Games/UE_4.14/Engine/Plugins/Developer/UObjectPlugin/UObjectPlugin.uplugin
LogPluginManager: Loaded Plugin VisualStudioSourceCodeAccess, From D:/Program Files/Epic Games/UE_4.14/Engine/Plugins/Developer/VisualStudioSourceCodeAccess/VisualStudioSourceCodeAccess.uplugin
LogPluginManager: Loaded Plugin XCodeSourceCodeAccess, From D:/Program Files/Epic Games/UE_4.14/Engine/Plugins/Developer/XCodeSourceCodeAccess/XCodeSourceCodeAccess.uplugin
LogPluginManager: Loaded Plugin AudioCapture, From D:/Program Files/Epic Games/UE_4.14/Engine/Plugins/Editor/AudioCapture/AudioCapture.uplugin
LogPluginManager: Loaded Plugin EpicSurvey, From D:/Program Files/Epic Games/UE_4.14/Engine/Plugins/Editor/EpicSurvey/EpicSurvey.uplugin
LogPluginManager: Loaded Plugin MacGraphicsSwitching, From D:/Program Files/Epic Games/UE_4.14/Engine/Plugins/Editor/MacGraphicsSwitching/MacGraphicsSwitching.uplugin
LogPluginManager: Loaded Plugin MobileLauncherProfileWizard, From D:/Program Files/Epic Games/UE_4.14/Engine/Plugins/Editor/MobileLauncherProfileWizard/MobileLauncherProfileWizard.uplugin
LogPluginManager: Loaded Plugin PluginBrowser, From D:/Program Files/Epic Games/UE_4.14/Engine/Plugins/Editor/PluginBrowser/PluginBrowser.uplugin
LogPluginManager: Loaded Plugin SpeedTreeImporter, From D:/Program Files/Epic Games/UE_4.14/Engine/Plugins/Editor/SpeedTreeImporter/SpeedTreeImporter.uplugin
LogPluginManager: Loaded Plugin SuperSearchEditor, From D:/Program Files/Epic Games/UE_4.14/Engine/Plugins/Editor/SuperSearchEditor/SuperSearchEditor.uplugin
LogPluginManager: Loaded Plugin AlembicImporter, From D:/Program Files/Epic Games/UE_4.14/Engine/Plugins/Experimental/AlembicImporter/AlembicImporter.uplugin
LogPluginManager: Loaded Plugin BlueprintStats, From D:/Program Files/Epic Games/UE_4.14/Engine/Plugins/Experimental/BlueprintStats/BlueprintStats.uplugin
LogPluginManager: Loaded Plugin CharacterAI, From D:/Program Files/Epic Games/UE_4.14/Engine/Plugins/Experimental/CharacterAI/CharacterAI.uplugin
LogPluginManager: Loaded Plugin CodeEditor, From D:/Program Files/Epic Games/UE_4.14/Engine/Plugins/Experimental/CodeEditor/CodeEditor.uplugin
LogPluginManager: Loaded Plugin CodeView, From D:/Program Files/Epic Games/UE_4.14/Engine/Plugins/Experimental/CodeView/CodeView.uplugin
LogPluginManager: Loaded Plugin HTML5Networking, From D:/Program Files/Epic Games/UE_4.14/Engine/Plugins/Experimental/HTML5Networking/HTML5Networking.uplugin
LogPluginManager: Loaded Plugin OSVR, From D:/Program Files/Epic Games/UE_4.14/Engine/Plugins/Experimental/OSVR/OSVR.uplugin
LogPluginManager: Loaded Plugin Phya, From D:/Program Files/Epic Games/UE_4.14/Engine/Plugins/Experimental/Phya/Phya.uplugin
LogPluginManager: Loaded Plugin SignificanceManager, From D:/Program Files/Epic Games/UE_4.14/Engine/Plugins/Experimental/SignificanceManager/SignificanceManager.uplugin
LogPluginManager: Loaded Plugin SimpleHMD, From D:/Program Files/Epic Games/UE_4.14/Engine/Plugins/Experimental/SimpleHMD/SimpleHMD.uplugin
LogPluginManager: Loaded Plugin StereoPanorama, From D:/Program Files/Epic Games/UE_4.14/Engine/Plugins/Experimental/StereoPanorama/StereoPanorama.uplugin
LogPluginManager: Loaded Plugin StructBox, From D:/Program Files/Epic Games/UE_4.14/Engine/Plugins/Experimental/StructBox/StructBox.uplugin
LogPluginManager: Loaded Plugin AndroidMedia, From D:/Program Files/Epic Games/UE_4.14/Engine/Plugins/Media/AndroidMedia/AndroidMedia.uplugin
LogPluginManager: Loaded Plugin AvfMedia, From D:/Program Files/Epic Games/UE_4.14/Engine/Plugins/Media/AvfMedia/AvfMedia.uplugin
LogPluginManager: Loaded Plugin MediaPlayerEditor, From D:/Program Files/Epic Games/UE_4.14/Engine/Plugins/Media/MediaPlayerEditor/MediaPlayerEditor.uplugin
LogPluginManager: Loaded Plugin WmfMedia, From D:/Program Files/Epic Games/UE_4.14/Engine/Plugins/Media/WmfMedia/WmfMedia.uplugin
LogPluginManager: Loaded Plugin MessagingDebugger, From D:/Program Files/Epic Games/UE_4.14/Engine/Plugins/Messaging/MessagingDebugger/MessagingDebugger.uplugin
LogPluginManager: Loaded Plugin TcpMessaging, From D:/Program Files/Epic Games/UE_4.14/Engine/Plugins/Messaging/TcpMessaging/TcpMessaging.uplugin
LogPluginManager: Loaded Plugin UdpMessaging, From D:/Program Files/Epic Games/UE_4.14/Engine/Plugins/Messaging/UdpMessaging/UdpMessaging.uplugin
LogPluginManager: Loaded Plugin LevelSequenceEditor, From D:/Program Files/Epic Games/UE_4.14/Engine/Plugins/MovieScene/LevelSequenceEditor/LevelSequenceEditor.uplugin
LogPluginManager: Loaded Plugin MatineeToLevelSequence, From D:/Program Files/Epic Games/UE_4.14/Engine/Plugins/MovieScene/MatineeToLevelSequence/MatineeToLevelSequence.uplugin
LogPluginManager: Loaded Plugin NetcodeUnitTest, From D:/Program Files/Epic Games/UE_4.14/Engine/Plugins/NetcodeUnitTest/NetcodeUnitTest/NetcodeUnitTest.uplugin
LogPluginManager: Loaded Plugin NUTUnrealEngine4, From D:/Program Files/Epic Games/UE_4.14/Engine/Plugins/NetcodeUnitTest/NUTUnrealEngine4/NUTUnrealEngine4.uplugin
LogPluginManager: Loaded Plugin OnlineSubsystemGameCircle, From D:/Program Files/Epic Games/UE_4.14/Engine/Plugins/Online/Android/OnlineSubsystemGameCircle/OnlineSubsystemGameCircle.uplugin
LogPluginManager: Loaded Plugin OnlineSubsystemGooglePlay, From D:/Program Files/Epic Games/UE_4.14/Engine/Plugins/Online/Android/OnlineSubsystemGooglePlay/OnlineSubsystemGooglePlay.uplugin
LogPluginManager: Loaded Plugin OnlineSubsystemIOS, From D:/Program Files/Epic Games/UE_4.14/Engine/Plugins/Online/IOS/OnlineSubsystemIOS/OnlineSubsystemIOS.uplugin
LogPluginManager: Loaded Plugin OnlineFramework, From D:/Program Files/Epic Games/UE_4.14/Engine/Plugins/Online/OnlineFramework/OnlineFramework.uplugin
LogPluginManager: Loaded Plugin OnlineSubsystem, From D:/Program Files/Epic Games/UE_4.14/Engine/Plugins/Online/OnlineSubsystem/OnlineSubsystem.uplugin
LogPluginManager: Loaded Plugin OnlineSubsystemAmazon, From D:/Program Files/Epic Games/UE_4.14/Engine/Plugins/Online/OnlineSubsystemAmazon/OnlineSubsystemAmazon.uplugin
LogPluginManager: Loaded Plugin OnlineSubsystemFacebook, From D:/Program Files/Epic Games/UE_4.14/Engine/Plugins/Online/OnlineSubsystemFacebook/OnlineSubsystemFacebook.uplugin
LogPluginManager: Loaded Plugin OnlineSubsystemNull, From D:/Program Files/Epic Games/UE_4.14/Engine/Plugins/Online/OnlineSubsystemNull/OnlineSubsystemNull.uplugin
LogPluginManager: Loaded Plugin OnlineSubsystemOculus, From D:/Program Files/Epic Games/UE_4.14/Engine/Plugins/Online/OnlineSubsystemOculus/OnlineSubsystemOculus.uplugin
LogPluginManager: Loaded Plugin OnlineSubsystemSteam, From D:/Program Files/Epic Games/UE_4.14/Engine/Plugins/Online/OnlineSubsystemSteam/OnlineSubsystemSteam.uplugin
LogPluginManager: Loaded Plugin OnlineSubsystemUtils, From D:/Program Files/Epic Games/UE_4.14/Engine/Plugins/Online/OnlineSubsystemUtils/OnlineSubsystemUtils.uplugin
LogPluginManager: Loaded Plugin IOSTapJoy, From D:/Program Files/Epic Games/UE_4.14/Engine/Plugins/Runtime/Advertising/IOSTapJoy/IOSTapJoy.uplugin
LogPluginManager: Loaded Plugin AnalyticsBlueprintLibrary, From D:/Program Files/Epic Games/UE_4.14/Engine/Plugins/Runtime/Analytics/AnalyticsBlueprintLibrary/AnalyticsBlueprintLibrary.uplugin
LogPluginManager: Loaded Plugin AnalyticsMulticast, From D:/Program Files/Epic Games/UE_4.14/Engine/Plugins/Runtime/Analytics/AnalyticsMulticast/AnalyticsMulticast.uplugin
LogPluginManager: Loaded Plugin Apsalar, From D:/Program Files/Epic Games/UE_4.14/Engine/Plugins/Runtime/Analytics/Apsalar/Apsalar.uplugin
LogPluginManager: Loaded Plugin FileLogging, From D:/Program Files/Epic Games/UE_4.14/Engine/Plugins/Runtime/Analytics/FileLogging/FileLogging.uplugin
LogPluginManager: Loaded Plugin Flurry, From D:/Program Files/Epic Games/UE_4.14/Engine/Plugins/Runtime/Analytics/Flurry/Flurry.uplugin
LogPluginManager: Loaded Plugin AndroidDeviceProfileSelector, From D:/Program Files/Epic Games/UE_4.14/Engine/Plugins/Runtime/AndroidDeviceProfileSelector/AndroidDeviceProfileSelector.uplugin
LogPluginManager: Loaded Plugin AndroidMoviePlayer, From D:/Program Files/Epic Games/UE_4.14/Engine/Plugins/Runtime/AndroidMoviePlayer/AndroidMoviePlayer.uplugin
LogPluginManager: Loaded Plugin AppleMoviePlayer, From D:/Program Files/Epic Games/UE_4.14/Engine/Plugins/Runtime/AppleMoviePlayer/AppleMoviePlayer.uplugin
LogPluginManager: Loaded Plugin ArchVisCharacter, From D:/Program Files/Epic Games/UE_4.14/Engine/Plugins/Runtime/ArchVisCharacter/ArchVisCharacter.uplugin
LogPluginManager: Loaded Plugin CableComponent, From D:/Program Files/Epic Games/UE_4.14/Engine/Plugins/Runtime/CableComponent/CableComponent.uplugin
LogPluginManager: Loaded Plugin CustomMeshComponent, From D:/Program Files/Epic Games/UE_4.14/Engine/Plugins/Runtime/CustomMeshComponent/CustomMeshComponent.uplugin
LogPluginManager: Loaded Plugin ExampleDeviceProfileSelector, From D:/Program Files/Epic Games/UE_4.14/Engine/Plugins/Runtime/ExampleDeviceProfileSelector/ExampleDeviceProfileSelector.uplugin
LogPluginManager: Loaded Plugin GearVR, From D:/Program Files/Epic Games/UE_4.14/Engine/Plugins/Runtime/GearVR/GearVR.uplugin
LogPluginManager: Loaded Plugin GoogleVRController, From D:/Program Files/Epic Games/UE_4.14/Engine/Plugins/Runtime/GoogleVR/GoogleVRController/GoogleVRController.uplugin
LogPluginManager: Loaded Plugin GoogleVRHMD, From D:/Program Files/Epic Games/UE_4.14/Engine/Plugins/Runtime/GoogleVR/GoogleVRHMD/GoogleVRHMD.uplugin
LogPluginManager: Loaded Plugin IOSDeviceProfileSelector, From D:/Program Files/Epic Games/UE_4.14/Engine/Plugins/Runtime/IOSDeviceProfileSelector/IOSDeviceProfileSelector.uplugin
LogPluginManager: Loaded Plugin LeapMotion, From D:/Program Files/Epic Games/UE_4.14/Engine/Plugins/Runtime/LeapMotion/LeapMotion.uplugin
LogPluginManager: Loaded Plugin LinuxDeviceProfileSelector, From D:/Program Files/Epic Games/UE_4.14/Engine/Plugins/Runtime/LinuxDeviceProfileSelector/LinuxDeviceProfileSelector.uplugin
LogPluginManager: Loaded Plugin MIDIDevice, From D:/Program Files/Epic Games/UE_4.14/Engine/Plugins/Runtime/MIDIDevice/MIDIDevice.uplugin
LogPluginManager: Loaded Plugin MobilePatchingUtils, From D:/Program Files/Epic Games/UE_4.14/Engine/Plugins/Runtime/MobilePatchingUtils/MobilePatchingUtils.uplugin
LogPluginManager: Loaded Plugin Ansel, From D:/Program Files/Epic Games/UE_4.14/Engine/Plugins/Runtime/Nvidia/Ansel/Ansel.uplugin
LogPluginManager: Loaded Plugin OculusAudio, From D:/Program Files/Epic Games/UE_4.14/Engine/Plugins/Runtime/OculusAudio/OculusAudio.uplugin
LogPluginManager: Loaded Plugin OculusInput, From D:/Program Files/Epic Games/UE_4.14/Engine/Plugins/Runtime/OculusInput/OculusInput.uplugin
LogPluginManager: Loaded Plugin OculusLibrary, From D:/Program Files/Epic Games/UE_4.14/Engine/Plugins/Runtime/OculusLibrary/OculusLibrary.uplugin
LogPluginManager: Loaded Plugin OculusRift, From D:/Program Files/Epic Games/UE_4.14/Engine/Plugins/Runtime/OculusRift/OculusRift.uplugin
LogPluginManager: Loaded Plugin Oodle, From D:/Program Files/Epic Games/UE_4.14/Engine/Plugins/Runtime/PacketHandlers/CompressionComponents/Oodle/Oodle.uplugin
LogPluginManager: Loaded Plugin ProceduralMeshComponent, From D:/Program Files/Epic Games/UE_4.14/Engine/Plugins/Runtime/ProceduralMeshComponent/ProceduralMeshComponent.uplugin
LogPluginManager: Loaded Plugin SoundMod, From D:/Program Files/Epic Games/UE_4.14/Engine/Plugins/Runtime/SoundMod/SoundMod.uplugin
LogPluginManager: Loaded Plugin SoundVisualizations, From D:/Program Files/Epic Games/UE_4.14/Engine/Plugins/Runtime/SoundVisualizations/SoundVisualizations.uplugin
LogPluginManager: Loaded Plugin SteamController, From D:/Program Files/Epic Games/UE_4.14/Engine/Plugins/Runtime/Steam/SteamController/SteamController.uplugin
LogPluginManager: Loaded Plugin SteamVR, From D:/Program Files/Epic Games/UE_4.14/Engine/Plugins/Runtime/Steam/SteamVR/SteamVR.uplugin
LogPluginManager: Loaded Plugin WebBrowserWidget, From D:/Program Files/Epic Games/UE_4.14/Engine/Plugins/Runtime/WebBrowserWidget/WebBrowserWidget.uplugin
LogPluginManager: Loaded Plugin WindowsDeviceProfileSelector, From D:/Program Files/Epic Games/UE_4.14/Engine/Plugins/Runtime/WindowsDeviceProfileSelector/WindowsDeviceProfileSelector.uplugin
LogPluginManager: Loaded Plugin WindowsMoviePlayer, From D:/Program Files/Epic Games/UE_4.14/Engine/Plugins/Runtime/WindowsMoviePlayer/WindowsMoviePlayer.uplugin
LogPluginManager: Loaded Plugin ScriptPlugin, From D:/Program Files/Epic Games/UE_4.14/Engine/Plugins/ScriptPlugin/ScriptPlugin.uplugin
LogPluginManager: Loaded Plugin SlateRemote, From D:/Program Files/Epic Games/UE_4.14/Engine/Plugins/Slate/SlateRemote/SlateRemote.uplugin
LogPluginManager: Loaded Plugin EditorTests, From D:/Program Files/Epic Games/UE_4.14/Engine/Plugins/Tests/EditorTests/EditorTests.uplugin
LogPluginManager: Loaded Plugin FbxAutomationTestBuilder, From D:/Program Files/Epic Games/UE_4.14/Engine/Plugins/Tests/FbxAutomationTestBuilder/FbxAutomationTestBuilder.uplugin
LogPluginManager: Loaded Plugin FunctionalTestingEditor, From D:/Program Files/Epic Games/UE_4.14/Engine/Plugins/Tests/FunctionalTestingEditor/FunctionalTestingEditor.uplugin
LogPluginManager: Loaded Plugin RuntimeTests, From D:/Program Files/Epic Games/UE_4.14/Engine/Plugins/Tests/RuntimeTests/RuntimeTests.uplugin
LogPluginManager: Loaded Plugin ScreenshotTools, From D:/Program Files/Epic Games/UE_4.14/Engine/Plugins/Tests/ScreenshotTools/ScreenshotTools.uplugin
LogInit: Using libcurl 7.47.1
LogInit:  - built for x86_64-pc-win32
LogInit:  - supports SSL with OpenSSL/1.0.2g
LogInit:  - supports HTTP deflate (compression) using libz 1.2.8
LogInit:  - other features:
LogInit:      CURL_VERSION_SSL
LogInit:      CURL_VERSION_LIBZ
LogInit:      CURL_VERSION_IPV6
LogInit:      CURL_VERSION_ASYNCHDNS
LogInit:      CURL_VERSION_LARGEFILE
LogInit:      CURL_VERSION_IDN
LogInit:  CurlRequestOptions (configurable via config and command line):
LogInit:  - bVerifyPeer = false  - Libcurl will NOT verify peer certificate
LogInit:  - bUseHttpProxy = false  - Libcurl will NOT use HTTP proxy
LogInit:  - bDontReuseConnections = false  - Libcurl will reuse connections
LogInit:  - CertBundlePath = nullptr  - Libcurl will use whatever was configured at build time.
LogInit: Build: ++UE4+Release-4.14-CL-3249277
LogInit: Engine Version: 4.14.3-3249277+++UE4+Release-4.14
LogInit: Compatible Engine Version: 4.14.0-3195953+++UE4+Release-4.14
LogInit: Net CL: 3195953
LogDevObjectVersion: Number of dev versions registered: 13
LogDevObjectVersion:   Dev-Blueprints (B0D832E4-1F89-4F0D-ACCF-7EB736FD4AA2): 7
LogDevObjectVersion:   Dev-Build (E1C64328-A22C-4D53-A36C-8E866417BD8C): 0
LogDevObjectVersion:   Dev-Core (375EC13C-06E4-48FB-B500-84F0262A717E): 1
LogDevObjectVersion:   Dev-Editor (E4B068ED-F494-42E9-A231-DA0B2E46BB41): 8
LogDevObjectVersion:   Dev-Framework (CFFC743F-43B0-4480-9391-14DF171D2073): 17
LogDevObjectVersion:   Dev-Mobile (B02B49B5-BB20-44E9-A304-32B752E40360): 0
LogDevObjectVersion:   Dev-Networking (A4E4105C-59A1-49B5-A7C5-40C4547EDFEE): 0
LogDevObjectVersion:   Dev-Online (39C831C9-5AE6-47DC-9A44-9C173E1C8E7C): 0
LogDevObjectVersion:   Dev-Physics (78F01B33-EBEA-4F98-B9B4-84EACCB95AA2): 0
LogDevObjectVersion:   Dev-Platform (6631380F-2D4D-43E0-8009-CF276956A95A): 0
LogDevObjectVersion:   Dev-Rendering (12F88B9F-8875-4AFC-A67C-D90C383ABD29): 12
LogDevObjectVersion:   Dev-Sequencer (7B5AE74C-D270-4C10-A958-57980B212A5A): 1
LogDevObjectVersion:   Dev-VR (D7296918-1DD6-4BDD-9DE2-64A83CC13884): 0
LogInit: Compiled (64-bit): Jan  6 2017 10:49:43
LogInit: Compiled with Visual C++: 19.00.23026.00
LogInit: Build Configuration: Development
LogInit: Branch Name: ++UE4+Release-4.14
LogInit: Command line:  
LogInit: Base directory: D:/Program Files/Epic Games/UE_4.14/Engine/Binaries/Win64/
LogInit: Installed Engine Build: 1
LogInit: Presizing for max 8388607 objects, including 0 objects not considered by GC, pre-allocating 0 bytes for permanent pool.
LogInit: Object subsystem initialized
[2017.02.27-17.35.37:646][  0]LogInit: Selected Device Profile: [Windows]
[2017.02.27-17.35.37:646][  0]LogInit: Applying CVar settings loaded from the selected device profile: [Windows]
[2017.02.27-17.35.37:745][  0]LogInit: Computer: DESKTOP-ANSSNKQ
[2017.02.27-17.35.37:745][  0]LogInit: User: Lewis
[2017.02.27-17.35.37:745][  0]LogInit: CPU Page size=65536, Cores=4
[2017.02.27-17.35.37:745][  0]LogInit: High frequency timer resolution =3.914066 MHz
[2017.02.27-17.35.37:745][  0]LogMemory: Memory total: Physical=16.0GB (16GB approx)
[2017.02.27-17.35.37:745][  0]LogMemory: Platform Memory Stats for Windows
[2017.02.27-17.35.37:745][  0]LogMemory: Process Physical Memory: 267.04 MB used, 267.04 MB peak
[2017.02.27-17.35.37:745][  0]LogMemory: Process Virtual Memory: 263.80 MB used, 263.80 MB peak
[2017.02.27-17.35.37:745][  0]LogMemory: Physical Memory: 6696.90 MB used,  9646.80 MB free, 16343.70 MB total
[2017.02.27-17.35.37:745][  0]LogMemory: Virtual Memory: 675.78 MB used,  9646.80 MB free, 134217728.00 MB total
[2017.02.27-17.35.39:280][  0]LogTextLocalizationManager: No specific translations for ('en-GB') exist, so ('en') translations will be used.
[2017.02.27-17.35.42:632][  0]LogD3D11RHI: D3D11 adapters:
[2017.02.27-17.35.43:181][  0]LogD3D11RHI:    0. 'NVIDIA GeForce GTX 970' (Feature Level 11_0)
[2017.02.27-17.35.43:181][  0]LogD3D11RHI:       4059/0/8171 MB DedicatedVideo/DedicatedSystem/SharedSystem, Outputs:1, VendorId:0x10de
[2017.02.27-17.35.43:183][  0]LogD3D11RHI:    1. 'Microsoft Basic Render Driver' (Feature Level 11_0)
[2017.02.27-17.35.43:183][  0]LogD3D11RHI:       0/0/8171 MB DedicatedVideo/DedicatedSystem/SharedSystem, Outputs:0, VendorId:0x1414
[2017.02.27-17.35.43:183][  0]LogD3D11RHI: Chosen D3D11 Adapter: 0
[2017.02.27-17.35.43:187][  0]LogD3D11RHI: Creating new Direct3DDevice
[2017.02.27-17.35.43:187][  0]LogD3D11RHI:     GPU DeviceId: 0x13c2 (for the marketing name, search the web for "GPU Device Id")
[2017.02.27-17.35.43:187][  0]LogWindows: EnumDisplayDevices:
[2017.02.27-17.35.43:187][  0]LogWindows:    0. 'NVIDIA GeForce GTX 970' (P:1 D:1)
[2017.02.27-17.35.43:188][  0]LogWindows:    1. 'NVIDIA GeForce GTX 970' (P:0 D:0)
[2017.02.27-17.35.43:189][  0]LogWindows:    2. 'NVIDIA GeForce GTX 970' (P:0 D:0)
[2017.02.27-17.35.43:189][  0]LogWindows:    3. 'NVIDIA GeForce GTX 970' (P:0 D:0)
[2017.02.27-17.35.43:190][  0]LogWindows: DebugString: FoundDriverCount:4 
[2017.02.27-17.35.43:190][  0]LogD3D11RHI:     Adapter Name: NVIDIA GeForce GTX 970
[2017.02.27-17.35.43:190][  0]LogD3D11RHI:   Driver Version: 378.66 (internal:21.21.13.7866, unified:378.66)
[2017.02.27-17.35.43:190][  0]LogD3D11RHI:      Driver Date: 2-9-2017
[2017.02.27-17.35.43:190][  0]LogRHI: Texture pool is 1361 MB (70% of 1945 MB)
[2017.02.27-17.35.43:608][  0]LogD3D11RHI: Async texture creation enabled
[2017.02.27-17.35.44:766][  0]LogD3D11RHI: GPU Timing Frequency: 1000.000000 (Debug: 2 1)
[2017.02.27-17.35.45:517][  0]LogShaderCompilers: Guid format shader working directory is -15 characters bigger than the processId version (C:/Users/Lewis/Documents/GitHub/Endless-Runer/Endless_Runner/Intermediate/Shaders/WorkingDirectory/12188/).
[2017.02.27-17.35.45:517][  0]LogShaderCompilers: Cleaned the shader compiler working directory 'C:/Users/Lewis/AppData/Local/Temp/UnrealShaderWorkingDir/6C3F57F046325167A2919BAE40CA77C4/'.
[2017.02.27-17.35.45:517][  0]LogShaderCompilers:Display: Using Local Shader Compiler.
[2017.02.27-17.35.59:243][  0]LogTemp:Display: Loaded TP AllDesktopTargetPlatform
[2017.02.27-17.35.59:320][  0]LogTemp:Display: Loaded TP MacClientTargetPlatform
[2017.02.27-17.35.59:393][  0]LogTemp:Display: Loaded TP MacNoEditorTargetPlatform
[2017.02.27-17.35.59:472][  0]LogTemp:Display: Loaded TP MacServerTargetPlatform
[2017.02.27-17.35.59:603][  0]LogTemp:Display: Loaded TP MacTargetPlatform
[2017.02.27-17.35.59:686][  0]LogTemp:Display: Loaded TP WindowsClientTargetPlatform
[2017.02.27-17.36.00:420][  0]LogTemp:Display: Loaded TP WindowsNoEditorTargetPlatform
[2017.02.27-17.36.00:491][  0]LogTemp:Display: Loaded TP WindowsServerTargetPlatform
[2017.02.27-17.36.00:559][  0]LogTemp:Display: Loaded TP WindowsTargetPlatform
[2017.02.27-17.36.00:670][  0]LogTemp:Display: Loaded TP AndroidTargetPlatform
[2017.02.27-17.36.00:771][  0]LogTemp:Display: Loaded TP Android_ASTCTargetPlatform
[2017.02.27-17.36.00:850][  0]LogTemp:Display: Loaded TP Android_ATCTargetPlatform
[2017.02.27-17.36.00:922][  0]LogTemp:Display: Loaded TP Android_DXTTargetPlatform
[2017.02.27-17.36.01:009][  0]LogTemp:Display: Loaded TP Android_ETC1TargetPlatform
[2017.02.27-17.36.01:098][  0]LogTemp:Display: Loaded TP Android_ETC2TargetPlatform
[2017.02.27-17.36.01:523][  0]LogTemp:Display: Loaded TP Android_MultiTargetPlatform
[2017.02.27-17.36.01:523][  0]LogTemp:Display: Loaded TP Android_PVRTCTargetPlatform
[2017.02.27-17.36.01:632][  0]LogTemp:Display: Loaded TP HTML5TargetPlatform
[2017.02.27-17.36.02:275][  0]LogTemp:Display: Loaded TP IOSTargetPlatform
[2017.02.27-17.36.02:386][  0]LogTemp:Display: Loaded TP TVOSTargetPlatform
[2017.02.27-17.36.02:481][  0]LogTemp:Display: Loaded TP LinuxClientTargetPlatform
[2017.02.27-17.36.02:632][  0]LogTemp:Display: Loaded TP LinuxNoEditorTargetPlatform
[2017.02.27-17.36.02:713][  0]LogTemp:Display: Loaded TP LinuxServerTargetPlatform
[2017.02.27-17.36.02:820][  0]LogTemp:Display: Loaded TP LinuxTargetPlatform
[2017.02.27-17.36.02:820][  0]LogTargetPlatformManager:Display: Building Assets For Windows
[2017.02.27-17.36.06:692][  0]LogDerivedDataCache:Display: Max Cache Size: 512 MB
[2017.02.27-17.36.06:905][  0]LogDerivedDataCache: Loaded boot cache 0.21s 64MB C:/Users/Lewis/AppData/Local/UnrealEngine/4.14/DerivedDataCache/Boot.ddc.
[2017.02.27-17.36.06:905][  0]LogDerivedDataCache:Display: Loaded Boot cache: C:/Users/Lewis/AppData/Local/UnrealEngine/4.14/DerivedDataCache/Boot.ddc
[2017.02.27-17.36.06:905][  0]LogDerivedDataCache: FDerivedDataBackendGraph:  Pak pak cache file C:/Users/Lewis/Documents/GitHub/Endless-Runer/Endless_Runner/DerivedDataCache/DDC.ddp not found, will not use a pak cache.
[2017.02.27-17.36.06:905][  0]LogDerivedDataCache: Unable to find inner node Pak for hierarchical cache Hierarchy.
[2017.02.27-17.36.06:905][  0]LogDerivedDataCache: FDerivedDataBackendGraph:  CompressedPak pak cache file C:/Users/Lewis/Documents/GitHub/Endless-Runer/Endless_Runner/DerivedDataCache/Compressed.ddp not found, will not use a pak cache.
[2017.02.27-17.36.06:905][  0]LogDerivedDataCache: Unable to find inner node CompressedPak for hierarchical cache Hierarchy.
[2017.02.27-17.36.07:135][  0]LogDerivedDataCache:Display: Pak cache opened for reading ../../../Engine/DerivedDataCache/Compressed.ddp.
[2017.02.27-17.36.07:149][  0]LogDerivedDataCache: Using Local data cache path C:/Users/Lewis/AppData/Local/UnrealEngine/Common/DerivedDataCache: Writable
[2017.02.27-17.36.37:699][  0]LogInit: Selected Device Profile: [Windows]
[2017.02.27-17.36.37:757][  0]LogContentStreaming: Texture pool size is 0.00 MB
[2017.02.27-17.36.38:499][  0]LogMeshUtilities: Using QuadricMeshReduction for automatic static mesh reduction
[2017.02.27-17.36.38:725][  0]LogSimplygon: Simplygon DLL not present - disabling.
[2017.02.27-17.36.38:806][  0]LogMeshUtilities: Using SimplygonSwarm for distributed automatic mesh merging
[2017.02.27-17.36.38:806][  0]LogMeshUtilities: No automatic skeletal mesh reduction module available
[2017.02.27-17.36.38:806][  0]LogMeshUtilities: No automatic mesh merging module available
[2017.02.27-17.36.44:498][  0]LogNetVersion: GetLocalNetworkVersion: CL: 3195953, ProjectName: endless_runner, ProjectVersion: , EngineNetworkVersion: 2, GameNetworkVersion: 0, NetworkChecksum: 591384489
[2017.02.27-17.36.44:696][  0]LogAssetRegistry: FAssetRegistry took 0.0216 seconds to start up
[2017.02.27-17.36.44:835][  0]LogPackageLocalizationCache: Processed 3 localized package path(s) for 2 prioritized culture(s) in 0.103730 seconds
[2017.02.27-17.36.44:857][  0]LogUObjectArray: 31946 objects as part of root set at end of initial load.
[2017.02.27-17.36.44:857][  0]LogUObjectAllocator: 6935848 out of 0 bytes used by permanent object pool.
[2017.02.27-17.36.44:857][  0]LogUObjectArray: CloseDisregardForGC: 0/0 objects in disregard for GC pool
[2017.02.27-17.36.44:942][  0]LogInit: WinSock: version 1.1 (2.2), MaxSocks=32767, MaxUdp=65467
[2017.02.27-17.36.48:926][  0]LogSlate: Using Freetype 2.6.0
[2017.02.27-17.36.49:333][  0]LogSlate: SlateFontCache - WITH_FREETYPE: 1, WITH_HARFBUZZ: 1
[2017.02.27-17.36.49:333][  0]LogSlate: SlateFontCache - WITH_FREETYPE: 1, WITH_HARFBUZZ: 1
[2017.02.27-17.37.53:010][  0]LogTcpMessaging: Initializing TcpMessaging bridge
[2017.02.27-17.37.53:084][  0]LogUdpMessaging: Initializing bridge on interface 0.0.0.0:0 to multicast group 230.0.0.1:6666.
[2017.02.27-17.37.54:276][  0]LogMaterial: Uniform references updated for custom material expression Custom.
[2017.02.27-17.37.54:890][  0]SourceControl: Info Source control is disabled
[2017.02.27-17.37.54:892][  0]SourceControl: Info Source control is disabled
[2017.02.27-17.37.55:048][  0]SourceControl: Info Source control is disabled
[2017.02.27-17.37.55:170][  0]SourceControl: Info Source control is disabled
[2017.02.27-17.37.59:052][  0]LogEngine: Initializing Engine...
[2017.02.27-17.37.59:091][  0]LogHMD: Failed to initialize OpenVR with code 110
[2017.02.27-17.38.00:149][  0]LogAIModule: Creating AISystem for world Untitled
[2017.02.27-17.38.00:501][  0]LogInit: XAudio2 using 'Speakers (Sound Blaster Z)' : 6 channels at 48 kHz using 32 bits per sample (channel mask 0x3f)
[2017.02.27-17.38.00:546][  0]LogInit: FAudioDevice initialized.
[2017.02.27-17.38.00:573][  0]LogDerivedDataCache: Saved boot cache 0.03s 64MB C:/Users/Lewis/AppData/Local/UnrealEngine/4.14/DerivedDataCache/Boot.ddc.
[2017.02.27-17.38.00:579][  0]LogInit: Texture streaming: Enabled
[2017.02.27-17.38.01:009][  0]LogInit: Transaction tracking system initialized
[2017.02.27-17.38.01:470][  0]BlueprintLog: New page: Editor Load
[2017.02.27-17.38.03:264][  0]LocalizationService: Info Localization service is disabled
[2017.02.27-17.38.04:566][  0]LogConsoleResponse:Display: 
[2017.02.27-17.38.05:413][  0]LogCook:Display: Max memory allowance for cook 16384mb min free memory 0mb
[2017.02.27-17.38.05:413][  0]LogCook:Display: Mobile HDR setting 1
[2017.02.27-17.38.05:685][  0]LogFileCache: Scanning file cache for directory 'C:/Users/Lewis/Documents/GitHub/Endless-Runer/Endless_Runner/Content/' took 0.02s
[2017.02.27-17.38.07:693][  0]SourceControl: Info Source control is disabled
[2017.02.27-17.38.07:693][  0]Cmd: MAP LOAD FILE="C:/Users/Lewis/Documents/GitHub/Endless-Runer/Endless_Runner/Content/Endless_Runner_Main.umap" TEMPLATE=0 SHOWPROGRESS=1 FEATURELEVEL=3
[2017.02.27-17.38.07:694][  0]LightingResults: New page: Lighting Build
[2017.02.27-17.38.07:840][  0]MapCheck: New page: Map Check
[2017.02.27-17.38.07:840][  0]LightingResults: New page: Lighting Build
[2017.02.27-17.38.08:384][  0]LogAIModule: Creating AISystem for world Endless_Runner_Main
[2017.02.27-17.38.08:476][  0]LogEditorServer: Finished looking for orphan Actors (0.000 secs)
[2017.02.27-17.38.08:477][  0]Cmd: MAP CHECKDEP NOCLEARLOG
[2017.02.27-17.38.08:522][  0]MapCheck: Info Map check complete: 0 Error(s), 0 Warning(s), took 44.635ms to complete.
[2017.02.27-17.38.08:522][  0]LogFileHelpers: Loading map 'Endless_Runner_Main' took 0.829
[2017.02.27-17.38.09:003][  0]LogCollectionManager: Loaded 0 collections in 0.000993 seconds
[2017.02.27-17.38.09:075][  0]LogFileCache: Scanning file cache for directory 'C:/Users/Lewis/Documents/GitHub/Endless-Runer/Endless_Runner/Saved/Collections/' took 0.01s
[2017.02.27-17.38.09:075][  0]LogFileCache: Scanning file cache for directory 'C:/Users/Lewis/Documents/GitHub/Endless-Runer/Endless_Runner/Content/Developers/Lewis/Collections/' took 0.01s
[2017.02.27-17.38.09:075][  0]LogFileCache: Scanning file cache for directory 'C:/Users/Lewis/Documents/GitHub/Endless-Runer/Endless_Runner/Content/Collections/' took 0.01s
[2017.02.27-17.38.09:075][  0]LogCollectionManager: Rebuilt the GUID cache for 0 collections in 0.000003 seconds
[2017.02.27-17.38.09:082][  0]LogContentBrowser: Native class hierarchy populated in 0.0067 seconds. Added 2190 classes and 428 folders.
[2017.02.27-17.38.09:113][  0]LogStats: UGameplayTagsManager::ConstructGameplayTagTree: Construct from data asset -  0.000 s
[2017.02.27-17.38.09:113][  0]LogStats: UGameplayTagsManager::ConstructGameplayTagTree: GameplayTagTreeChangedEvent.Broadcast -  0.000 s
[2017.02.27-17.38.09:113][  0]LogContentBrowser: Native class hierarchy updated for 'GameplayTags' in 0.0006 seconds. Added 13 classes and 0 folders.
[2017.02.27-17.38.09:155][  0]LogContentBrowser: Native class hierarchy updated for 'WidgetCarousel' in 0.0005 seconds. Added 0 classes and 0 folders.
[2017.02.27-17.38.10:096][  0]LogContentBrowser: Native class hierarchy updated for 'AddContentDialog' in 0.0006 seconds. Added 0 classes and 0 folders.
[2017.02.27-17.38.10:200][  0]LogContentBrowser: Native class hierarchy updated for 'SceneOutliner' in 0.0006 seconds. Added 1 classes and 2 folders.
[2017.02.27-17.38.10:426][  0]LogCrashTracker: Crashtracker disabled due to settings.
[2017.02.27-17.38.10:447][  0]LogUObjectGlobals:Warning: Failed to find object 'Class None.'
[2017.02.27-17.38.10:578][  0]LogContentBrowser: Native class hierarchy updated for 'HierarchicalLODOutliner' in 0.0006 seconds. Added 1 classes and 2 folders.
[2017.02.27-17.38.10:579][  0]LogLoad: (Engine Initialization) Total time: 166.14 seconds
[2017.02.27-17.38.10:579][  0]LogLoad: (Engine Initialization) Total Blueprint compile time: 0.40 seconds
[2017.02.27-17.38.10:579][  0]LogExternalProfiler: Found external profiler: VSPerf
[2017.02.27-17.38.10:579][  0]LogExternalProfiler: Using external profiler: VSPerf
[2017.02.27-17.38.10:919][  0]LogOcInput: OculusInput pre-init called
[2017.02.27-17.38.11:059][  0]LogContentStreaming: Texture pool size now 1000 MB
[2017.02.27-17.38.11:385][  0]LogRenderer: Reallocating scene render targets to support 1208x576 NumSamples 1 (Frame:2).
[2017.02.27-17.38.11:470][  1]LogAssetRegistry: Asset discovery search completed in 86.7955 seconds
[2017.02.27-17.38.11:470][  1]LogCollectionManager: Rebuilt the object cache for 0 collections in 0.000001 seconds (found 0 objects)
[2017.02.27-17.38.11:470][  1]LogCollectionManager: Fixed up redirectors for 0 collections in 0.000014 seconds (updated 0 objects)
[2017.02.27-17.38.20:021][662]LogContentBrowser: Native class hierarchy updated for 'BlueprintGraph' in 0.0008 seconds. Added 111 classes and 0 folders.
[2017.02.27-17.38.53:717][353]Cmd: OBJ SAVEPACKAGE PACKAGE="/Game/ThirdPersonBP/Blueprints/BP_Floor" FILE="C:/Users/Lewis/Documents/GitHub/Endless-Runer/Endless_Runner/Content/ThirdPersonBP/Blueprints/BP_Floor.uasset" SILENT=true
[2017.02.27-17.38.53:815][353]LogSavePackage: Save=72.06ms
[2017.02.27-17.38.53:815][353]LogSavePackage: Moving 'C:/Users/Lewis/Documents/GitHub/Endless-Runer/Endless_Runner/Saved/BP_Floor96215D5241791812086126818F6C6174.tmp' to 'C:/Users/Lewis/Documents/GitHub/Endless-Runer/Endless_Runner/Content/ThirdPersonBP/Blueprints/BP_Floor.uasset'
[2017.02.27-17.38.53:820][353]LogSavePackage:Display: Finished SavePackage C:/Users/Lewis/Documents/GitHub/Endless-Runer/Endless_Runner/Content/ThirdPersonBP/Blueprints/BP_Floor.uasset
[2017.02.27-17.38.54:508][435]BlueprintLog: New page: Compile BP_Floor
[2017.02.27-17.39.08:714][998]BlueprintLog: New page: Compile BP_Floor_Down
[2017.02.27-17.39.09:700][ 96]LogSavePackage: Save=18.42ms
[2017.02.27-17.39.09:700][ 96]LogSavePackage: Moving 'C:/Users/Lewis/Documents/GitHub/Endless-Runer/Endless_Runner/Saved/BP_Floor_Down24A23E5244CAE8236A2028B8B11A407E.tmp' to 'C:/Users/Lewis/Documents/GitHub/Endless-Runer/Endless_Runner/Content/ThirdPersonBP/Blueprints/BP_Floor_Down.uasset'
[2017.02.27-17.39.09:704][ 96]LogSavePackage:Display: Finished SavePackage C:/Users/Lewis/Documents/GitHub/Endless-Runer/Endless_Runner/Content/ThirdPersonBP/Blueprints/BP_Floor_Down.uasset
[2017.02.27-17.39.20:861][341]BlueprintLog: New page: Compile BP_Floor_Up
[2017.02.27-17.39.21:433][390]LogSavePackage: Save=18.35ms
[2017.02.27-17.39.21:433][390]LogSavePackage: Moving 'C:/Users/Lewis/Documents/GitHub/Endless-Runer/Endless_Runner/Saved/BP_Floor_Up65CF1806485248C5D645A1BB181F3FB5.tmp' to 'C:/Users/Lewis/Documents/GitHub/Endless-Runer/Endless_Runner/Content/ThirdPersonBP/Blueprints/BP_Floor_Up.uasset'
[2017.02.27-17.39.21:438][390]LogSavePackage:Display: Finished SavePackage C:/Users/Lewis/Documents/GitHub/Endless-Runer/Endless_Runner/Content/ThirdPersonBP/Blueprints/BP_Floor_Up.uasset
[2017.02.27-17.39.31:512][522]LogActorComponent: RegisterComponentWithWorld: (/Engine/Transient.World_4:PersistentLevel.DESTROYED_BP_Obstacles_C_CHILDACTOR_78.DefaultSceneRoot) Trying to register component with IsPendingKill() == true. Aborting.
[2017.02.27-17.39.33:013][700]BlueprintLog: New page: Compile BP_Obstacles
[2017.02.27-17.39.34:161][820]LogSavePackage: Save=17.80ms
[2017.02.27-17.39.34:161][820]LogSavePackage: Moving 'C:/Users/Lewis/Documents/GitHub/Endless-Runer/Endless_Runner/Saved/BP_ObstaclesD6EAF12D4CE5DE1737B02AB0992B2CEA.tmp' to 'C:/Users/Lewis/Documents/GitHub/Endless-Runer/Endless_Runner/Content/ThirdPersonBP/Blueprints/BP_Obstacles.uasset'
[2017.02.27-17.39.34:165][820]LogSavePackage:Display: Finished SavePackage C:/Users/Lewis/Documents/GitHub/Endless-Runer/Endless_Runner/Content/ThirdPersonBP/Blueprints/BP_Obstacles.uasset
[2017.02.27-17.39.44:554][ 21]LogTemp: Repeting last play command: Selected Viewport
[2017.02.27-17.39.44:567][ 21]LogPlayLevel: PlayLevel: No blueprints needed recompiling
[2017.02.27-17.39.44:586][ 21]PIE: New page: PIE session: Endless_Runner_Main (27 Feb 2017 17:39:44)
[2017.02.27-17.39.44:598][ 21]LogPlayLevel: Creating play world package: /Game/UEDPIE_0_Endless_Runner_Main
[2017.02.27-17.39.44:612][ 21]LogPlayLevel: PIE: StaticDuplicateObject took: (0.014242s)
[2017.02.27-17.39.44:612][ 21]LogAIModule: Creating AISystem for world Endless_Runner_Main
[2017.02.27-17.39.44:612][ 21]LogPlayLevel: PIE: World Init took: (0.000429s)
[2017.02.27-17.39.44:613][ 21]LogPlayLevel: PIE: Created PIE world by copying editor world from /Game/Endless_Runner_Main.Endless_Runner_Main to /Game/UEDPIE_0_Endless_Runner_Main.Endless_Runner_Main (0.014874s)
[2017.02.27-17.39.44:646][ 21]LogInit: XAudio2 using 'Speakers (Sound Blaster Z)' : 6 channels at 48 kHz using 32 bits per sample (channel mask 0x3f)
[2017.02.27-17.39.44:659][ 21]LogInit: FAudioDevice initialized.
[2017.02.27-17.39.44:788][ 21]LogLoad: Game class is 'ThirdPersonGameMode_C'
[2017.02.27-17.39.44:807][ 21]LogWorld: Bringing World /Game/UEDPIE_0_Endless_Runner_Main.Endless_Runner_Main up for play (max tick rate 0) at 2017.02.27-17.39.44
[2017.02.27-17.39.44:815][ 21]LogWorld: Bringing up level for play took: 0.007679
[2017.02.27-17.39.44:865][ 21]LogContentBrowser: Native class hierarchy updated for 'MovieSceneCapture' in 0.0006 seconds. Added 11 classes and 0 folders.
[2017.02.27-17.39.44:912][ 21]PIE: Info Play in editor start time for /Game/UEDPIE_0_Endless_Runner_Main -0.286
[2017.02.27-17.39.45:037][ 22]LogCharacterMovement:Warning: GetSimulationTimeStep() - Max iterations 8 hit while remaining time 0.064872 > MaxSimulationTimeStep (0.050) for 'ThirdPersonCharacter_C_0', movement 'Walking'
[2017.02.27-17.40.37:282][279]Cmd: RestartLevel
[2017.02.27-17.40.37:294][280]LogNet: Browse: /Game/Endless_Runner_Main?restart
[2017.02.27-17.40.37:296][280]LogLoad: LoadMap: /Game/Endless_Runner_Main
[2017.02.27-17.40.37:319][280]Cmd: MEM
[2017.02.27-17.40.37:329][280]LogMemory: Platform Memory Stats for Windows
[2017.02.27-17.40.37:329][280]LogMemory: Process Physical Memory: 1290.66 MB used, 1299.52 MB peak
[2017.02.27-17.40.37:329][280]LogMemory: Process Virtual Memory: 2446.23 MB used, 2488.11 MB peak
[2017.02.27-17.40.37:329][280]LogMemory: Physical Memory: 8125.02 MB used,  8218.68 MB free, 16343.70 MB total
[2017.02.27-17.40.37:329][280]LogMemory: Virtual Memory: 3275.81 MB used,  8218.68 MB free, 134217728.00 MB total
[2017.02.27-17.40.37:329][280]LogMemory: 
[2017.02.27-17.40.37:329][280]Allocator Stats for TBB: (not implemented)
[2017.02.27-17.40.37:329][280]LogPlayLevel: Creating play world package: /Game/UEDPIE_0_Endless_Runner_Main
[2017.02.27-17.40.37:330][280]LogPlayLevel: PIE: StaticDuplicateObject took: (0.001120s)
[2017.02.27-17.40.37:331][280]LogAIModule: Creating AISystem for world Endless_Runner_Main
[2017.02.27-17.40.37:331][280]LogPlayLevel: PIE: World Init took: (0.000395s)
[2017.02.27-17.40.37:331][280]LogPlayLevel: PIE: Created PIE world by copying editor world from /Game/Endless_Runner_Main.Endless_Runner_Main to /Game/UEDPIE_0_Endless_Runner_Main.Endless_Runner_Main (0.001679s)
[2017.02.27-17.40.37:331][280]LogLoad: Game class is 'ThirdPersonGameMode_C'
[2017.02.27-17.40.37:332][280]LogWorld: Bringing World /Game/UEDPIE_0_Endless_Runner_Main.Endless_Runner_Main up for play (max tick rate 0) at 2017.02.27-17.40.37
[2017.02.27-17.40.37:332][280]LogWorld: Bringing up level for play took: 0.000770
[2017.02.27-17.40.37:364][280]LogLoad: Took 0.067041 seconds to LoadMap(/Game/UEDPIE_0_Endless_Runner_Main)
[2017.02.27-17.40.44:683][147]Cmd: OBJ SAVEPACKAGE PACKAGE="/Game/Endless_Runner_Main" FILE="C:/Users/Lewis/Documents/GitHub/Endless-Runer/Endless_Runner/Content/Endless_Runner_Main.umap" SILENT=true AUTOSAVING=false KEEPDIRTY=false
[2017.02.27-17.40.44:727][147]LogSavePackage: Save=15.02ms
[2017.02.27-17.40.44:727][147]LogSavePackage: Moving 'C:/Users/Lewis/Documents/GitHub/Endless-Runer/Endless_Runner/Saved/Endless_Runner_MainAC0F4A0B45D86F25B73A318FC35DB92D.tmp' to 'C:/Users/Lewis/Documents/GitHub/Endless-Runer/Endless_Runner/Content/Endless_Runner_Main.umap'
[2017.02.27-17.40.44:729][147]LogSavePackage:Display: Finished SavePackage C:/Users/Lewis/Documents/GitHub/Endless-Runer/Endless_Runner/Content/Endless_Runner_Main.umap
[2017.02.27-17.40.44:747][147]Cmd: OBJ SAVEPACKAGE PACKAGE="/Game/Endless_Runner_Main_BuiltData" FILE="C:/Users/Lewis/Documents/GitHub/Endless-Runer/Endless_Runner/Content/Endless_Runner_Main_BuiltData.uasset" SILENT=true
[2017.02.27-17.40.44:773][147]LogSavePackage: Save=5.60ms
[2017.02.27-17.40.44:773][147]LogSavePackage: Moving 'C:/Users/Lewis/Documents/GitHub/Endless-Runer/Endless_Runner/Saved/Endless_Runner_Main_BuiltDataE877C7974467A424DE8BA093233221CB.tmp' to 'C:/Users/Lewis/Documents/GitHub/Endless-Runer/Endless_Runner/Content/Endless_Runner_Main_BuiltData.uasset'
[2017.02.27-17.40.44:775][147]LogSavePackage:Display: Finished SavePackage C:/Users/Lewis/Documents/GitHub/Endless-Runer/Endless_Runner/Content/Endless_Runner_Main_BuiltData.uasset
[2017.02.27-17.43.31:520][342]LogSavePackage: Save=46.92ms
[2017.02.27-17.43.31:520][342]LogSavePackage: Moving 'C:/Users/Lewis/Documents/GitHub/Endless-Runer/Endless_Runner/Saved/ThirdPersonCharacter4861F67A49AB90E18ADE6CA5FB873809.tmp' to 'C:/Users/Lewis/Documents/GitHub/Endless-Runer/Endless_Runner/Content/ThirdPersonBP/Blueprints/ThirdPersonCharacter.uasset'
[2017.02.27-17.43.31:525][342]LogSavePackage:Display: Finished SavePackage C:/Users/Lewis/Documents/GitHub/Endless-Runer/Endless_Runner/Content/ThirdPersonBP/Blueprints/ThirdPersonCharacter.uasset
[2017.02.27-17.44.55:327][151]BlueprintLog: New page: Compile BP_Floor
[2017.02.27-17.44.58:574][478]Cmd: OBJ SAVEPACKAGE PACKAGE="/Game/ThirdPersonBP/Blueprints/BP_Floor" FILE="C:/Users/Lewis/Documents/GitHub/Endless-Runer/Endless_Runner/Content/ThirdPersonBP/Blueprints/BP_Floor.uasset" SILENT=true
[2017.02.27-17.44.58:633][478]LogSavePackage: Save=39.32ms
[2017.02.27-17.44.58:633][478]LogSavePackage: Moving 'C:/Users/Lewis/Documents/GitHub/Endless-Runer/Endless_Runner/Saved/BP_Floor1974CBF94FDEAD18F52FC6947370EF2D.tmp' to 'C:/Users/Lewis/Documents/GitHub/Endless-Runer/Endless_Runner/Content/ThirdPersonBP/Blueprints/BP_Floor.uasset'
[2017.02.27-17.44.58:638][478]LogSavePackage:Display: Finished SavePackage C:/Users/Lewis/Documents/GitHub/Endless-Runer/Endless_Runner/Content/ThirdPersonBP/Blueprints/BP_Floor.uasset
[2017.02.27-17.48.57:404][ 33]BlueprintLog: New page: Compile BP_Floor
[2017.02.27-17.48.58:223][ 71]Cmd: OBJ SAVEPACKAGE PACKAGE="/Game/ThirdPersonBP/Blueprints/BP_Floor" FILE="C:/Users/Lewis/Documents/GitHub/Endless-Runer/Endless_Runner/Content/ThirdPersonBP/Blueprints/BP_Floor.uasset" SILENT=true
[2017.02.27-17.48.58:284][ 71]LogSavePackage: Save=43.75ms
[2017.02.27-17.48.58:284][ 71]LogSavePackage: Moving 'C:/Users/Lewis/Documents/GitHub/Endless-Runer/Endless_Runner/Saved/BP_Floor0DF46C1D4B73D617BDD245BB924DAF84.tmp' to 'C:/Users/Lewis/Documents/GitHub/Endless-Runer/Endless_Runner/Content/ThirdPersonBP/Blueprints/BP_Floor.uasset'
[2017.02.27-17.48.58:289][ 71]LogSavePackage:Display: Finished SavePackage C:/Users/Lewis/Documents/GitHub/Endless-Runer/Endless_Runner/Content/ThirdPersonBP/Blueprints/BP_Floor.uasset
[2017.02.27-17.49.25:632][331]Cmd: OBJ SAVEPACKAGE PACKAGE="/Game/ThirdPersonBP/Blueprints/BP_Floor" FILE="C:/Users/Lewis/Documents/GitHub/Endless-Runer/Endless_Runner/Content/ThirdPersonBP/Blueprints/BP_Floor.uasset" SILENT=true
[2017.02.27-17.49.25:687][331]LogSavePackage: Save=38.71ms
[2017.02.27-17.49.25:687][331]LogSavePackage: Moving 'C:/Users/Lewis/Documents/GitHub/Endless-Runer/Endless_Runner/Saved/BP_Floor6DB0D9894D70929260C4128477A30673.tmp' to 'C:/Users/Lewis/Documents/GitHub/Endless-Runer/Endless_Runner/Content/ThirdPersonBP/Blueprints/BP_Floor.uasset'
[2017.02.27-17.49.25:692][331]LogSavePackage:Display: Finished SavePackage C:/Users/Lewis/Documents/GitHub/Endless-Runer/Endless_Runner/Content/ThirdPersonBP/Blueprints/BP_Floor.uasset
[2017.02.27-17.49.56:438][877]LogActorComponent: RegisterComponentWithWorld: (/Engine/Transient.World_3:PersistentLevel.DESTROYED_BP_Obstacles_C_CHILDACTOR_108.DefaultSceneRoot) Trying to register component with IsPendingKill() == true. Aborting.
[2017.02.27-17.50.08:199][277]LogSavePackage: Save=16.95ms
[2017.02.27-17.50.08:199][277]LogSavePackage: Moving 'C:/Users/Lewis/Documents/GitHub/Endless-Runer/Endless_Runner/Saved/BP_ObstaclesF62DB0B64698359A6898BDA3E5E40739.tmp' to 'C:/Users/Lewis/Documents/GitHub/Endless-Runer/Endless_Runner/Content/ThirdPersonBP/Blueprints/BP_Obstacles.uasset'
[2017.02.27-17.50.08:204][277]LogSavePackage:Display: Finished SavePackage C:/Users/Lewis/Documents/GitHub/Endless-Runer/Endless_Runner/Content/ThirdPersonBP/Blueprints/BP_Obstacles.uasset
[2017.02.27-17.50.08:540][317]BlueprintLog: New page: Compile BP_Obstacles
[2017.02.27-17.50.19:807][622]LogActorComponent: RegisterComponentWithWorld: (/Engine/Transient.World_3:PersistentLevel.DESTROYED_BP_Pickup_C_CHILDACTOR_449.DefaultSceneRoot) Trying to register component with IsPendingKill() == true. Aborting.
[2017.02.27-17.50.19:809][622]LogActorComponent: RegisterComponentWithWorld: (/Engine/Transient.World_8:PersistentLevel.DESTROYED_BP_Pickup_C_CHILDACTOR_459.DefaultSceneRoot) Trying to register component with IsPendingKill() == true. Aborting.
[2017.02.27-17.50.19:811][622]LogActorComponent: RegisterComponentWithWorld: (/Engine/Transient.World_4:PersistentLevel.DESTROYED_BP_Pickup_C_CHILDACTOR_463.DefaultSceneRoot) Trying to register component with IsPendingKill() == true. Aborting.
[2017.02.27-17.50.19:811][622]LogActorComponent: RegisterComponentWithWorld: (/Engine/Transient.World_4:PersistentLevel.DESTROYED_BP_Pickup_C_CHILDACTOR_462.DefaultSceneRoot) Trying to register component with IsPendingKill() == true. Aborting.
[2017.02.27-17.50.19:811][622]LogActorComponent: RegisterComponentWithWorld: (/Engine/Transient.World_4:PersistentLevel.DESTROYED_BP_Pickup_C_CHILDACTOR_465.DefaultSceneRoot) Trying to register component with IsPendingKill() == true. Aborting.
[2017.02.27-17.50.19:811][622]LogActorComponent: RegisterComponentWithWorld: (/Engine/Transient.World_8:PersistentLevel.DESTROYED_BP_Pickup_C_CHILDACTOR_460.DefaultSceneRoot) Trying to register component with IsPendingKill() == true. Aborting.
[2017.02.27-17.50.19:811][622]LogActorComponent: RegisterComponentWithWorld: (/Engine/Transient.World_8:PersistentLevel.DESTROYED_BP_Pickup_C_CHILDACTOR_461.DefaultSceneRoot) Trying to register component with IsPendingKill() == true. Aborting.
[2017.02.27-17.50.19:811][622]LogActorComponent: RegisterComponentWithWorld: (/Engine/Transient.World_3:PersistentLevel.DESTROYED_BP_Pickup_C_CHILDACTOR_450.DefaultSceneRoot) Trying to register component with IsPendingKill() == true. Aborting.
[2017.02.27-17.50.19:811][622]LogActorComponent: RegisterComponentWithWorld: (/Engine/Transient.World_3:PersistentLevel.DESTROYED_BP_Pickup_C_CHILDACTOR_451.DefaultSceneRoot) Trying to register component with IsPendingKill() == true. Aborting.
[2017.02.27-17.50.19:811][622]LogActorComponent: RegisterComponentWithWorld: (/Engine/Transient.World_8:PersistentLevel.DESTROYED_BP_Pickup_C_CHILDACTOR_457.DefaultSceneRoot) Trying to register component with IsPendingKill() == true. Aborting.
[2017.02.27-17.50.19:812][622]LogActorComponent: RegisterComponentWithWorld: (/Engine/Transient.World_4:PersistentLevel.DESTROYED_BP_Pickup_C_CHILDACTOR_466.DefaultSceneRoot) Trying to register component with IsPendingKill() == true. Aborting.
[2017.02.27-17.50.19:812][622]LogActorComponent: RegisterComponentWithWorld: (/Engine/Transient.World_8:PersistentLevel.DESTROYED_BP_Pickup_C_CHILDACTOR_458.DefaultSceneRoot) Trying to register component with IsPendingKill() == true. Aborting.
[2017.02.27-17.50.19:812][622]LogActorComponent: RegisterComponentWithWorld: (/Engine/Transient.World_4:PersistentLevel.DESTROYED_BP_Pickup_C_CHILDACTOR_464.DefaultSceneRoot) Trying to register component with IsPendingKill() == true. Aborting.
[2017.02.27-17.50.19:812][622]LogActorComponent: RegisterComponentWithWorld: (/Engine/Transient.World_3:PersistentLevel.DESTROYED_BP_Pickup_C_CHILDACTOR_448.DefaultSceneRoot) Trying to register component with IsPendingKill() == true. Aborting.
[2017.02.27-17.50.19:812][622]LogActorComponent: RegisterComponentWithWorld: (/Engine/Transient.World_3:PersistentLevel.DESTROYED_BP_Pickup_C_CHILDACTOR_447.DefaultSceneRoot) Trying to register component with IsPendingKill() == true. Aborting.
[2017.02.27-17.50.47:136][894]Cmd: OBJ SAVEPACKAGE PACKAGE="/Game/ThirdPersonBP/Blueprints/BP_Pickup" FILE="C:/Users/Lewis/Documents/GitHub/Endless-Runer/Endless_Runner/Content/ThirdPersonBP/Blueprints/BP_Pickup.uasset" SILENT=true
[2017.02.27-17.50.47:176][894]LogSavePackage: Save=19.96ms
[2017.02.27-17.50.47:176][894]LogSavePackage: Moving 'C:/Users/Lewis/Documents/GitHub/Endless-Runer/Endless_Runner/Saved/BP_PickupD3323CFD4DBE4A56F5B585A49C4ABDB8.tmp' to 'C:/Users/Lewis/Documents/GitHub/Endless-Runer/Endless_Runner/Content/ThirdPersonBP/Blueprints/BP_Pickup.uasset'
[2017.02.27-17.50.47:181][894]LogSavePackage:Display: Finished SavePackage C:/Users/Lewis/Documents/GitHub/Endless-Runer/Endless_Runner/Content/ThirdPersonBP/Blueprints/BP_Pickup.uasset
[2017.02.27-17.50.48:501][ 49]BlueprintLog: New page: Compile BP_Pickup
[2017.02.27-17.51.36:439][764]LogFileHelpers: Editor autosave (incl. sublevels) for '/Game/Endless_Runner_Main' took 0.012
[2017.02.27-17.51.36:441][764]OBJ SavePackage: Generating thumbnails for [1] asset(s) in package [/Game/ThirdPersonBP/Blueprints/LeftCorner] ([1] browsable assets)...
[2017.02.27-17.51.36:464][764]OBJ SavePackage:     Rendered thumbnail for [Blueprint /Game/ThirdPersonBP/Blueprints/LeftCorner.LeftCorner]
[2017.02.27-17.51.36:464][764]OBJ SavePackage: Finished generating thumbnails for package [/Game/ThirdPersonBP/Blueprints/LeftCorner]
[2017.02.27-17.51.36:511][764]LogSavePackage: Save=20.61ms
[2017.02.27-17.51.36:511][764]LogSavePackage: Moving 'C:/Users/Lewis/Documents/GitHub/Endless-Runer/Endless_Runner/Saved/LeftCorner_Auto109F187AC46B00F50454B67A7161B5A39.tmp' to 'C:/Users/Lewis/Documents/GitHub/Endless-Runer/Endless_Runner/Saved/Autosaves/Game/ThirdPersonBP/Blueprints/LeftCorner_Auto1.uasset'
[2017.02.27-17.51.36:513][764]LogSavePackage:Display: Finished SavePackage C:/Users/Lewis/Documents/GitHub/Endless-Runer/Endless_Runner/Saved/Autosaves/Game/ThirdPersonBP/Blueprints/LeftCorner_Auto1.uasset
[2017.02.27-17.51.36:514][764]OBJ SavePackage: Generating thumbnails for [1] asset(s) in package [/Game/ThirdPersonBP/Blueprints/RightCorner] ([1] browsable assets)...
[2017.02.27-17.51.36:536][764]OBJ SavePackage:     Rendered thumbnail for [Blueprint /Game/ThirdPersonBP/Blueprints/RightCorner.RightCorner]
[2017.02.27-17.51.36:536][764]OBJ SavePackage: Finished generating thumbnails for package [/Game/ThirdPersonBP/Blueprints/RightCorner]
[2017.02.27-17.51.36:577][764]LogSavePackage: Save=20.37ms
[2017.02.27-17.51.36:577][764]LogSavePackage: Moving 'C:/Users/Lewis/Documents/GitHub/Endless-Runer/Endless_Runner/Saved/RightCorner_Auto18775000F4ADFC62FAB8DC2A5148B410D.tmp' to 'C:/Users/Lewis/Documents/GitHub/Endless-Runer/Endless_Runner/Saved/Autosaves/Game/ThirdPersonBP/Blueprints/RightCorner_Auto1.uasset'
[2017.02.27-17.51.36:579][764]LogSavePackage:Display: Finished SavePackage C:/Users/Lewis/Documents/GitHub/Endless-Runer/Endless_Runner/Saved/Autosaves/Game/ThirdPersonBP/Blueprints/RightCorner_Auto1.uasset
[2017.02.27-17.51.36:579][764]LogFileHelpers: Auto-saving content packages took 0.140
[2017.02.27-18.24.23:717][962]Cmd: OBJ SAVEPACKAGE PACKAGE="/Game/ThirdPersonBP/Blueprints/BP_Pickup" FILE="C:/Users/Lewis/Documents/GitHub/Endless-Runer/Endless_Runner/Content/ThirdPersonBP/Blueprints/BP_Pickup.uasset" SILENT=true
[2017.02.27-18.24.23:763][962]LogSavePackage: Save=19.74ms
[2017.02.27-18.24.23:763][962]LogSavePackage: Moving 'C:/Users/Lewis/Documents/GitHub/Endless-Runer/Endless_Runner/Saved/BP_Pickup06EFC83D4A234D087AA5398B66E9F8A3.tmp' to 'C:/Users/Lewis/Documents/GitHub/Endless-Runer/Endless_Runner/Content/ThirdPersonBP/Blueprints/BP_Pickup.uasset'
[2017.02.27-18.24.23:765][962]LogSavePackage:Display: Finished SavePackage C:/Users/Lewis/Documents/GitHub/Endless-Runer/Endless_Runner/Content/ThirdPersonBP/Blueprints/BP_Pickup.uasset
[2017.02.27-18.24.26:670][299]Cmd: OBJ SAVEPACKAGE PACKAGE="/Game/ThirdPersonBP/Blueprints/LeftCorner" FILE="C:/Users/Lewis/Documents/GitHub/Endless-Runer/Endless_Runner/Content/ThirdPersonBP/Blueprints/LeftCorner.uasset" SILENT=true
[2017.02.27-18.24.26:703][299]LogSavePackage: Save=12.65ms
[2017.02.27-18.24.26:703][299]LogSavePackage: Moving 'C:/Users/Lewis/Documents/GitHub/Endless-Runer/Endless_Runner/Saved/LeftCorner116BE9C74871882F3A3242BFD4D136F8.tmp' to 'C:/Users/Lewis/Documents/GitHub/Endless-Runer/Endless_Runner/Content/ThirdPersonBP/Blueprints/LeftCorner.uasset'
[2017.02.27-18.24.26:708][299]LogSavePackage:Display: Finished SavePackage C:/Users/Lewis/Documents/GitHub/Endless-Runer/Endless_Runner/Content/ThirdPersonBP/Blueprints/LeftCorner.uasset
[2017.02.27-18.24.26:744][299]LogSavePackage: Save=12.30ms
[2017.02.27-18.24.26:744][299]LogSavePackage: Moving 'C:/Users/Lewis/Documents/GitHub/Endless-Runer/Endless_Runner/Saved/RightCorner046E76DE40D574E170D447A4768D0FB6.tmp' to 'C:/Users/Lewis/Documents/GitHub/Endless-Runer/Endless_Runner/Content/ThirdPersonBP/Blueprints/RightCorner.uasset'
[2017.02.27-18.24.26:748][299]LogSavePackage:Display: Finished SavePackage C:/Users/Lewis/Documents/GitHub/Endless-Runer/Endless_Runner/Content/ThirdPersonBP/Blueprints/RightCorner.uasset
[2017.02.27-18.24.28:008][442]LogWindowsTextInputMethodSystem:Display: IME system now deactivated.
[2017.02.27-18.24.28:186][443]Cmd: QUIT_EDITOR
[2017.02.27-18.24.28:619][443]LogExit: Preparing to exit.
[2017.02.27-18.24.29:228][443]LogExit: Editor shut down
[2017.02.27-18.24.29:228][443]LogExit: Transaction tracking system shut down
[2017.02.27-18.24.29:373][443]LogObj: Freed 0b from 0 cluster array pools.
[2017.02.27-18.24.29:373][443]LogExit: Object subsystem successfully closed.
[2017.02.27-18.24.29:394][443]LogD3D11RHI: Shutdown
[2017.02.27-18.24.29:394][443]LogD3D11RHI: CleanupD3DDevice
[2017.02.27-18.24.29:454][443]LogD3D11RHI: ~FD3D11DynamicRHI
[2017.02.27-18.24.29:460][443]LogHttp:Display: Http module shutting down, but needs to wait on 1 outstanding Http requests:
[2017.02.27-18.24.29:460][443]LogHttp:Display: 	verb=[POST] url=[https://datarouter.ol.epicgames.com/datarouter/api/v1/public/data?SessionID=%7B85EA3863-485A-B89F-85FD-648539A287DD%7D&AppID=UEEditor.Rocket.Release&AppVersion=4.14.3-3249277%2B%2B%2BUE4%2BRelease-4.14&UserID=a295b5964902193a0093e3b3c848070a%7C80d4b8373658456a97f3fc04d1e746a1%7C9f4a06e9-f23c-47de-b7f3-52daf98c594b&AppEnvironment=datacollector-binary&UploadType=eteventstream] status=Processing
[2017.02.27-18.24.29:489][443]LogModuleManager: Shutting down and abandoning module MovieSceneCapture (245)
[2017.02.27-18.24.29:489][443]LogModuleManager: Shutting down and abandoning module HierarchicalLODUtilities (244)
[2017.02.27-18.24.29:489][443]LogModuleManager: Shutting down and abandoning module BlueprintGraph (243)
[2017.02.27-18.24.29:489][443]LogModuleManager: Shutting down and abandoning module BlueprintProfiler (242)
[2017.02.27-18.24.29:489][443]LogModuleManager: Shutting down and abandoning module HierarchicalLODOutliner (241)
[2017.02.27-18.24.29:489][443]LogModuleManager: Shutting down and abandoning module CrashTracker (240)
[2017.02.27-18.24.29:489][443]LogModuleManager: Shutting down and abandoning module SceneOutliner (239)
[2017.02.27-18.24.29:489][443]LogModuleManager: Shutting down and abandoning module WidgetCarousel (238)
[2017.02.27-18.24.29:489][443]LogModuleManager: Shutting down and abandoning module AddContentDialog (237)
[2017.02.27-18.24.29:489][443]LogDirectoryWatcher: A directory notification for 'D:/Program Files/Epic Games/UE_4.14/FeaturePacks/' was aborted.
[2017.02.27-18.24.29:490][443]LogModuleManager: Shutting down and abandoning module GameplayTags (236)
[2017.02.27-18.24.29:490][443]LogModuleManager: Shutting down and abandoning module EditorWidgets (235)
[2017.02.27-18.24.29:490][443]LogModuleManager: Shutting down and abandoning module CollectionManager (234)
[2017.02.27-18.24.29:490][443]LogDirectoryWatcher: A directory notification for 'C:/Users/Lewis/Documents/GitHub/Endless-Runer/Endless_Runner/Content/Collections/' was aborted.
[2017.02.27-18.24.29:490][443]LogDirectoryWatcher: A directory notification for 'C:/Users/Lewis/Documents/GitHub/Endless-Runer/Endless_Runner/Content/Developers/Lewis/Collections/' was aborted.
[2017.02.27-18.24.29:490][443]LogDirectoryWatcher: A directory notification for 'C:/Users/Lewis/Documents/GitHub/Endless-Runer/Endless_Runner/Saved/Collections/' was aborted.
[2017.02.27-18.24.29:490][443]LogModuleManager: Shutting down and abandoning module StatsViewer (233)
[2017.02.27-18.24.29:490][443]LogModuleManager: Shutting down and abandoning module FoliageEdit (232)
[2017.02.27-18.24.29:490][443]LogModuleManager: Shutting down and abandoning module LandscapeEditor (231)
[2017.02.27-18.24.29:490][443]LogModuleManager: Shutting down and abandoning module SceneDepthPickerMode (230)
[2017.02.27-18.24.29:490][443]LogModuleManager: Shutting down and abandoning module ActorPickerMode (229)
[2017.02.27-18.24.29:490][443]LogModuleManager: Shutting down and abandoning module GeometryMode (228)
[2017.02.27-18.24.29:490][443]LogModuleManager: Shutting down and abandoning module TextureAlignMode (227)
[2017.02.27-18.24.29:490][443]LogModuleManager: Shutting down and abandoning module BspMode (226)
[2017.02.27-18.24.29:490][443]LogModuleManager: Shutting down and abandoning module HardwareSurvey (225)
[2017.02.27-18.24.29:490][443]LogModuleManager: Shutting down and abandoning module SequenceRecorderSections (224)
[2017.02.27-18.24.29:490][443]LogModuleManager: Shutting down and abandoning module AutomationWorker (223)
[2017.02.27-18.24.29:490][443]LogModuleManager: Shutting down and abandoning module MatineeToLevelSequence (222)
[2017.02.27-18.24.29:490][443]LogModuleManager: Shutting down and abandoning module PlacementMode (221)
[2017.02.27-18.24.29:490][443]LogModuleManager: Shutting down and abandoning module LevelSequenceEditor (220)
[2017.02.27-18.24.29:490][443]LogModuleManager: Shutting down and abandoning module WmfMediaFactory (219)
[2017.02.27-18.24.29:490][443]LogModuleManager: Shutting down and abandoning module WmfMediaEditor (218)
[2017.02.27-18.24.29:491][443]LogModuleManager: Shutting down and abandoning module AvfMediaFactory (217)
[2017.02.27-18.24.29:491][443]LogModuleManager: Shutting down and abandoning module AvfMediaEditor (216)
[2017.02.27-18.24.29:491][443]LogModuleManager: Shutting down and abandoning module Media (215)
[2017.02.27-18.24.29:491][443]LogModuleManager: Shutting down and abandoning module AndroidMediaFactory (214)
[2017.02.27-18.24.29:491][443]LogModuleManager: Shutting down and abandoning module AndroidMediaEditor (213)
[2017.02.27-18.24.29:491][443]LogModuleManager: Shutting down and abandoning module CharacterAI (212)
[2017.02.27-18.24.29:491][443]LogModuleManager: Shutting down and abandoning module SequenceRecorder (211)
[2017.02.27-18.24.29:491][443]LogModuleManager: Shutting down and abandoning module AudioCapture (210)
[2017.02.27-18.24.29:491][443]LogModuleManager: Shutting down and abandoning module SmartSnapping (209)
[2017.02.27-18.24.29:491][443]LogModuleManager: Shutting down and abandoning module SessionServices (208)
[2017.02.27-18.24.29:491][443]LogModuleManager: Shutting down and abandoning module ViewportSnapping (207)
[2017.02.27-18.24.29:491][443]LogModuleManager: Shutting down and abandoning module ViewportInteraction (206)
[2017.02.27-18.24.29:491][443]LogModuleManager: Shutting down and abandoning module LogVisualizer (205)
[2017.02.27-18.24.29:491][443]LogModuleManager: Shutting down and abandoning module GameProjectGeneration (204)
[2017.02.27-18.24.29:491][443]LogModuleManager: Shutting down and abandoning module IntroTutorials (203)
[2017.02.27-18.24.29:491][443]LogModuleManager: Shutting down and abandoning module EditorLiveStreaming (202)
[2017.02.27-18.24.29:491][443]LogModuleManager: Shutting down and abandoning module IOSPlatformEditor (201)
[2017.02.27-18.24.29:491][443]LogModuleManager: Shutting down and abandoning module HTML5PlatformEditor (200)
[2017.02.27-18.24.29:491][443]LogModuleManager: Shutting down and abandoning module AndroidDeviceDetection (199)
[2017.02.27-18.24.29:966][443]LogModuleManager: Shutting down and abandoning module AndroidPlatformEditor (198)
[2017.02.27-18.24.29:966][443]LogModuleManager: Shutting down and abandoning module IOSRuntimeSettings (197)
[2017.02.27-18.24.29:966][443]LogModuleManager: Shutting down and abandoning module AndroidRuntimeSettings (196)
[2017.02.27-18.24.29:966][443]LogModuleManager: Shutting down and abandoning module InputBindingEditor (195)
[2017.02.27-18.24.29:966][443]LogModuleManager: Shutting down and abandoning module NiagaraEditor (194)
[2017.02.27-18.24.29:966][443]LogModuleManager: Shutting down and abandoning module MergeActors (193)
[2017.02.27-18.24.29:966][443]LogModuleManager: Shutting down and abandoning module SizeMap (192)
[2017.02.27-18.24.29:966][443]LogModuleManager: Shutting down and abandoning module TreeMap (191)
[2017.02.27-18.24.29:966][443]LogModuleManager: Shutting down and abandoning module ReferenceViewer (190)
[2017.02.27-18.24.29:966][443]LogModuleManager: Shutting down and abandoning module LocalizationService (189)
[2017.02.27-18.24.29:966][443]LogModuleManager: Shutting down and abandoning module LocalizationDashboard (188)
[2017.02.27-18.24.29:966][443]LogModuleManager: Shutting down and abandoning module HardwareTargeting (187)
[2017.02.27-18.24.29:966][443]LogModuleManager: Shutting down and abandoning module DeviceProfileEditor (186)
[2017.02.27-18.24.29:966][443]LogModuleManager: Shutting down and abandoning module UndoHistory (185)
[2017.02.27-18.24.29:966][443]LogModuleManager: Shutting down and abandoning module UserFeedback (184)
[2017.02.27-18.24.29:966][443]LogModuleManager: Shutting down and abandoning module XmlParser (183)
[2017.02.27-18.24.29:966][443]LogModuleManager: Shutting down and abandoning module Blutility (182)
[2017.02.27-18.24.29:966][443]LogModuleManager: Shutting down and abandoning module ProjectTargetPlatformEditor (181)
[2017.02.27-18.24.29:967][443]LogModuleManager: Shutting down and abandoning module ProjectSettingsViewer (180)
[2017.02.27-18.24.29:967][443]LogModuleManager: Shutting down and abandoning module EditorSettingsViewer (179)
[2017.02.27-18.24.29:967][443]LogModuleManager: Shutting down and abandoning module SettingsEditor (178)
[2017.02.27-18.24.29:967][443]LogModuleManager: Shutting down and abandoning module ProjectLauncher (177)
[2017.02.27-18.24.29:967][443]LogModuleManager: Shutting down and abandoning module SessionFrontend (176)
[2017.02.27-18.24.29:967][443]LogModuleManager: Shutting down and abandoning module ProfilerClient (175)
[2017.02.27-18.24.29:967][443]LogModuleManager: Shutting down and abandoning module TargetDeviceServices (174)
[2017.02.27-18.24.29:967][443]LogModuleManager: Shutting down and abandoning module DeviceManager (173)
[2017.02.27-18.24.30:008][443]LogModuleManager: Shutting down and abandoning module AutomationController (172)
[2017.02.27-18.24.30:008][443]LogModuleManager: Shutting down and abandoning module AutomationWindow (171)
[2017.02.27-18.24.30:008][443]LogModuleManager: Shutting down and abandoning module Layers (170)
[2017.02.27-18.24.30:008][443]LogModuleManager: Shutting down and abandoning module ComponentVisualizers (169)
[2017.02.27-18.24.30:008][443]LogModuleManager: Shutting down and abandoning module DetailCustomizations (168)
[2017.02.27-18.24.30:008][443]LogModuleManager: Shutting down and abandoning module PackagesDialog (167)
[2017.02.27-18.24.30:008][443]LogModuleManager: Shutting down and abandoning module AnimGraph (166)
[2017.02.27-18.24.30:008][443]LogModuleManager: Shutting down and abandoning module Persona (165)
[2017.02.27-18.24.30:008][443]LogModuleManager: Shutting down and abandoning module Kismet (164)
[2017.02.27-18.24.30:013][443]LogModuleManager: Shutting down and abandoning module GraphEditor (163)
[2017.02.27-18.24.30:013][443]LogModuleManager: Shutting down and abandoning module ClassViewer (162)
[2017.02.27-18.24.30:013][443]LogModuleManager: Shutting down and abandoning module Toolbox (161)
[2017.02.27-18.24.30:013][443]LogModuleManager: Shutting down and abandoning module ModuleUI (160)
[2017.02.27-18.24.30:013][443]LogModuleManager: Shutting down and abandoning module MovieSceneTools (159)
[2017.02.27-18.24.30:013][443]LogModuleManager: Shutting down and abandoning module OutputLog (158)
[2017.02.27-18.24.30:013][443]LogModuleManager: Shutting down and abandoning module GammaUI (157)
[2017.02.27-18.24.30:013][443]LogModuleManager: Shutting down and abandoning module Documentation (156)
[2017.02.27-18.24.30:013][443]LogModuleManager: Shutting down and abandoning module Niagara (155)
[2017.02.27-18.24.30:013][443]LogModuleManager: Shutting down and abandoning module StreamingPauseRendering (154)
[2017.02.27-18.24.30:013][443]LogModuleManager: Shutting down and abandoning module AnalyticsET (153)
[2017.02.27-18.24.30:013][443]LogModuleManager: Shutting down and abandoning module PortalServices (152)
[2017.02.27-18.24.30:013][443]LogModuleManager: Shutting down and abandoning module PortalRpc (151)
[2017.02.27-18.24.30:013][443]LogModuleManager: Shutting down and abandoning module MessagingRpc (150)
[2017.02.27-18.24.30:013][443]LogModuleManager: Shutting down and abandoning module GameplayDebugger (149)
[2017.02.27-18.24.30:013][443]LogModuleManager: Shutting down and abandoning module AITestSuite (148)
[2017.02.27-18.24.30:013][443]LogModuleManager: Shutting down and abandoning module AIModule (147)
[2017.02.27-18.24.30:013][443]LogModuleManager: Shutting down and abandoning module ProfilerService (146)
[2017.02.27-18.24.30:234][443]LogModuleManager: Shutting down and abandoning module TaskGraph (145)
[2017.02.27-18.24.30:234][443]LogModuleManager: Shutting down and abandoning module SlateRemote (144)
[2017.02.27-18.24.30:234][443]LogModuleManager: Shutting down and abandoning module SteamVRController (143)
[2017.02.27-18.24.30:234][443]LogModuleManager: Shutting down and abandoning module SteamVR (142)
[2017.02.27-18.24.30:234][443]LogModuleManager: Shutting down and abandoning module ProceduralMeshComponentEditor (141)
[2017.02.27-18.24.30:234][443]LogModuleManager: Shutting down and abandoning module ProceduralMeshComponent (140)
[2017.02.27-18.24.30:234][443]LogModuleManager: Shutting down and abandoning module OculusLibrary (139)
[2017.02.27-18.24.30:234][443]LogModuleManager: Shutting down and abandoning module OculusInput (138)
[2017.02.27-18.24.30:234][443]LogModuleManager: Shutting down and abandoning module MobilePatchingUtils (137)
[2017.02.27-18.24.30:234][443]LogModuleManager: Shutting down and abandoning module CustomMeshComponent (136)
[2017.02.27-18.24.30:234][443]LogModuleManager: Shutting down and abandoning module CableComponent (135)
[2017.02.27-18.24.30:234][443]LogModuleManager: Shutting down and abandoning module ArchVisCharacter (134)
[2017.02.27-18.24.30:234][443]LogModuleManager: Shutting down and abandoning module MediaPlayerEditor (132)
[2017.02.27-18.24.30:234][443]LogModuleManager: Shutting down and abandoning module HTML5Networking (131)
[2017.02.27-18.24.30:234][443]LogModuleManager: Shutting down and abandoning module GeometryCacheEd (130)
[2017.02.27-18.24.30:234][443]LogModuleManager: Shutting down and abandoning module GeometryCache (129)
[2017.02.27-18.24.30:234][443]LogModuleManager: Shutting down and abandoning module AlembicLibrary (128)
[2017.02.27-18.24.30:234][443]LogModuleManager: Shutting down and abandoning module AlembicImporter (127)
[2017.02.27-18.24.30:234][443]LogModuleManager: Shutting down and abandoning module SuperSearch (126)
[2017.02.27-18.24.30:234][443]LogModuleManager: Shutting down and abandoning module SuperSearchEditor (125)
[2017.02.27-18.24.30:234][443]LogModuleManager: Shutting down and abandoning module SpeedTreeImporter (124)
[2017.02.27-18.24.30:234][443]LogModuleManager: Shutting down and abandoning module PluginBrowser (123)
[2017.02.27-18.24.30:234][443]LogModuleManager: Shutting down and abandoning module MobileLauncherProfileWizard (122)
[2017.02.27-18.24.30:234][443]LogModuleManager: Shutting down and abandoning module EpicSurvey (121)
[2017.02.27-18.24.30:234][443]LogModuleManager: Shutting down and abandoning module DesktopPlatform (120)
[2017.02.27-18.24.30:234][443]LogModuleManager: Shutting down and abandoning module VisualStudioSourceCodeAccess (119)
[2017.02.27-18.24.30:234][443]LogModuleManager: Shutting down and abandoning module UObjectPlugin (118)
[2017.02.27-18.24.30:234][443]LogModuleManager: Shutting down and abandoning module SubversionSourceControl (117)
[2017.02.27-18.24.30:234][443]LogModuleManager: Shutting down and abandoning module PerforceSourceControl (116)
[2017.02.27-18.24.30:234][443]LogModuleManager: Shutting down and abandoning module SourceControl (115)
[2017.02.27-18.24.30:234][443]LogModuleManager: Shutting down and abandoning module GitSourceControl (114)
[2017.02.27-18.24.30:234][443]LogModuleManager: Shutting down and abandoning module LightPropagationVolumeEditor (113)
[2017.02.27-18.24.30:234][443]LogModuleManager: Shutting down and abandoning module PaperTiledImporter (112)
[2017.02.27-18.24.30:234][443]LogModuleManager: Shutting down and abandoning module PaperSpriteSheetImporter (111)
[2017.02.27-18.24.30:234][443]LogModuleManager: Shutting down and abandoning module MeshPaint (110)
[2017.02.27-18.24.30:234][443]LogModuleManager: Shutting down and abandoning module PixelInspectorModule (109)
[2017.02.27-18.24.30:234][443]LogModuleManager: Shutting down and abandoning module HotReload (108)
[2017.02.27-18.24.30:235][443]LogModuleManager: Shutting down and abandoning module MainFrame (107)
[2017.02.27-18.24.30:235][443]LogModuleManager: Shutting down and abandoning module LevelEditor (106)
[2017.02.27-18.24.30:235][443]LogModuleManager: Shutting down and abandoning module ContentBrowser (105)
[2017.02.27-18.24.30:236][443]LogModuleManager: Shutting down and abandoning module Paper2DEditor (104)
[2017.02.27-18.24.30:236][443]LogModuleManager: Shutting down and abandoning module UdpMessaging (103)
[2017.02.27-18.24.30:336][443]LogModuleManager: Shutting down and abandoning module TcpMessaging (102)
[2017.02.27-18.24.30:436][443]LogModuleManager: Shutting down and abandoning module LightPropagationVolumeRuntime (101)
[2017.02.27-18.24.30:436][443]LogModuleManager: Shutting down and abandoning module Paper2D (100)
[2017.02.27-18.24.30:436][443]LogModuleManager: Shutting down and abandoning module WindowsMoviePlayer (99)
[2017.02.27-18.24.30:436][443]LogModuleManager: Shutting down and abandoning module WmfMedia (98)
[2017.02.27-18.24.30:436][443]LogModuleManager: Shutting down and abandoning module MediaAssets (97)
[2017.02.27-18.24.30:436][443]LogModuleManager: Shutting down and abandoning module GameLiveStreaming (96)
[2017.02.27-18.24.30:436][443]LogModuleManager: Shutting down and abandoning module GameplayTagsEditor (95)
[2017.02.27-18.24.30:436][443]LogModuleManager: Shutting down and abandoning module VREditor (94)
[2017.02.27-18.24.30:436][443]LogModuleManager: Shutting down and abandoning module GameplayTasksEditor (93)
[2017.02.27-18.24.30:436][443]LogModuleManager: Shutting down and abandoning module BehaviorTreeEditor (92)
[2017.02.27-18.24.30:436][443]LogModuleManager: Shutting down and abandoning module FunctionalTesting (91)
[2017.02.27-18.24.30:436][443]LogModuleManager: Shutting down and abandoning module CollisionAnalyzer (90)
[2017.02.27-18.24.30:436][443]LogModuleManager: Shutting down and abandoning module Sequencer (89)
[2017.02.27-18.24.30:436][443]LogModuleManager: Shutting down and abandoning module WorkspaceMenuStructure (88)
[2017.02.27-18.24.30:436][443]LogModuleManager: Shutting down and abandoning module MessageLog (87)
[2017.02.27-18.24.30:436][443]LogModuleManager: Shutting down and abandoning module AssetTools (86)
[2017.02.27-18.24.30:437][443]LogModuleManager: Shutting down and abandoning module UMGEditor (85)
[2017.02.27-18.24.30:437][443]LogModuleManager: Shutting down and abandoning module UMG (84)
[2017.02.27-18.24.30:437][443]LogModuleManager: Shutting down and abandoning module SlateReflector (83)
[2017.02.27-18.24.30:437][443]LogModuleManager: Shutting down and abandoning module Slate (82)
[2017.02.27-18.24.30:437][443]LogModuleManager: Shutting down and abandoning module EditorStyle (81)
[2017.02.27-18.24.30:438][443]LogModuleManager: Shutting down and abandoning module SourceCodeAccess (80)
[2017.02.27-18.24.30:438][443]LogModuleManager: Shutting down and abandoning module HeadMountedDisplay (79)
[2017.02.27-18.24.30:438][443]LogModuleManager: Shutting down and abandoning module XAudio2 (78)
[2017.02.27-18.24.30:438][443]LogModuleManager: Shutting down and abandoning module Networking (76)
[2017.02.27-18.24.30:438][443]LogModuleManager: Shutting down and abandoning module Core (75)
[2017.02.27-18.24.30:438][443]LogModuleManager: Shutting down and abandoning module DirectoryWatcher (74)
[2017.02.27-18.24.30:438][443]LogDirectoryWatcher: A directory notification for '../../../Engine/Content/' was aborted.
[2017.02.27-18.24.30:438][443]LogDirectoryWatcher: A directory notification for 'C:/Users/Lewis/Documents/GitHub/Endless-Runer/Endless_Runner/Content/' was aborted.
[2017.02.27-18.24.30:438][443]LogDirectoryWatcher: A directory notification for '../../../Engine/Plugins/2D/Paper2D/Content/' was aborted.
[2017.02.27-18.24.30:439][443]LogModuleManager: Shutting down and abandoning module AssetRegistry (73)
[2017.02.27-18.24.30:551][443]LogModuleManager: Shutting down and abandoning module KismetCompiler (72)
[2017.02.27-18.24.30:551][443]LogModuleManager: Shutting down and abandoning module PhysXFormats (71)
[2017.02.27-18.24.30:551][443]LogModuleManager: Shutting down and abandoning module SimplygonSwarm (70)
[2017.02.27-18.24.30:551][443]LogModuleManager: Shutting down and abandoning module SimplygonMeshReduction (69)
[2017.02.27-18.24.30:551][443]LogModuleManager: Shutting down and abandoning module QuadricMeshReduction (68)
[2017.02.27-18.24.30:551][443]LogModuleManager: Shutting down and abandoning module PropertyEditor (67)
[2017.02.27-18.24.30:551][443]LogModuleManager: Shutting down and abandoning module MeshUtilities (66)
[2017.02.27-18.24.30:551][443]LogModuleManager: Shutting down and abandoning module DerivedDataCache (65)
[2017.02.27-18.24.30:644][443]LogDerivedDataCache: Shutdown
[2017.02.27-18.24.30:644][443]LogModuleManager: Shutting down and abandoning module VulkanShaderFormat (64)
[2017.02.27-18.24.30:644][443]LogModuleManager: Shutting down and abandoning module ShaderFormatOpenGL (63)
[2017.02.27-18.24.30:644][443]LogModuleManager: Shutting down and abandoning module ShaderFormatD3D (62)
[2017.02.27-18.24.30:644][443]LogModuleManager: Shutting down and abandoning module MetalShaderFormat (61)
[2017.02.27-18.24.30:644][443]LogModuleManager: Shutting down and abandoning module TextureFormatUncompressed (60)
[2017.02.27-18.24.30:644][443]LogModuleManager: Shutting down and abandoning module TextureFormatPVR (59)
[2017.02.27-18.24.30:644][443]LogModuleManager: Shutting down and abandoning module TextureFormatDXT (58)
[2017.02.27-18.24.30:644][443]LogModuleManager: Shutting down and abandoning module TextureFormatIntelISPCTexComp (57)
[2017.02.27-18.24.30:644][443]LogModuleManager: Shutting down and abandoning module ImageWrapper (56)
[2017.02.27-18.24.30:644][443]LogModuleManager: Shutting down and abandoning module TextureFormatASTC (55)
[2017.02.27-18.24.30:644][443]LogModuleManager: Shutting down and abandoning module TextureFormatAndroid (54)
[2017.02.27-18.24.30:644][443]LogModuleManager: Shutting down and abandoning module AudioFormatOpus (53)
[2017.02.27-18.24.30:644][443]LogModuleManager: Shutting down and abandoning module AudioFormatOgg (52)
[2017.02.27-18.24.30:644][443]LogModuleManager: Shutting down and abandoning module AudioFormatADPCM (51)
[2017.02.27-18.24.30:644][443]LogModuleManager: Shutting down and abandoning module LinuxTargetPlatform (50)
[2017.02.27-18.24.30:644][443]LogModuleManager: Shutting down and abandoning module LinuxServerTargetPlatform (49)
[2017.02.27-18.24.30:644][443]LogModuleManager: Shutting down and abandoning module LinuxNoEditorTargetPlatform (48)
[2017.02.27-18.24.30:644][443]LogModuleManager: Shutting down and abandoning module LinuxClientTargetPlatform (47)
[2017.02.27-18.24.30:644][443]LogModuleManager: Shutting down and abandoning module TVOSTargetPlatform (46)
[2017.02.27-18.24.30:644][443]LogModuleManager: Shutting down and abandoning module Messaging (45)
[2017.02.27-18.24.30:644][443]LogModuleManager: Shutting down and abandoning module IOSTargetPlatform (44)
[2017.02.27-18.24.30:644][443]LogModuleManager: Shutting down and abandoning module HTML5TargetPlatform (43)
[2017.02.27-18.24.30:644][443]LogModuleManager: Shutting down and abandoning module Android_PVRTCTargetPlatform (42)
[2017.02.27-18.24.30:644][443]LogModuleManager: Shutting down and abandoning module Android_MultiTargetPlatform (41)
[2017.02.27-18.24.30:644][443]LogModuleManager: Shutting down and abandoning module Android_ETC2TargetPlatform (40)
[2017.02.27-18.24.30:644][443]LogModuleManager: Shutting down and abandoning module Android_ETC1TargetPlatform (39)
[2017.02.27-18.24.30:644][443]LogModuleManager: Shutting down and abandoning module Android_DXTTargetPlatform (38)
[2017.02.27-18.24.30:644][443]LogModuleManager: Shutting down and abandoning module Android_ATCTargetPlatform (37)
[2017.02.27-18.24.30:644][443]LogModuleManager: Shutting down and abandoning module Android_ASTCTargetPlatform (36)
[2017.02.27-18.24.30:644][443]LogModuleManager: Shutting down and abandoning module AndroidTargetPlatform (35)
[2017.02.27-18.24.30:644][443]LogModuleManager: Shutting down and abandoning module WindowsTargetPlatform (34)
[2017.02.27-18.24.30:644][443]LogModuleManager: Shutting down and abandoning module WindowsServerTargetPlatform (33)
[2017.02.27-18.24.30:644][443]LogModuleManager: Shutting down and abandoning module WindowsNoEditorTargetPlatform (32)
[2017.02.27-18.24.30:644][443]LogModuleManager: Shutting down and abandoning module WindowsClientTargetPlatform (31)
[2017.02.27-18.24.30:644][443]LogModuleManager: Shutting down and abandoning module MacTargetPlatform (30)
[2017.02.27-18.24.30:644][443]LogModuleManager: Shutting down and abandoning module MacServerTargetPlatform (29)
[2017.02.27-18.24.30:644][443]LogModuleManager: Shutting down and abandoning module MacNoEditorTargetPlatform (28)
[2017.02.27-18.24.30:644][443]LogModuleManager: Shutting down and abandoning module MacClientTargetPlatform (27)
[2017.02.27-18.24.30:644][443]LogModuleManager: Shutting down and abandoning module AllDesktopTargetPlatform (26)
[2017.02.27-18.24.30:644][443]LogModuleManager: Shutting down and abandoning module TargetPlatform (25)
[2017.02.27-18.24.30:644][443]LogModuleManager: Shutting down and abandoning module InputCore (24)
[2017.02.27-18.24.30:644][443]LogModuleManager: Shutting down and abandoning module Settings (23)
[2017.02.27-18.24.30:644][443]LogModuleManager: Shutting down and abandoning module OculusRift (22)
[2017.02.27-18.24.30:644][443]LogModuleManager: Shutting down and abandoning module ExampleDeviceProfileSelector (21)
[2017.02.27-18.24.30:644][443]LogModuleManager: Shutting down and abandoning module OnlineBlueprintSupport (20)
[2017.02.27-18.24.30:644][443]LogModuleManager: Shutting down and abandoning module OnlineSubsystem (18)
[2017.02.27-18.24.30:644][443]LogOnline:Display: Unloading online subsystem: NULL
[2017.02.27-18.24.30:644][443]LogModuleManager: Shutting down and abandoning module SSL (17)
[2017.02.27-18.24.30:646][443]LogModuleManager: Shutting down and abandoning module HTTP (16)
[2017.02.27-18.24.30:646][443]LogModuleManager: Shutting down and abandoning module XMPP (15)
[2017.02.27-18.24.30:646][443]LogModuleManager: Shutting down and abandoning module TextureCompressor (14)
[2017.02.27-18.24.30:646][443]LogModuleManager: Shutting down and abandoning module ShaderCore (13)
[2017.02.27-18.24.30:646][443]LogModuleManager: Shutting down and abandoning module Landscape (12)
[2017.02.27-18.24.30:646][443]LogModuleManager: Shutting down and abandoning module SlateRHIRenderer (11)
[2017.02.27-18.24.30:649][443]LogModuleManager: Shutting down and abandoning module OpenGLDrv (10)
[2017.02.27-18.24.30:649][443]LogModuleManager: Shutting down and abandoning module D3D11RHI (9)
[2017.02.27-18.24.30:649][443]LogModuleManager: Shutting down and abandoning module AnimGraphRuntime (8)
[2017.02.27-18.24.30:649][443]LogModuleManager: Shutting down and abandoning module Renderer (7)
[2017.02.27-18.24.30:649][443]LogModuleManager: Shutting down and abandoning module Engine (6)
[2017.02.27-18.24.30:649][443]LogModuleManager: Shutting down and abandoning module CoreUObject (5)
[2017.02.27-18.24.30:649][443]LogModuleManager: Shutting down and abandoning module NetworkFile (4)
[2017.02.27-18.24.30:649][443]LogModuleManager: Shutting down and abandoning module StreamingFile (3)
[2017.02.27-18.24.30:649][443]LogModuleManager: Shutting down and abandoning module SandboxFile (2)
[2017.02.27-18.24.30:649][443]LogModuleManager: Shutting down and abandoning module PakFile (1)
[2017.02.27-18.24.30:650][443]LogExit: Exiting.
[2017.02.27-18.24.30:658][443]Log file closed, 02/27/17 18:24:30
