Log file open, 02/14/17 15:54:04
LogInit:Display: Running engine for game: Endless_Runner
LogPlatformFile: Not using cached read wrapper
LogInit:Display: RandInit(-984953505) SRandInit(-984953505).
LogTaskGraph: Started task graph with 5 named threads and 8 total threads with 1 sets of task threads.
LogStats: Stats thread started at 0.071882
LogPluginManager: Loaded Plugin Paper2D, From C:/Program Files/Epic Games/UE_4.14/Engine/Plugins/2D/Paper2D/Paper2D.uplugin
LogPluginManager: Loaded Plugin LightPropagationVolume, From C:/Program Files/Epic Games/UE_4.14/Engine/Plugins/Blendables/LightPropagationVolume/LightPropagationVolume.uplugin
LogPluginManager: Loaded Plugin BlankPlugin, From C:/Program Files/Epic Games/UE_4.14/Engine/Plugins/Developer/BlankPlugin/BlankPlugin.uplugin
LogPluginManager: Loaded Plugin CodeLiteSourceCodeAccess, From C:/Program Files/Epic Games/UE_4.14/Engine/Plugins/Developer/CodeLiteSourceCodeAccess/CodeLiteSourceCodeAccess.uplugin
LogPluginManager: Loaded Plugin GitSourceControl, From C:/Program Files/Epic Games/UE_4.14/Engine/Plugins/Developer/GitSourceControl/GitSourceControl.uplugin
LogPluginManager: Loaded Plugin KDevelopSourceCodeAccess, From C:/Program Files/Epic Games/UE_4.14/Engine/Plugins/Developer/KDevelopSourceCodeAccess/KDevelopSourceCodeAccess.uplugin
LogPluginManager: Loaded Plugin NullSourceCodeAccess, From C:/Program Files/Epic Games/UE_4.14/Engine/Plugins/Developer/NullSourceCodeAccess/NullSourceCodeAccess.uplugin
LogPluginManager: Loaded Plugin OneSkyLocalizationService, From C:/Program Files/Epic Games/UE_4.14/Engine/Plugins/Developer/OneSkyLocalizationService/OneSkyLocalizationService.uplugin
LogPluginManager: Loaded Plugin PerforceSourceControl, From C:/Program Files/Epic Games/UE_4.14/Engine/Plugins/Developer/PerforceSourceControl/PerforceSourceControl.uplugin
LogPluginManager: Loaded Plugin SubversionSourceControl, From C:/Program Files/Epic Games/UE_4.14/Engine/Plugins/Developer/SubversionSourceControl/SubversionSourceControl.uplugin
LogPluginManager: Loaded Plugin UObjectPlugin, From C:/Program Files/Epic Games/UE_4.14/Engine/Plugins/Developer/UObjectPlugin/UObjectPlugin.uplugin
LogPluginManager: Loaded Plugin VisualStudioSourceCodeAccess, From C:/Program Files/Epic Games/UE_4.14/Engine/Plugins/Developer/VisualStudioSourceCodeAccess/VisualStudioSourceCodeAccess.uplugin
LogPluginManager: Loaded Plugin XCodeSourceCodeAccess, From C:/Program Files/Epic Games/UE_4.14/Engine/Plugins/Developer/XCodeSourceCodeAccess/XCodeSourceCodeAccess.uplugin
LogPluginManager: Loaded Plugin AudioCapture, From C:/Program Files/Epic Games/UE_4.14/Engine/Plugins/Editor/AudioCapture/AudioCapture.uplugin
LogPluginManager: Loaded Plugin EpicSurvey, From C:/Program Files/Epic Games/UE_4.14/Engine/Plugins/Editor/EpicSurvey/EpicSurvey.uplugin
LogPluginManager: Loaded Plugin MacGraphicsSwitching, From C:/Program Files/Epic Games/UE_4.14/Engine/Plugins/Editor/MacGraphicsSwitching/MacGraphicsSwitching.uplugin
LogPluginManager: Loaded Plugin MobileLauncherProfileWizard, From C:/Program Files/Epic Games/UE_4.14/Engine/Plugins/Editor/MobileLauncherProfileWizard/MobileLauncherProfileWizard.uplugin
LogPluginManager: Loaded Plugin PluginBrowser, From C:/Program Files/Epic Games/UE_4.14/Engine/Plugins/Editor/PluginBrowser/PluginBrowser.uplugin
LogPluginManager: Loaded Plugin SpeedTreeImporter, From C:/Program Files/Epic Games/UE_4.14/Engine/Plugins/Editor/SpeedTreeImporter/SpeedTreeImporter.uplugin
LogPluginManager: Loaded Plugin SuperSearchEditor, From C:/Program Files/Epic Games/UE_4.14/Engine/Plugins/Editor/SuperSearchEditor/SuperSearchEditor.uplugin
LogPluginManager: Loaded Plugin AlembicImporter, From C:/Program Files/Epic Games/UE_4.14/Engine/Plugins/Experimental/AlembicImporter/AlembicImporter.uplugin
LogPluginManager: Loaded Plugin BlueprintStats, From C:/Program Files/Epic Games/UE_4.14/Engine/Plugins/Experimental/BlueprintStats/BlueprintStats.uplugin
LogPluginManager: Loaded Plugin CharacterAI, From C:/Program Files/Epic Games/UE_4.14/Engine/Plugins/Experimental/CharacterAI/CharacterAI.uplugin
LogPluginManager: Loaded Plugin CodeEditor, From C:/Program Files/Epic Games/UE_4.14/Engine/Plugins/Experimental/CodeEditor/CodeEditor.uplugin
LogPluginManager: Loaded Plugin CodeView, From C:/Program Files/Epic Games/UE_4.14/Engine/Plugins/Experimental/CodeView/CodeView.uplugin
LogPluginManager: Loaded Plugin HTML5Networking, From C:/Program Files/Epic Games/UE_4.14/Engine/Plugins/Experimental/HTML5Networking/HTML5Networking.uplugin
LogPluginManager: Loaded Plugin OSVR, From C:/Program Files/Epic Games/UE_4.14/Engine/Plugins/Experimental/OSVR/OSVR.uplugin
LogPluginManager: Loaded Plugin Phya, From C:/Program Files/Epic Games/UE_4.14/Engine/Plugins/Experimental/Phya/Phya.uplugin
LogPluginManager: Loaded Plugin SignificanceManager, From C:/Program Files/Epic Games/UE_4.14/Engine/Plugins/Experimental/SignificanceManager/SignificanceManager.uplugin
LogPluginManager: Loaded Plugin SimpleHMD, From C:/Program Files/Epic Games/UE_4.14/Engine/Plugins/Experimental/SimpleHMD/SimpleHMD.uplugin
LogPluginManager: Loaded Plugin StereoPanorama, From C:/Program Files/Epic Games/UE_4.14/Engine/Plugins/Experimental/StereoPanorama/StereoPanorama.uplugin
LogPluginManager: Loaded Plugin StructBox, From C:/Program Files/Epic Games/UE_4.14/Engine/Plugins/Experimental/StructBox/StructBox.uplugin
LogPluginManager: Loaded Plugin AndroidMedia, From C:/Program Files/Epic Games/UE_4.14/Engine/Plugins/Media/AndroidMedia/AndroidMedia.uplugin
LogPluginManager: Loaded Plugin AvfMedia, From C:/Program Files/Epic Games/UE_4.14/Engine/Plugins/Media/AvfMedia/AvfMedia.uplugin
LogPluginManager: Loaded Plugin MediaPlayerEditor, From C:/Program Files/Epic Games/UE_4.14/Engine/Plugins/Media/MediaPlayerEditor/MediaPlayerEditor.uplugin
LogPluginManager: Loaded Plugin WmfMedia, From C:/Program Files/Epic Games/UE_4.14/Engine/Plugins/Media/WmfMedia/WmfMedia.uplugin
LogPluginManager: Loaded Plugin MessagingDebugger, From C:/Program Files/Epic Games/UE_4.14/Engine/Plugins/Messaging/MessagingDebugger/MessagingDebugger.uplugin
LogPluginManager: Loaded Plugin TcpMessaging, From C:/Program Files/Epic Games/UE_4.14/Engine/Plugins/Messaging/TcpMessaging/TcpMessaging.uplugin
LogPluginManager: Loaded Plugin UdpMessaging, From C:/Program Files/Epic Games/UE_4.14/Engine/Plugins/Messaging/UdpMessaging/UdpMessaging.uplugin
LogPluginManager: Loaded Plugin LevelSequenceEditor, From C:/Program Files/Epic Games/UE_4.14/Engine/Plugins/MovieScene/LevelSequenceEditor/LevelSequenceEditor.uplugin
LogPluginManager: Loaded Plugin MatineeToLevelSequence, From C:/Program Files/Epic Games/UE_4.14/Engine/Plugins/MovieScene/MatineeToLevelSequence/MatineeToLevelSequence.uplugin
LogPluginManager: Loaded Plugin NetcodeUnitTest, From C:/Program Files/Epic Games/UE_4.14/Engine/Plugins/NetcodeUnitTest/NetcodeUnitTest/NetcodeUnitTest.uplugin
LogPluginManager: Loaded Plugin NUTUnrealEngine4, From C:/Program Files/Epic Games/UE_4.14/Engine/Plugins/NetcodeUnitTest/NUTUnrealEngine4/NUTUnrealEngine4.uplugin
LogPluginManager: Loaded Plugin OnlineSubsystemGameCircle, From C:/Program Files/Epic Games/UE_4.14/Engine/Plugins/Online/Android/OnlineSubsystemGameCircle/OnlineSubsystemGameCircle.uplugin
LogPluginManager: Loaded Plugin OnlineSubsystemGooglePlay, From C:/Program Files/Epic Games/UE_4.14/Engine/Plugins/Online/Android/OnlineSubsystemGooglePlay/OnlineSubsystemGooglePlay.uplugin
LogPluginManager: Loaded Plugin OnlineSubsystemIOS, From C:/Program Files/Epic Games/UE_4.14/Engine/Plugins/Online/IOS/OnlineSubsystemIOS/OnlineSubsystemIOS.uplugin
LogPluginManager: Loaded Plugin OnlineFramework, From C:/Program Files/Epic Games/UE_4.14/Engine/Plugins/Online/OnlineFramework/OnlineFramework.uplugin
LogPluginManager: Loaded Plugin OnlineSubsystem, From C:/Program Files/Epic Games/UE_4.14/Engine/Plugins/Online/OnlineSubsystem/OnlineSubsystem.uplugin
LogPluginManager: Loaded Plugin OnlineSubsystemAmazon, From C:/Program Files/Epic Games/UE_4.14/Engine/Plugins/Online/OnlineSubsystemAmazon/OnlineSubsystemAmazon.uplugin
LogPluginManager: Loaded Plugin OnlineSubsystemFacebook, From C:/Program Files/Epic Games/UE_4.14/Engine/Plugins/Online/OnlineSubsystemFacebook/OnlineSubsystemFacebook.uplugin
LogPluginManager: Loaded Plugin OnlineSubsystemNull, From C:/Program Files/Epic Games/UE_4.14/Engine/Plugins/Online/OnlineSubsystemNull/OnlineSubsystemNull.uplugin
LogPluginManager: Loaded Plugin OnlineSubsystemOculus, From C:/Program Files/Epic Games/UE_4.14/Engine/Plugins/Online/OnlineSubsystemOculus/OnlineSubsystemOculus.uplugin
LogPluginManager: Loaded Plugin OnlineSubsystemSteam, From C:/Program Files/Epic Games/UE_4.14/Engine/Plugins/Online/OnlineSubsystemSteam/OnlineSubsystemSteam.uplugin
LogPluginManager: Loaded Plugin OnlineSubsystemUtils, From C:/Program Files/Epic Games/UE_4.14/Engine/Plugins/Online/OnlineSubsystemUtils/OnlineSubsystemUtils.uplugin
LogPluginManager: Loaded Plugin IOSTapJoy, From C:/Program Files/Epic Games/UE_4.14/Engine/Plugins/Runtime/Advertising/IOSTapJoy/IOSTapJoy.uplugin
LogPluginManager: Loaded Plugin AnalyticsBlueprintLibrary, From C:/Program Files/Epic Games/UE_4.14/Engine/Plugins/Runtime/Analytics/AnalyticsBlueprintLibrary/AnalyticsBlueprintLibrary.uplugin
LogPluginManager: Loaded Plugin AnalyticsMulticast, From C:/Program Files/Epic Games/UE_4.14/Engine/Plugins/Runtime/Analytics/AnalyticsMulticast/AnalyticsMulticast.uplugin
LogPluginManager: Loaded Plugin Apsalar, From C:/Program Files/Epic Games/UE_4.14/Engine/Plugins/Runtime/Analytics/Apsalar/Apsalar.uplugin
LogPluginManager: Loaded Plugin FileLogging, From C:/Program Files/Epic Games/UE_4.14/Engine/Plugins/Runtime/Analytics/FileLogging/FileLogging.uplugin
LogPluginManager: Loaded Plugin Flurry, From C:/Program Files/Epic Games/UE_4.14/Engine/Plugins/Runtime/Analytics/Flurry/Flurry.uplugin
LogPluginManager: Loaded Plugin AndroidDeviceProfileSelector, From C:/Program Files/Epic Games/UE_4.14/Engine/Plugins/Runtime/AndroidDeviceProfileSelector/AndroidDeviceProfileSelector.uplugin
LogPluginManager: Loaded Plugin AndroidMoviePlayer, From C:/Program Files/Epic Games/UE_4.14/Engine/Plugins/Runtime/AndroidMoviePlayer/AndroidMoviePlayer.uplugin
LogPluginManager: Loaded Plugin AppleMoviePlayer, From C:/Program Files/Epic Games/UE_4.14/Engine/Plugins/Runtime/AppleMoviePlayer/AppleMoviePlayer.uplugin
LogPluginManager: Loaded Plugin ArchVisCharacter, From C:/Program Files/Epic Games/UE_4.14/Engine/Plugins/Runtime/ArchVisCharacter/ArchVisCharacter.uplugin
LogPluginManager: Loaded Plugin CableComponent, From C:/Program Files/Epic Games/UE_4.14/Engine/Plugins/Runtime/CableComponent/CableComponent.uplugin
LogPluginManager: Loaded Plugin CustomMeshComponent, From C:/Program Files/Epic Games/UE_4.14/Engine/Plugins/Runtime/CustomMeshComponent/CustomMeshComponent.uplugin
LogPluginManager: Loaded Plugin ExampleDeviceProfileSelector, From C:/Program Files/Epic Games/UE_4.14/Engine/Plugins/Runtime/ExampleDeviceProfileSelector/ExampleDeviceProfileSelector.uplugin
LogPluginManager: Loaded Plugin GearVR, From C:/Program Files/Epic Games/UE_4.14/Engine/Plugins/Runtime/GearVR/GearVR.uplugin
LogPluginManager: Loaded Plugin GoogleVRController, From C:/Program Files/Epic Games/UE_4.14/Engine/Plugins/Runtime/GoogleVR/GoogleVRController/GoogleVRController.uplugin
LogPluginManager: Loaded Plugin GoogleVRHMD, From C:/Program Files/Epic Games/UE_4.14/Engine/Plugins/Runtime/GoogleVR/GoogleVRHMD/GoogleVRHMD.uplugin
LogPluginManager: Loaded Plugin IOSDeviceProfileSelector, From C:/Program Files/Epic Games/UE_4.14/Engine/Plugins/Runtime/IOSDeviceProfileSelector/IOSDeviceProfileSelector.uplugin
LogPluginManager: Loaded Plugin LeapMotion, From C:/Program Files/Epic Games/UE_4.14/Engine/Plugins/Runtime/LeapMotion/LeapMotion.uplugin
LogPluginManager: Loaded Plugin LinuxDeviceProfileSelector, From C:/Program Files/Epic Games/UE_4.14/Engine/Plugins/Runtime/LinuxDeviceProfileSelector/LinuxDeviceProfileSelector.uplugin
LogPluginManager: Loaded Plugin MIDIDevice, From C:/Program Files/Epic Games/UE_4.14/Engine/Plugins/Runtime/MIDIDevice/MIDIDevice.uplugin
LogPluginManager: Loaded Plugin MobilePatchingUtils, From C:/Program Files/Epic Games/UE_4.14/Engine/Plugins/Runtime/MobilePatchingUtils/MobilePatchingUtils.uplugin
LogPluginManager: Loaded Plugin Ansel, From C:/Program Files/Epic Games/UE_4.14/Engine/Plugins/Runtime/Nvidia/Ansel/Ansel.uplugin
LogPluginManager: Loaded Plugin OculusAudio, From C:/Program Files/Epic Games/UE_4.14/Engine/Plugins/Runtime/OculusAudio/OculusAudio.uplugin
LogPluginManager: Loaded Plugin OculusInput, From C:/Program Files/Epic Games/UE_4.14/Engine/Plugins/Runtime/OculusInput/OculusInput.uplugin
LogPluginManager: Loaded Plugin OculusLibrary, From C:/Program Files/Epic Games/UE_4.14/Engine/Plugins/Runtime/OculusLibrary/OculusLibrary.uplugin
LogPluginManager: Loaded Plugin OculusRift, From C:/Program Files/Epic Games/UE_4.14/Engine/Plugins/Runtime/OculusRift/OculusRift.uplugin
LogPluginManager: Loaded Plugin Oodle, From C:/Program Files/Epic Games/UE_4.14/Engine/Plugins/Runtime/PacketHandlers/CompressionComponents/Oodle/Oodle.uplugin
LogPluginManager: Loaded Plugin ProceduralMeshComponent, From C:/Program Files/Epic Games/UE_4.14/Engine/Plugins/Runtime/ProceduralMeshComponent/ProceduralMeshComponent.uplugin
LogPluginManager: Loaded Plugin SoundMod, From C:/Program Files/Epic Games/UE_4.14/Engine/Plugins/Runtime/SoundMod/SoundMod.uplugin
LogPluginManager: Loaded Plugin SoundVisualizations, From C:/Program Files/Epic Games/UE_4.14/Engine/Plugins/Runtime/SoundVisualizations/SoundVisualizations.uplugin
LogPluginManager: Loaded Plugin SteamController, From C:/Program Files/Epic Games/UE_4.14/Engine/Plugins/Runtime/Steam/SteamController/SteamController.uplugin
LogPluginManager: Loaded Plugin SteamVR, From C:/Program Files/Epic Games/UE_4.14/Engine/Plugins/Runtime/Steam/SteamVR/SteamVR.uplugin
LogPluginManager: Loaded Plugin WebBrowserWidget, From C:/Program Files/Epic Games/UE_4.14/Engine/Plugins/Runtime/WebBrowserWidget/WebBrowserWidget.uplugin
LogPluginManager: Loaded Plugin WindowsDeviceProfileSelector, From C:/Program Files/Epic Games/UE_4.14/Engine/Plugins/Runtime/WindowsDeviceProfileSelector/WindowsDeviceProfileSelector.uplugin
LogPluginManager: Loaded Plugin WindowsMoviePlayer, From C:/Program Files/Epic Games/UE_4.14/Engine/Plugins/Runtime/WindowsMoviePlayer/WindowsMoviePlayer.uplugin
LogPluginManager: Loaded Plugin ScriptPlugin, From C:/Program Files/Epic Games/UE_4.14/Engine/Plugins/ScriptPlugin/ScriptPlugin.uplugin
LogPluginManager: Loaded Plugin SlateRemote, From C:/Program Files/Epic Games/UE_4.14/Engine/Plugins/Slate/SlateRemote/SlateRemote.uplugin
LogPluginManager: Loaded Plugin EditorTests, From C:/Program Files/Epic Games/UE_4.14/Engine/Plugins/Tests/EditorTests/EditorTests.uplugin
LogPluginManager: Loaded Plugin FbxAutomationTestBuilder, From C:/Program Files/Epic Games/UE_4.14/Engine/Plugins/Tests/FbxAutomationTestBuilder/FbxAutomationTestBuilder.uplugin
LogPluginManager: Loaded Plugin FunctionalTestingEditor, From C:/Program Files/Epic Games/UE_4.14/Engine/Plugins/Tests/FunctionalTestingEditor/FunctionalTestingEditor.uplugin
LogPluginManager: Loaded Plugin RuntimeTests, From C:/Program Files/Epic Games/UE_4.14/Engine/Plugins/Tests/RuntimeTests/RuntimeTests.uplugin
LogPluginManager: Loaded Plugin ScreenshotTools, From C:/Program Files/Epic Games/UE_4.14/Engine/Plugins/Tests/ScreenshotTools/ScreenshotTools.uplugin
LogInit: Using libcurl 7.47.1
LogInit:  - built for x86_64-pc-win32
LogInit:  - supports SSL with OpenSSL/1.0.2g
LogInit:  - supports HTTP deflate (compression) using libz 1.2.8
LogInit:  - other features:
LogInit:      CURL_VERSION_SSL
LogInit:      CURL_VERSION_LIBZ
LogInit:      CURL_VERSION_IPV6
LogInit:      CURL_VERSION_ASYNCHDNS
LogInit:      CURL_VERSION_LARGEFILE
LogInit:      CURL_VERSION_IDN
LogInit:  CurlRequestOptions (configurable via config and command line):
LogInit:  - bVerifyPeer = false  - Libcurl will NOT verify peer certificate
LogInit:  - bUseHttpProxy = false  - Libcurl will NOT use HTTP proxy
LogInit:  - bDontReuseConnections = false  - Libcurl will reuse connections
LogInit:  - CertBundlePath = nullptr  - Libcurl will use whatever was configured at build time.
LogInit: Build: ++UE4+Release-4.14-CL-3249277
LogInit: Engine Version: 4.14.3-3249277+++UE4+Release-4.14
LogInit: Compatible Engine Version: 4.14.0-3195953+++UE4+Release-4.14
LogInit: Net CL: 3195953
LogDevObjectVersion: Number of dev versions registered: 13
LogDevObjectVersion:   Dev-Blueprints (B0D832E4-1F89-4F0D-ACCF-7EB736FD4AA2): 7
LogDevObjectVersion:   Dev-Build (E1C64328-A22C-4D53-A36C-8E866417BD8C): 0
LogDevObjectVersion:   Dev-Core (375EC13C-06E4-48FB-B500-84F0262A717E): 1
LogDevObjectVersion:   Dev-Editor (E4B068ED-F494-42E9-A231-DA0B2E46BB41): 8
LogDevObjectVersion:   Dev-Framework (CFFC743F-43B0-4480-9391-14DF171D2073): 17
LogDevObjectVersion:   Dev-Mobile (B02B49B5-BB20-44E9-A304-32B752E40360): 0
LogDevObjectVersion:   Dev-Networking (A4E4105C-59A1-49B5-A7C5-40C4547EDFEE): 0
LogDevObjectVersion:   Dev-Online (39C831C9-5AE6-47DC-9A44-9C173E1C8E7C): 0
LogDevObjectVersion:   Dev-Physics (78F01B33-EBEA-4F98-B9B4-84EACCB95AA2): 0
LogDevObjectVersion:   Dev-Platform (6631380F-2D4D-43E0-8009-CF276956A95A): 0
LogDevObjectVersion:   Dev-Rendering (12F88B9F-8875-4AFC-A67C-D90C383ABD29): 12
LogDevObjectVersion:   Dev-Sequencer (7B5AE74C-D270-4C10-A958-57980B212A5A): 1
LogDevObjectVersion:   Dev-VR (D7296918-1DD6-4BDD-9DE2-64A83CC13884): 0
LogInit: Compiled (64-bit): Jan  6 2017 10:49:43
LogInit: Compiled with Visual C++: 19.00.23026.00
LogInit: Build Configuration: Development
LogInit: Branch Name: ++UE4+Release-4.14
LogInit: Command line:  
LogInit: Base directory: C:/Program Files/Epic Games/UE_4.14/Engine/Binaries/Win64/
LogInit: Installed Engine Build: 1
LogInit: Presizing for max 8388607 objects, including 0 objects not considered by GC, pre-allocating 0 bytes for permanent pool.
LogInit: Object subsystem initialized
[2017.02.14-15.54.04:637][  0]LogInit: Selected Device Profile: [Windows]
[2017.02.14-15.54.04:637][  0]LogInit: Applying CVar settings loaded from the selected device profile: [Windows]
[2017.02.14-15.54.04:650][  0]LogInit: Computer: GAMES-106-025
[2017.02.14-15.54.04:650][  0]LogInit: User: Games
[2017.02.14-15.54.04:650][  0]LogInit: CPU Page size=65536, Cores=4
[2017.02.14-15.54.04:650][  0]LogInit: High frequency timer resolution =3.613320 MHz
[2017.02.14-15.54.04:650][  0]LogMemory: Memory total: Physical=15.9GB (16GB approx)
[2017.02.14-15.54.04:650][  0]LogMemory: Platform Memory Stats for Windows
[2017.02.14-15.54.04:650][  0]LogMemory: Process Physical Memory: 265.69 MB used, 265.69 MB peak
[2017.02.14-15.54.04:650][  0]LogMemory: Process Virtual Memory: 265.38 MB used, 265.38 MB peak
[2017.02.14-15.54.04:650][  0]LogMemory: Physical Memory: 4960.58 MB used,  11301.15 MB free, 16261.73 MB total
[2017.02.14-15.54.04:650][  0]LogMemory: Virtual Memory: 663.59 MB used,  11301.15 MB free, 8388608.00 MB total
[2017.02.14-15.54.04:679][  0]LogTextLocalizationManager: No specific translations for ('en-GB') exist, so ('en') translations will be used.
[2017.02.14-15.54.05:295][  0]LogD3D11RHI: D3D11 adapters:
[2017.02.14-15.54.05:322][  0]LogD3D11RHI:    0. 'NVIDIA GeForce GTX 760' (Feature Level 11_0)
[2017.02.14-15.54.05:322][  0]LogD3D11RHI:       1989/0/7874 MB DedicatedVideo/DedicatedSystem/SharedSystem, Outputs:2, VendorId:0x10de
[2017.02.14-15.54.05:322][  0]LogD3D11RHI: Chosen D3D11 Adapter: 0
[2017.02.14-15.54.05:326][  0]LogD3D11RHI: Creating new Direct3DDevice
[2017.02.14-15.54.05:326][  0]LogD3D11RHI:     GPU DeviceId: 0x1187 (for the marketing name, search the web for "GPU Device Id")
[2017.02.14-15.54.05:326][  0]LogWindows: EnumDisplayDevices:
[2017.02.14-15.54.05:326][  0]LogWindows:    0. 'NVIDIA GeForce GTX 760' (P:0 D:1)
[2017.02.14-15.54.05:326][  0]LogWindows:    1. 'NVIDIA GeForce GTX 760' (P:1 D:1)
[2017.02.14-15.54.05:326][  0]LogWindows:    2. 'NVIDIA GeForce GTX 760' (P:0 D:0)
[2017.02.14-15.54.05:326][  0]LogWindows:    3. 'NVIDIA GeForce GTX 760' (P:0 D:0)
[2017.02.14-15.54.05:326][  0]LogWindows:    4. 'RDPDD Chained DD' (P:0 D:0)
[2017.02.14-15.54.05:326][  0]LogWindows:    5. 'RDP Encoder Mirror Driver' (P:0 D:0)
[2017.02.14-15.54.05:326][  0]LogWindows:    6. 'RDP Reflector Display Driver' (P:0 D:0)
[2017.02.14-15.54.05:326][  0]LogWindows: DebugString: GetVideoDriverDetailsInvalid PrimaryIsNotTheChoosenAdapter GetVideoDriverDetailsInvalid PrimaryIsNotTheChoosenAdapter GetVideoDriverDetailsInvalid PrimaryIsNotTheChoosenAdapter FoundDriverCount:4 
[2017.02.14-15.54.05:326][  0]LogD3D11RHI:     Adapter Name: NVIDIA GeForce GTX 760
[2017.02.14-15.54.05:327][  0]LogD3D11RHI:   Driver Version: 372.90 (internal:21.21.13.7290, unified:372.90)
[2017.02.14-15.54.05:327][  0]LogD3D11RHI:      Driver Date: 9-16-2016
[2017.02.14-15.54.05:327][  0]LogRHI: Texture pool is 1361 MB (70% of 1945 MB)
[2017.02.14-15.54.05:339][  0]LogD3D11RHI:Warning: Timestamp queries are currently disabled on this hardware due to instability. Realtime GPU stats will not be available. You can override this behaviour by setting r.NVIDIATimestampWorkaround to 0
[2017.02.14-15.54.05:339][  0]LogD3D11RHI: Async texture creation enabled
[2017.02.14-15.54.05:354][  0]LogD3D11RHI: GPU Timing Frequency: 1000.000000 (Debug: 2 2)
[2017.02.14-15.54.05:354][  0]LogShaderCompilers: Guid format shader working directory is -29 characters bigger than the processId version (../../../../../../Users/Games/Documents/GitHub/Endless-Runer/Endless_Runner/Intermediate/Shaders/WorkingDirectory/4992/).
[2017.02.14-15.54.05:354][  0]LogShaderCompilers: Cleaned the shader compiler working directory 'C:/Users/Games/AppData/Local/Temp/UnrealShaderWorkingDir/4E08EA224D8128CB0B478DBCFBFEAFAF/'.
[2017.02.14-15.54.05:354][  0]LogShaderCompilers:Display: Using Local Shader Compiler.
[2017.02.14-15.54.06:448][  0]LogTemp:Display: Loaded TP AllDesktopTargetPlatform
[2017.02.14-15.54.06:509][  0]LogTemp:Display: Loaded TP MacClientTargetPlatform
[2017.02.14-15.54.06:564][  0]LogTemp:Display: Loaded TP MacNoEditorTargetPlatform
[2017.02.14-15.54.06:618][  0]LogTemp:Display: Loaded TP MacServerTargetPlatform
[2017.02.14-15.54.06:698][  0]LogTemp:Display: Loaded TP MacTargetPlatform
[2017.02.14-15.54.06:773][  0]LogTemp:Display: Loaded TP WindowsClientTargetPlatform
[2017.02.14-15.54.06:831][  0]LogTemp:Display: Loaded TP WindowsNoEditorTargetPlatform
[2017.02.14-15.54.06:885][  0]LogTemp:Display: Loaded TP WindowsServerTargetPlatform
[2017.02.14-15.54.06:929][  0]LogTemp:Display: Loaded TP WindowsTargetPlatform
[2017.02.14-15.54.06:998][  0]LogTemp:Display: Loaded TP AndroidTargetPlatform
[2017.02.14-15.54.07:080][  0]LogTemp:Display: Loaded TP Android_ASTCTargetPlatform
[2017.02.14-15.54.07:139][  0]LogTemp:Display: Loaded TP Android_ATCTargetPlatform
[2017.02.14-15.54.07:205][  0]LogTemp:Display: Loaded TP Android_DXTTargetPlatform
[2017.02.14-15.54.07:269][  0]LogTemp:Display: Loaded TP Android_ETC1TargetPlatform
[2017.02.14-15.54.07:324][  0]LogTemp:Display: Loaded TP Android_ETC2TargetPlatform
[2017.02.14-15.54.07:450][  0]LogTemp:Display: Loaded TP Android_MultiTargetPlatform
[2017.02.14-15.54.07:450][  0]LogTemp:Display: Loaded TP Android_PVRTCTargetPlatform
[2017.02.14-15.54.07:502][  0]LogTemp:Display: Loaded TP HTML5TargetPlatform
[2017.02.14-15.54.07:608][  0]LogTemp:Display: Loaded TP IOSTargetPlatform
[2017.02.14-15.54.07:646][  0]LogTemp:Display: Loaded TP TVOSTargetPlatform
[2017.02.14-15.54.07:704][  0]LogTemp:Display: Loaded TP LinuxClientTargetPlatform
[2017.02.14-15.54.07:757][  0]LogTemp:Display: Loaded TP LinuxNoEditorTargetPlatform
[2017.02.14-15.54.07:816][  0]LogTemp:Display: Loaded TP LinuxServerTargetPlatform
[2017.02.14-15.54.07:886][  0]LogTemp:Display: Loaded TP LinuxTargetPlatform
[2017.02.14-15.54.07:886][  0]LogTargetPlatformManager:Display: Building Assets For Windows
[2017.02.14-15.54.08:315][  0]LogDerivedDataCache:Display: Max Cache Size: 512 MB
[2017.02.14-15.54.08:369][  0]LogDerivedDataCache: Loaded boot cache 0.05s 50MB C:/Users/Games/AppData/Local/UnrealEngine/4.14/DerivedDataCache/Boot.ddc.
[2017.02.14-15.54.08:369][  0]LogDerivedDataCache:Display: Loaded Boot cache: C:/Users/Games/AppData/Local/UnrealEngine/4.14/DerivedDataCache/Boot.ddc
[2017.02.14-15.54.08:369][  0]LogDerivedDataCache: FDerivedDataBackendGraph:  Pak pak cache file ../../../../../../Users/Games/Documents/GitHub/Endless-Runer/Endless_Runner/DerivedDataCache/DDC.ddp not found, will not use a pak cache.
[2017.02.14-15.54.08:369][  0]LogDerivedDataCache: Unable to find inner node Pak for hierarchical cache Hierarchy.
[2017.02.14-15.54.08:369][  0]LogDerivedDataCache: FDerivedDataBackendGraph:  CompressedPak pak cache file ../../../../../../Users/Games/Documents/GitHub/Endless-Runer/Endless_Runner/DerivedDataCache/Compressed.ddp not found, will not use a pak cache.
[2017.02.14-15.54.08:369][  0]LogDerivedDataCache: Unable to find inner node CompressedPak for hierarchical cache Hierarchy.
[2017.02.14-15.54.08:397][  0]LogDerivedDataCache:Display: Pak cache opened for reading ../../../Engine/DerivedDataCache/Compressed.ddp.
[2017.02.14-15.54.08:409][  0]LogDerivedDataCache: Using Local data cache path C:/Users/Games/AppData/Local/UnrealEngine/Common/DerivedDataCache: Writable
[2017.02.14-15.54.08:669][  0]LogInit: Selected Device Profile: [Windows]
[2017.02.14-15.54.08:673][  0]LogContentStreaming: Texture pool size is 0.00 MB
[2017.02.14-15.54.08:894][  0]LogMeshUtilities: Using QuadricMeshReduction for automatic static mesh reduction
[2017.02.14-15.54.08:944][  0]LogSimplygon: Simplygon DLL not present - disabling.
[2017.02.14-15.54.09:003][  0]LogMeshUtilities: Using SimplygonSwarm for distributed automatic mesh merging
[2017.02.14-15.54.09:003][  0]LogMeshUtilities: No automatic skeletal mesh reduction module available
[2017.02.14-15.54.09:003][  0]LogMeshUtilities: No automatic mesh merging module available
[2017.02.14-15.54.09:568][  0]LogNetVersion: GetLocalNetworkVersion: CL: 3195953, ProjectName: endless_runner, ProjectVersion: , EngineNetworkVersion: 2, GameNetworkVersion: 0, NetworkChecksum: 591384489
[2017.02.14-15.54.09:630][  0]LogAssetRegistry: FAssetRegistry took 0.0200 seconds to start up
[2017.02.14-15.54.09:671][  0]LogPackageLocalizationCache: Processed 3 localized package path(s) for 2 prioritized culture(s) in 0.023584 seconds
[2017.02.14-15.54.09:676][  0]LogUObjectArray: 31946 objects as part of root set at end of initial load.
[2017.02.14-15.54.09:676][  0]LogUObjectAllocator: 6935840 out of 0 bytes used by permanent object pool.
[2017.02.14-15.54.09:676][  0]LogUObjectArray: CloseDisregardForGC: 0/0 objects in disregard for GC pool
[2017.02.14-15.54.09:734][  0]LogInit: WinSock: version 1.1 (2.2), MaxSocks=32767, MaxUdp=65467
[2017.02.14-15.54.10:622][  0]LogSlate: Using Freetype 2.6.0
[2017.02.14-15.54.10:622][  0]LogSlate: SlateFontCache - WITH_FREETYPE: 1, WITH_HARFBUZZ: 1
[2017.02.14-15.54.10:622][  0]LogSlate: SlateFontCache - WITH_FREETYPE: 1, WITH_HARFBUZZ: 1
[2017.02.14-15.54.11:536][  0]LogTcpMessaging: Initializing TcpMessaging bridge
[2017.02.14-15.54.11:577][  0]LogUdpMessaging: Initializing bridge on interface 0.0.0.0:0 to multicast group 230.0.0.1:6666.
[2017.02.14-15.54.11:989][  0]LogMaterial: Uniform references updated for custom material expression Custom.
[2017.02.14-15.54.12:491][  0]SourceControl: Info Source control is disabled
[2017.02.14-15.54.12:492][  0]SourceControl: Info Source control is disabled
[2017.02.14-15.54.12:537][  0]SourceControl: Info Source control is disabled
[2017.02.14-15.54.12:580][  0]SourceControl: Info Source control is disabled
[2017.02.14-15.54.12:918][  0]LogLinker:Warning: Can't find file '/Game/VehicleAdvBP/AdvancedVehicleOverview'
[2017.02.14-15.54.12:918][  0]LogLinker:Warning: Can't find file '/Game/VehicleAdvBP/AdvancedVehicleOverview'
[2017.02.14-15.54.12:918][  0]LogUObjectGlobals:Warning: Failed to find object 'Class /Game/VehicleAdvBP/AdvancedVehicleOverview.AdvancedVehicleOverview_C'
[2017.02.14-15.54.14:042][  0]LogEngine: Initializing Engine...
[2017.02.14-15.54.14:043][  0]LogHMD: Failed to initialize OpenVR with code 110
[2017.02.14-15.54.14:347][  0]LogAIModule: Creating AISystem for world Untitled
[2017.02.14-15.54.14:357][  0]LogInit: XAudio2 using 'Speakers (Conexant HD Audio)' : 2 channels at 44.1 kHz using 16 bits per sample (channel mask 0x3)
[2017.02.14-15.54.14:392][  0]LogInit: FAudioDevice initialized.
[2017.02.14-15.54.14:425][  0]LogDerivedDataCache: Saved boot cache 0.03s 50MB C:/Users/Games/AppData/Local/UnrealEngine/4.14/DerivedDataCache/Boot.ddc.
[2017.02.14-15.54.14:436][  0]LogInit: Texture streaming: Enabled
[2017.02.14-15.54.14:630][  0]LogInit: Transaction tracking system initialized
[2017.02.14-15.54.15:009][  0]BlueprintLog: New page: Editor Load
[2017.02.14-15.54.16:044][  0]LocalizationService: Info Localization service is disabled
[2017.02.14-15.54.16:821][  0]LogConsoleResponse:Display: 
[2017.02.14-15.54.16:949][  0]LogCook:Display: Max memory allowance for cook 16384mb min free memory 0mb
[2017.02.14-15.54.16:949][  0]LogCook:Display: Mobile HDR setting 1
[2017.02.14-15.54.17:952][  0]LogFileCache: Scanning file cache for directory 'C:/Users/Games/Documents/GitHub/Endless-Runer/Endless_Runner/Content/' took 0.01s
[2017.02.14-15.54.17:952][  0]SourceControl: Info Source control is disabled
[2017.02.14-15.54.17:953][  0]Cmd: MAP LOAD FILE="../../../../../../Users/Games/Documents/GitHub/Endless-Runer/Endless_Runner/Content/Endless_Runner_Main.umap" TEMPLATE=0 SHOWPROGRESS=1 FEATURELEVEL=3
[2017.02.14-15.54.17:953][  0]LightingResults: New page: Lighting Build
[2017.02.14-15.54.17:991][  0]MapCheck: New page: Map Check
[2017.02.14-15.54.17:991][  0]LightingResults: New page: Lighting Build
[2017.02.14-15.54.18:299][  0]LogAIModule: Creating AISystem for world Endless_Runner_Main
[2017.02.14-15.54.18:303][  0]LogEditorServer: Finished looking for orphan Actors (0.000 secs)
[2017.02.14-15.54.18:303][  0]Cmd: MAP CHECKDEP NOCLEARLOG
[2017.02.14-15.54.18:345][  0]MapCheck: Info Map check complete: 0 Error(s), 0 Warning(s), took 41.271ms to complete.
[2017.02.14-15.54.18:345][  0]LogFileHelpers: Loading map 'Endless_Runner_Main' took 0.391
[2017.02.14-15.54.18:497][  0]LogCollectionManager: Loaded 0 collections in 0.001197 seconds
[2017.02.14-15.54.18:584][  0]LogFileCache: Scanning file cache for directory 'C:/Users/Games/Documents/GitHub/Endless-Runer/Endless_Runner/Saved/Collections/' took 0.01s
[2017.02.14-15.54.18:584][  0]LogFileCache: Scanning file cache for directory 'C:/Users/Games/Documents/GitHub/Endless-Runer/Endless_Runner/Content/Developers/Games/Collections/' took 0.01s
[2017.02.14-15.54.18:584][  0]LogFileCache: Scanning file cache for directory 'C:/Users/Games/Documents/GitHub/Endless-Runer/Endless_Runner/Content/Collections/' took 0.01s
[2017.02.14-15.54.18:584][  0]LogCollectionManager: Rebuilt the GUID cache for 0 collections in 0.000002 seconds
[2017.02.14-15.54.18:593][  0]LogContentBrowser: Native class hierarchy populated in 0.0095 seconds. Added 2190 classes and 428 folders.
[2017.02.14-15.54.18:643][  0]LogStats: UGameplayTagsManager::ConstructGameplayTagTree: Construct from data asset -  0.000 s
[2017.02.14-15.54.18:643][  0]LogStats: UGameplayTagsManager::ConstructGameplayTagTree: GameplayTagTreeChangedEvent.Broadcast -  0.000 s
[2017.02.14-15.54.18:644][  0]LogContentBrowser: Native class hierarchy updated for 'GameplayTags' in 0.0005 seconds. Added 13 classes and 0 folders.
[2017.02.14-15.54.18:700][  0]LogContentBrowser: Native class hierarchy updated for 'WidgetCarousel' in 0.0004 seconds. Added 0 classes and 0 folders.
[2017.02.14-15.54.18:757][  0]LogContentBrowser: Native class hierarchy updated for 'AddContentDialog' in 0.0004 seconds. Added 0 classes and 0 folders.
[2017.02.14-15.54.18:801][  0]LogContentBrowser: Native class hierarchy updated for 'SceneOutliner' in 0.0005 seconds. Added 1 classes and 2 folders.
[2017.02.14-15.54.18:839][  0]LogCrashTracker: Crashtracker disabled due to settings.
[2017.02.14-15.54.18:843][  0]LogUObjectGlobals:Warning: Failed to find object 'Class None.'
[2017.02.14-15.54.18:915][  0]LogContentBrowser: Native class hierarchy updated for 'HierarchicalLODOutliner' in 0.0005 seconds. Added 1 classes and 2 folders.
[2017.02.14-15.54.18:915][  0]LogLoad: (Engine Initialization) Total time: 16.03 seconds
[2017.02.14-15.54.18:915][  0]LogLoad: (Engine Initialization) Total Blueprint compile time: 0.12 seconds
[2017.02.14-15.54.18:915][  0]LogExternalProfiler: Found external profiler: VSPerf
[2017.02.14-15.54.18:915][  0]LogExternalProfiler: Using external profiler: VSPerf
[2017.02.14-15.54.18:924][  0]LogOcInput: OculusInput pre-init called
[2017.02.14-15.54.18:945][  0]LogContentStreaming: Texture pool size now 1000 MB
[2017.02.14-15.54.19:105][  0]LogRenderer: Reallocating scene render targets to support 1192x580 NumSamples 1 (Frame:2).
[2017.02.14-15.54.19:177][  1]LogAssetRegistry: Asset discovery search completed in 9.5664 seconds
[2017.02.14-15.54.19:177][  1]LogCollectionManager: Rebuilt the object cache for 0 collections in 0.000001 seconds (found 0 objects)
[2017.02.14-15.54.19:177][  1]LogCollectionManager: Fixed up redirectors for 0 collections in 0.000017 seconds (updated 0 objects)
[2017.02.14-15.54.21:134][193]LogTemp: Repeting last play command: Selected Viewport
[2017.02.14-15.54.21:151][193]LogPlayLevel: PlayLevel: No blueprints needed recompiling
[2017.02.14-15.54.21:151][193]PIE: New page: PIE session: Endless_Runner_Main (14 Feb 2017 15:54:21)
[2017.02.14-15.54.21:152][193]LogPlayLevel: Creating play world package: /Game/UEDPIE_0_Endless_Runner_Main
[2017.02.14-15.54.21:153][193]LogPlayLevel: PIE: StaticDuplicateObject took: (0.001778s)
[2017.02.14-15.54.21:154][193]LogAIModule: Creating AISystem for world Endless_Runner_Main
[2017.02.14-15.54.21:154][193]LogPlayLevel: PIE: World Init took: (0.000769s)
[2017.02.14-15.54.21:154][193]LogPlayLevel: PIE: Created PIE world by copying editor world from /Game/Endless_Runner_Main.Endless_Runner_Main to /Game/UEDPIE_0_Endless_Runner_Main.Endless_Runner_Main (0.002885s)
[2017.02.14-15.54.21:169][193]LogInit: XAudio2 using 'Speakers (Conexant HD Audio)' : 2 channels at 44.1 kHz using 16 bits per sample (channel mask 0x3)
[2017.02.14-15.54.21:179][193]LogInit: FAudioDevice initialized.
[2017.02.14-15.54.21:615][193]LogLoad: Game class is 'ThirdPersonGameMode_C'
[2017.02.14-15.54.21:618][193]LogWorld: Bringing World /Game/UEDPIE_0_Endless_Runner_Main.Endless_Runner_Main up for play (max tick rate 0) at 2017.02.14-15.54.21
[2017.02.14-15.54.21:618][193]LogWorld: Bringing up level for play took: 0.001092
[2017.02.14-15.54.21:678][193]LogContentBrowser: Native class hierarchy updated for 'MovieSceneCapture' in 0.0006 seconds. Added 11 classes and 0 folders.
[2017.02.14-15.54.21:691][193]PIE: Info Play in editor start time for /Game/UEDPIE_0_Endless_Runner_Main 0.664
[2017.02.14-15.54.21:725][194]LogCharacterMovement:Warning: GetSimulationTimeStep() - Max iterations 8 hit while remaining time 0.064872 > MaxSimulationTimeStep (0.050) for 'ThirdPersonCharacter_C_0', movement 'Walking'
[2017.02.14-15.54.30:903][135]LogContentBrowser: Native class hierarchy updated for 'BlueprintGraph' in 0.0009 seconds. Added 111 classes and 0 folders.
[2017.02.14-15.55.54:322][821]LogTemp: Repeting last play command: Selected Viewport
[2017.02.14-15.55.54:357][821]LogPlayLevel: PlayLevel: No blueprints needed recompiling
[2017.02.14-15.55.54:357][821]PIE: New page: PIE session: Endless_Runner_Main (14 Feb 2017 15:55:54)
[2017.02.14-15.55.54:357][821]LogPlayLevel: Creating play world package: /Game/UEDPIE_0_Endless_Runner_Main
[2017.02.14-15.55.54:360][821]LogPlayLevel: PIE: StaticDuplicateObject took: (0.002723s)
[2017.02.14-15.55.54:361][821]LogAIModule: Creating AISystem for world Endless_Runner_Main
[2017.02.14-15.55.54:361][821]LogPlayLevel: PIE: World Init took: (0.001124s)
[2017.02.14-15.55.54:361][821]LogPlayLevel: PIE: Created PIE world by copying editor world from /Game/Endless_Runner_Main.Endless_Runner_Main to /Game/UEDPIE_0_Endless_Runner_Main.Endless_Runner_Main (0.004127s)
[2017.02.14-15.55.54:386][821]LogInit: XAudio2 using 'Speakers (Conexant HD Audio)' : 2 channels at 44.1 kHz using 16 bits per sample (channel mask 0x3)
[2017.02.14-15.55.54:397][821]LogInit: FAudioDevice initialized.
[2017.02.14-15.55.54:428][821]LogLoad: Game class is 'ThirdPersonGameMode_C'
[2017.02.14-15.55.54:429][821]LogWorld: Bringing World /Game/UEDPIE_0_Endless_Runner_Main.Endless_Runner_Main up for play (max tick rate 0) at 2017.02.14-15.55.54
[2017.02.14-15.55.54:429][821]LogWorld: Bringing up level for play took: 0.000815
[2017.02.14-15.55.54:441][821]PIE: Info Play in editor start time for /Game/UEDPIE_0_Endless_Runner_Main -0.588
[2017.02.14-15.58.13:695][742]MapCheck: New page: Map Check
[2017.02.14-15.58.13:736][742]Cmd: MAP REBUILD ALLVISIBLE
[2017.02.14-15.58.13:736][742]LogEditorServer: Rebuildmap Clear paths rebuilt
[2017.02.14-15.58.13:818][742]LightingResults: New page: Lighting Build - 14 Feb 2017 15:58:13
[2017.02.14-15.58.13:849][742]LogSwarmInterface: [OpenConnection] Registering TCP channel ...
[2017.02.14-15.58.13:867][742]LogSwarmInterface: [OpenConnection] Connecting to agent ...
[2017.02.14-15.58.13:874][742]LogSwarmInterface: [TryOpenConnection] Testing the Agent
[2017.02.14-15.58.14:392][742]LogSwarmInterface: [TryOpenConnection] Opening Connection to Agent
[2017.02.14-15.58.14:392][742]LogSwarmInterface: [TryOpenConnection] Local Process ID is 4992
[2017.02.14-15.58.18:228][742]LogStaticLightingSystem:Warning: No importance volume found, so the scene bounding box was used.  You can optimize your scene's quality and lighting build times by adding importance volumes.
[2017.02.14-15.58.18:228][742]LogStaticLightingSystem: Running Lightmass w/ ImmediateImport mode ENABLED
[2017.02.14-15.58.18:228][742]LogStaticLightingSystem: Running Lightmass w/ ImmediateProcess mode ENABLED
[2017.02.14-15.58.18:228][742]LogStaticLightingSystem: Running Lightmass w/ Sorting mode ENABLED
[2017.02.14-15.58.18:228][742]LogStaticLightingSystem: Running Lightmass w/ Mapping paddings ENABLED
[2017.02.14-15.58.18:228][742]LogStaticLightingSystem: Running Lightmass w/ Mapping debug paddings DISABLED
[2017.02.14-15.58.18:301][742]Cmd: MAP CHECK DONTDISPLAYDIALOG
[2017.02.14-15.58.18:302][742]MapCheck: New page: Endless_Runner_Main - 14 Feb 2017 15:58:18
[2017.02.14-15.58.18:352][742]MapCheck: Info Map check complete: 0 Error(s), 0 Warning(s), took 50.801ms to complete.
[2017.02.14-15.58.18:373][742]LogEditorBuildUtils: Build time 0:04
[2017.02.14-15.58.19:837][822]Job is a success!
[2017.02.14-15.58.19:910][823]LogTexture:Display: Building textures: HQ_Lightmap0_1 (AutoDXT)
[2017.02.14-15.58.19:910][823]LogTexture:Display: Building textures: LQ_Lightmap_0_1 (DXT1)
[2017.02.14-15.58.19:910][823]LogTexture:Display: Building textures: ShadowMapTexture2D_0 (G8)
[2017.02.14-15.58.19:927][823]Lightmass on GAMES-106-025: 634 ms total, 96 ms importing, 50 ms setup, 258 ms photons, 220 ms processing, 0 ms extra exporting [1/1 mappings]. Threads: 1.38 sec total, 76 ms processing.
[2017.02.14-15.58.19:948][823]LogStaticLightingSystem: Illumination: 6.11 sec (1 ms encoding lightmaps, 0 ms encoding shadowmaps)
[2017.02.14-15.58.19:949][823]LogStaticLightingSystem: Lightmap texture memory:  0.0 MB (0.0 MB streaming, 0.0 MB non-streaming), 2 textures
[2017.02.14-15.58.19:949][823]LogStaticLightingSystem: Shadowmap texture memory: 0.0 MB (0.0 MB streaming, 0.0 MB non-streaming), 1 textures
[2017.02.14-15.58.20:224][823]DumpUnbuiltLightIteractions
[2017.02.14-15.58.20:224][823]Lights with unbuilt interactions: 0
[2017.02.14-15.58.20:224][823]
[2017.02.14-15.58.20:224][823]Primitives with unbuilt interactions: 0
[2017.02.14-15.58.20:250][824]Cmd: MAP CHECK NOTIFYRESULTS
[2017.02.14-15.58.20:250][824]MapCheck: New page: Endless_Runner_Main - 14 Feb 2017 15:58:20
[2017.02.14-15.58.20:307][824]MapCheck: Info Map check complete: 0 Error(s), 0 Warning(s), took 56.903ms to complete.
[2017.02.14-16.04.05:189][776]BlueprintLog: New page: Compile ThirdPersonCharacter
[2017.02.14-16.04.06:560][829]LogSavePackage: Save=64.14ms
[2017.02.14-16.04.06:560][829]LogSavePackage: Moving '../../../../../../Users/Games/Documents/GitHub/Endless-Runer/Endless_Runner/Saved/ThirdPersonCharacterC1F80AD64BA5AC5BE09B7A96CA149B4E.tmp' to '../../../../../../Users/Games/Documents/GitHub/Endless-Runer/Endless_Runner/Content/ThirdPersonBP/Blueprints/ThirdPersonCharacter.uasset'
[2017.02.14-16.04.06:564][829]LogSavePackage:Display: Finished SavePackage ../../../../../../Users/Games/Documents/GitHub/Endless-Runer/Endless_Runner/Content/ThirdPersonBP/Blueprints/ThirdPersonCharacter.uasset
[2017.02.14-16.05.00:581][379]LogSavePackage: Save=20.91ms
[2017.02.14-16.05.00:581][379]LogSavePackage: Moving '../../../../../../Users/Games/Documents/GitHub/Endless-Runer/Endless_Runner/Saved/Endless_Runner_Main_Auto1ABA256F541D1B4AE214E02805371279B.tmp' to '../../../../../../Users/Games/Documents/GitHub/Endless-Runer/Endless_Runner/Saved/Autosaves/Game/Endless_Runner_Main_Auto1.umap'
[2017.02.14-16.05.00:582][379]LogSavePackage:Display: Finished SavePackage ../../../../../../Users/Games/Documents/GitHub/Endless-Runer/Endless_Runner/Saved/Autosaves/Game/Endless_Runner_Main_Auto1.umap
[2017.02.14-16.05.00:591][379]LogSavePackage: Save=4.85ms
[2017.02.14-16.05.00:591][379]LogSavePackage: Moving '../../../../../../Users/Games/Documents/GitHub/Endless-Runer/Endless_Runner/Saved/Endless_Runner_Main_BuiltData688C4038493BE856607F0FAD62989C9E.tmp' to '../../../../../../Users/Games/Documents/GitHub/Endless-Runer/Endless_Runner/Content/Endless_Runner_Main_BuiltData.uasset'
[2017.02.14-16.05.00:592][379]LogSavePackage:Display: Finished SavePackage ../../../../../../Users/Games/Documents/GitHub/Endless-Runer/Endless_Runner/Content/Endless_Runner_Main_BuiltData.uasset
[2017.02.14-16.05.00:593][379]LogFileHelpers: Editor autosave (incl. sublevels) for '/Game/Endless_Runner_Main' took 0.090
[2017.02.14-16.05.00:593][379]LogFileHelpers: Editor autosave (incl. sublevels) for all levels took 0.090
[2017.02.14-16.05.00:595][379]OBJ SavePackage: Generating thumbnails for [1] asset(s) in package [/Game/ThirdPersonBP/Blueprints/ThirdPersonCharacter] ([1] browsable assets)...
[2017.02.14-16.05.00:618][379]OBJ SavePackage:     Rendered thumbnail for [Blueprint /Game/ThirdPersonBP/Blueprints/ThirdPersonCharacter.ThirdPersonCharacter]
[2017.02.14-16.05.00:618][379]OBJ SavePackage: Finished generating thumbnails for package [/Game/ThirdPersonBP/Blueprints/ThirdPersonCharacter]
[2017.02.14-16.05.00:698][379]LogSavePackage: Save=75.03ms
[2017.02.14-16.05.00:698][379]LogSavePackage: Moving '../../../../../../Users/Games/Documents/GitHub/Endless-Runer/Endless_Runner/Saved/ThirdPersonCharacter_Auto17D5A1D834232825980FD0288226B388B.tmp' to '../../../../../../Users/Games/Documents/GitHub/Endless-Runer/Endless_Runner/Saved/Autosaves/Game/ThirdPersonBP/Blueprints/ThirdPersonCharacter_Auto1.uasset'
[2017.02.14-16.05.00:701][379]LogSavePackage:Display: Finished SavePackage ../../../../../../Users/Games/Documents/GitHub/Endless-Runer/Endless_Runner/Saved/Autosaves/Game/ThirdPersonBP/Blueprints/ThirdPersonCharacter_Auto1.uasset
[2017.02.14-16.05.00:701][379]LogFileHelpers: Auto-saving content packages took 0.107
[2017.02.14-16.06.03:642][548]BlueprintLog: New page: Compile ThirdPersonCharacter
[2017.02.14-16.06.04:388][561]BlueprintLog: New page: Compile ThirdPersonCharacter
[2017.02.14-16.06.05:190][589]LogSavePackage: Save=75.74ms
[2017.02.14-16.06.05:190][589]LogSavePackage: Moving '../../../../../../Users/Games/Documents/GitHub/Endless-Runer/Endless_Runner/Saved/ThirdPersonCharacterD8B32261426DACDEC04D12AAC3A58F47.tmp' to '../../../../../../Users/Games/Documents/GitHub/Endless-Runer/Endless_Runner/Content/ThirdPersonBP/Blueprints/ThirdPersonCharacter.uasset'
[2017.02.14-16.06.05:195][589]LogSavePackage:Display: Finished SavePackage ../../../../../../Users/Games/Documents/GitHub/Endless-Runer/Endless_Runner/Content/ThirdPersonBP/Blueprints/ThirdPersonCharacter.uasset
[2017.02.14-16.06.07:489][768]LogRenderer: Reallocating scene render targets to support 1192x720 NumSamples 1 (Frame:30675).
[2017.02.14-16.06.24:913][149]LogSavePackage: Save=25.10ms
[2017.02.14-16.06.24:913][149]LogSavePackage: Moving '../../../../../../Users/Games/Documents/GitHub/Endless-Runer/Endless_Runner/Saved/BP_Obstacles7FADD09F48053DE315C5EFBE6E55F45C.tmp' to '../../../../../../Users/Games/Documents/GitHub/Endless-Runer/Endless_Runner/Content/ThirdPersonBP/Blueprints/BP_Obstacles.uasset'
[2017.02.14-16.06.24:915][149]LogSavePackage:Display: Finished SavePackage ../../../../../../Users/Games/Documents/GitHub/Endless-Runer/Endless_Runner/Content/ThirdPersonBP/Blueprints/BP_Obstacles.uasset
[2017.02.14-16.06.26:246][252]LogSavePackage: Save=41.61ms
[2017.02.14-16.06.26:246][252]LogSavePackage: Moving '../../../../../../Users/Games/Documents/GitHub/Endless-Runer/Endless_Runner/Saved/BP_Floor72B182384F26BC1B83E9778BC3AE7B66.tmp' to '../../../../../../Users/Games/Documents/GitHub/Endless-Runer/Endless_Runner/Content/ThirdPersonBP/Blueprints/BP_Floor.uasset'
[2017.02.14-16.06.26:247][252]LogSavePackage:Display: Finished SavePackage ../../../../../../Users/Games/Documents/GitHub/Endless-Runer/Endless_Runner/Content/ThirdPersonBP/Blueprints/BP_Floor.uasset
[2017.02.14-16.06.27:176][308]LogSavePackage: Save=62.08ms
[2017.02.14-16.06.27:176][308]LogSavePackage: Moving '../../../../../../Users/Games/Documents/GitHub/Endless-Runer/Endless_Runner/Saved/ThirdPersonCharacter2E26C56647A8361C53CBC692C2BFD7D7.tmp' to '../../../../../../Users/Games/Documents/GitHub/Endless-Runer/Endless_Runner/Content/ThirdPersonBP/Blueprints/ThirdPersonCharacter.uasset'
[2017.02.14-16.06.27:179][308]LogSavePackage:Display: Finished SavePackage ../../../../../../Users/Games/Documents/GitHub/Endless-Runer/Endless_Runner/Content/ThirdPersonBP/Blueprints/ThirdPersonCharacter.uasset
[2017.02.14-16.06.46:461][688]LogActorComponent: RegisterComponentWithWorld: (/Engine/Transient.World_2:PersistentLevel.DESTROYED_BP_Obstacles_C_CHILDACTOR_31.DefaultSceneRoot) Trying to register component with IsPendingKill() == true. Aborting.
[2017.02.14-16.06.46:463][688]LogActorComponent: RegisterComponentWithWorld: (/Engine/Transient.World_4:PersistentLevel.DESTROYED_BP_Obstacles_C_CHILDACTOR_33.DefaultSceneRoot) Trying to register component with IsPendingKill() == true. Aborting.
[2017.02.14-16.07.06:546][646]BlueprintLog: New page: Compile BP_Obstacles
[2017.02.14-16.07.06:951][646]LogActorComponent: RegisterComponentWithWorld: (/Engine/Transient.World_4:PersistentLevel.DESTROYED_BP_Obstacles_C_CHILDACTOR_4.DefaultSceneRoot) Trying to register component with IsPendingKill() == true. Aborting.
[2017.02.14-16.07.06:954][646]LogActorComponent: RegisterComponentWithWorld: (/Engine/Transient.World_2:PersistentLevel.DESTROYED_BP_Obstacles_C_CHILDACTOR_12.DefaultSceneRoot) Trying to register component with IsPendingKill() == true. Aborting.
[2017.02.14-16.07.07:400][686]LogSavePackage: Save=22.95ms
[2017.02.14-16.07.07:400][686]LogSavePackage: Moving '../../../../../../Users/Games/Documents/GitHub/Endless-Runer/Endless_Runner/Saved/BP_Obstacles40B496ED40002056600CE8ADD5F8BD7A.tmp' to '../../../../../../Users/Games/Documents/GitHub/Endless-Runer/Endless_Runner/Content/ThirdPersonBP/Blueprints/BP_Obstacles.uasset'
[2017.02.14-16.07.07:403][686]LogSavePackage:Display: Finished SavePackage ../../../../../../Users/Games/Documents/GitHub/Endless-Runer/Endless_Runner/Content/ThirdPersonBP/Blueprints/BP_Obstacles.uasset
[2017.02.14-16.07.11:650][160]LogTemp: Repeting last play command: Selected Viewport
[2017.02.14-16.07.11:672][160]LogPlayLevel: PlayLevel: No blueprints needed recompiling
[2017.02.14-16.07.11:672][160]PIE: New page: PIE session: Endless_Runner_Main (14 Feb 2017 16:07:11)
[2017.02.14-16.07.11:672][160]LogPlayLevel: Creating play world package: /Game/UEDPIE_0_Endless_Runner_Main
[2017.02.14-16.07.11:674][160]LogPlayLevel: PIE: StaticDuplicateObject took: (0.002274s)
[2017.02.14-16.07.11:675][160]LogAIModule: Creating AISystem for world Endless_Runner_Main
[2017.02.14-16.07.11:675][160]LogPlayLevel: PIE: World Init took: (0.000842s)
[2017.02.14-16.07.11:675][160]LogPlayLevel: PIE: Created PIE world by copying editor world from /Game/Endless_Runner_Main.Endless_Runner_Main to /Game/UEDPIE_0_Endless_Runner_Main.Endless_Runner_Main (0.003510s)
[2017.02.14-16.07.11:693][160]LogInit: XAudio2 using 'Speakers (Conexant HD Audio)' : 2 channels at 44.1 kHz using 16 bits per sample (channel mask 0x3)
[2017.02.14-16.07.11:702][160]LogInit: FAudioDevice initialized.
[2017.02.14-16.07.11:734][160]LogLoad: Game class is 'ThirdPersonGameMode_C'
[2017.02.14-16.07.11:736][160]LogWorld: Bringing World /Game/UEDPIE_0_Endless_Runner_Main.Endless_Runner_Main up for play (max tick rate 0) at 2017.02.14-16.07.11
[2017.02.14-16.07.11:736][160]LogWorld: Bringing up level for play took: 0.001028
[2017.02.14-16.07.11:748][160]PIE: Info Play in editor start time for /Game/UEDPIE_0_Endless_Runner_Main 0.712
[2017.02.14-16.09.21:437][578]BlueprintLog: New page: Compile ThirdPersonCharacter
[2017.02.14-16.09.21:828][578]LogActorComponent: RegisterComponentWithWorld: (/Engine/Transient.World_4:PersistentLevel.DESTROYED_BP_Obstacles_C_CHILDACTOR_11.DefaultSceneRoot) Trying to register component with IsPendingKill() == true. Aborting.
[2017.02.14-16.09.21:831][578]LogActorComponent: RegisterComponentWithWorld: (/Engine/Transient.World_2:PersistentLevel.DESTROYED_BP_Obstacles_C_CHILDACTOR_16.DefaultSceneRoot) Trying to register component with IsPendingKill() == true. Aborting.
[2017.02.14-16.09.21:838][578]LogActorComponent: RegisterComponentWithWorld: (/Engine/Transient.World_4:PersistentLevel.DESTROYED_BP_Obstacles_C_CHILDACTOR_24.DefaultSceneRoot) Trying to register component with IsPendingKill() == true. Aborting.
[2017.02.14-16.09.21:840][578]LogActorComponent: RegisterComponentWithWorld: (/Engine/Transient.World_2:PersistentLevel.DESTROYED_BP_Obstacles_C_CHILDACTOR_26.DefaultSceneRoot) Trying to register component with IsPendingKill() == true. Aborting.
[2017.02.14-16.09.21:997][583]BlueprintLog: New page: Compile ThirdPersonCharacter
[2017.02.14-16.09.22:162][583]LogActorComponent: RegisterComponentWithWorld: (/Engine/Transient.World_4:PersistentLevel.DESTROYED_BP_Obstacles_C_CHILDACTOR_8.DefaultSceneRoot) Trying to register component with IsPendingKill() == true. Aborting.
[2017.02.14-16.09.22:164][583]LogActorComponent: RegisterComponentWithWorld: (/Engine/Transient.World_2:PersistentLevel.DESTROYED_BP_Obstacles_C_CHILDACTOR_13.DefaultSceneRoot) Trying to register component with IsPendingKill() == true. Aborting.
[2017.02.14-16.09.22:171][583]LogActorComponent: RegisterComponentWithWorld: (/Engine/Transient.World_4:PersistentLevel.DESTROYED_BP_Obstacles_C_CHILDACTOR_24.DefaultSceneRoot) Trying to register component with IsPendingKill() == true. Aborting.
[2017.02.14-16.09.22:172][583]LogActorComponent: RegisterComponentWithWorld: (/Engine/Transient.World_2:PersistentLevel.DESTROYED_BP_Obstacles_C_CHILDACTOR_26.DefaultSceneRoot) Trying to register component with IsPendingKill() == true. Aborting.
[2017.02.14-16.09.22:932][632]LogSavePackage: Save=62.83ms
[2017.02.14-16.09.22:932][632]LogSavePackage: Moving '../../../../../../Users/Games/Documents/GitHub/Endless-Runer/Endless_Runner/Saved/ThirdPersonCharacter7C7F2BB84071728092F271946C5D6534.tmp' to '../../../../../../Users/Games/Documents/GitHub/Endless-Runer/Endless_Runner/Content/ThirdPersonBP/Blueprints/ThirdPersonCharacter.uasset'
[2017.02.14-16.09.22:935][632]LogSavePackage:Display: Finished SavePackage ../../../../../../Users/Games/Documents/GitHub/Endless-Runer/Endless_Runner/Content/ThirdPersonBP/Blueprints/ThirdPersonCharacter.uasset
[2017.02.14-16.09.35:643][ 25]LogActorComponent: UnregisterComponent: (/Engine/Transient.EditorFloorComp) Not registered. Aborting.
[2017.02.14-16.09.35:711][ 25]LogActorComponent: UnregisterComponent: (/Engine/Transient.EditorFloorComp) Not registered. Aborting.
[2017.02.14-16.09.37:724][236]LogSavePackage: Save=19.73ms
[2017.02.14-16.09.37:724][236]LogSavePackage: Moving '../../../../../../Users/Games/Documents/GitHub/Endless-Runer/Endless_Runner/Saved/Endless_Runner_Main60D352F14381FF62BA396B9E20DA6C8B.tmp' to '../../../../../../Users/Games/Documents/GitHub/Endless-Runer/Endless_Runner/Content/Endless_Runner_Main.umap'
[2017.02.14-16.09.37:728][236]LogSavePackage:Display: Finished SavePackage ../../../../../../Users/Games/Documents/GitHub/Endless-Runer/Endless_Runner/Content/Endless_Runner_Main.umap
[2017.02.14-16.09.37:758][236]LogFileHelpers: Saving map 'Endless_Runner_Main' took 0.140
[2017.02.14-16.09.44:976][ 66]Cmd: QUIT_EDITOR
[2017.02.14-16.09.45:068][ 66]LogExit: Preparing to exit.
[2017.02.14-16.09.45:778][ 66]LogDirectoryWatcher: A directory notification for 'C:/Users/Games/Documents/GitHub/Endless-Runer/Endless_Runner/Content/' was aborted.
[2017.02.14-16.09.45:820][ 66]LogExit: Editor shut down
[2017.02.14-16.09.45:820][ 66]LogExit: Transaction tracking system shut down
[2017.02.14-16.09.45:924][ 66]LogObj: Freed 0b from 0 cluster array pools.
[2017.02.14-16.09.45:924][ 66]LogExit: Object subsystem successfully closed.
[2017.02.14-16.09.45:940][ 66]LogD3D11RHI: Shutdown
[2017.02.14-16.09.45:940][ 66]LogD3D11RHI: CleanupD3DDevice
[2017.02.14-16.09.46:000][ 66]LogD3D11RHI: ~FD3D11DynamicRHI
[2017.02.14-16.09.46:013][ 66]LogHttp:Display: Http module shutting down, but needs to wait on 1 outstanding Http requests:
[2017.02.14-16.09.46:013][ 66]LogHttp:Display: 	verb=[POST] url=[https://datarouter.ol.epicgames.com/datarouter/api/v1/public/data?SessionID=%7B28AAD4B4-4E7A-ABD6-1A36-DDBA5C67DA80%7D&AppID=UEEditor.Rocket.Release&AppVersion=4.14.3-3249277%2B%2B%2BUE4%2BRelease-4.14&UserID=7c86758f432a48dd4c83c895f0ea420c%7C80d4b8373658456a97f3fc04d1e746a1%7Cbc37c8b2-b033-4a4e-8772-e21b297d9204&AppEnvironment=datacollector-binary&UploadType=eteventstream] status=Processing
[2017.02.14-16.09.46:027][ 66]LogModuleManager: Shutting down and abandoning module HierarchicalLODUtilities (246)
[2017.02.14-16.09.46:027][ 66]LogModuleManager: Shutting down and abandoning module StaticMeshEditor (245)
[2017.02.14-16.09.46:027][ 66]LogModuleManager: Shutting down and abandoning module BlueprintGraph (244)
[2017.02.14-16.09.46:027][ 66]LogModuleManager: Shutting down and abandoning module BlueprintProfiler (243)
[2017.02.14-16.09.46:027][ 66]LogModuleManager: Shutting down and abandoning module MovieSceneCapture (242)
[2017.02.14-16.09.46:027][ 66]LogModuleManager: Shutting down and abandoning module HierarchicalLODOutliner (241)
[2017.02.14-16.09.46:027][ 66]LogModuleManager: Shutting down and abandoning module CrashTracker (240)
[2017.02.14-16.09.46:027][ 66]LogModuleManager: Shutting down and abandoning module SceneOutliner (239)
[2017.02.14-16.09.46:027][ 66]LogModuleManager: Shutting down and abandoning module WidgetCarousel (238)
[2017.02.14-16.09.46:027][ 66]LogModuleManager: Shutting down and abandoning module AddContentDialog (237)
[2017.02.14-16.09.46:027][ 66]LogDirectoryWatcher: A directory notification for 'C:/Program Files/Epic Games/UE_4.14/FeaturePacks/' was aborted.
[2017.02.14-16.09.46:028][ 66]LogModuleManager: Shutting down and abandoning module GameplayTags (236)
[2017.02.14-16.09.46:028][ 66]LogModuleManager: Shutting down and abandoning module EditorWidgets (235)
[2017.02.14-16.09.46:028][ 66]LogModuleManager: Shutting down and abandoning module CollectionManager (234)
[2017.02.14-16.09.46:028][ 66]LogDirectoryWatcher: A directory notification for 'C:/Users/Games/Documents/GitHub/Endless-Runer/Endless_Runner/Content/Collections/' was aborted.
[2017.02.14-16.09.46:028][ 66]LogDirectoryWatcher: A directory notification for 'C:/Users/Games/Documents/GitHub/Endless-Runer/Endless_Runner/Content/Developers/Games/Collections/' was aborted.
[2017.02.14-16.09.46:028][ 66]LogDirectoryWatcher: A directory notification for 'C:/Users/Games/Documents/GitHub/Endless-Runer/Endless_Runner/Saved/Collections/' was aborted.
[2017.02.14-16.09.46:028][ 66]LogModuleManager: Shutting down and abandoning module StatsViewer (233)
[2017.02.14-16.09.46:028][ 66]LogModuleManager: Shutting down and abandoning module FoliageEdit (232)
[2017.02.14-16.09.46:028][ 66]LogModuleManager: Shutting down and abandoning module LandscapeEditor (231)
[2017.02.14-16.09.46:028][ 66]LogModuleManager: Shutting down and abandoning module SceneDepthPickerMode (230)
[2017.02.14-16.09.46:028][ 66]LogModuleManager: Shutting down and abandoning module ActorPickerMode (229)
[2017.02.14-16.09.46:028][ 66]LogModuleManager: Shutting down and abandoning module GeometryMode (228)
[2017.02.14-16.09.46:028][ 66]LogModuleManager: Shutting down and abandoning module TextureAlignMode (227)
[2017.02.14-16.09.46:028][ 66]LogModuleManager: Shutting down and abandoning module BspMode (226)
[2017.02.14-16.09.46:028][ 66]LogModuleManager: Shutting down and abandoning module HardwareSurvey (225)
[2017.02.14-16.09.46:028][ 66]LogModuleManager: Shutting down and abandoning module SequenceRecorderSections (224)
[2017.02.14-16.09.46:028][ 66]LogModuleManager: Shutting down and abandoning module AutomationWorker (223)
[2017.02.14-16.09.46:028][ 66]LogModuleManager: Shutting down and abandoning module MatineeToLevelSequence (222)
[2017.02.14-16.09.46:028][ 66]LogModuleManager: Shutting down and abandoning module PlacementMode (221)
[2017.02.14-16.09.46:029][ 66]LogModuleManager: Shutting down and abandoning module LevelSequenceEditor (220)
[2017.02.14-16.09.46:029][ 66]LogModuleManager: Shutting down and abandoning module WmfMediaFactory (219)
[2017.02.14-16.09.46:029][ 66]LogModuleManager: Shutting down and abandoning module WmfMediaEditor (218)
[2017.02.14-16.09.46:029][ 66]LogModuleManager: Shutting down and abandoning module AvfMediaFactory (217)
[2017.02.14-16.09.46:029][ 66]LogModuleManager: Shutting down and abandoning module AvfMediaEditor (216)
[2017.02.14-16.09.46:029][ 66]LogModuleManager: Shutting down and abandoning module Media (215)
[2017.02.14-16.09.46:029][ 66]LogModuleManager: Shutting down and abandoning module AndroidMediaFactory (214)
[2017.02.14-16.09.46:029][ 66]LogModuleManager: Shutting down and abandoning module AndroidMediaEditor (213)
[2017.02.14-16.09.46:029][ 66]LogModuleManager: Shutting down and abandoning module CharacterAI (212)
[2017.02.14-16.09.46:029][ 66]LogModuleManager: Shutting down and abandoning module SequenceRecorder (211)
[2017.02.14-16.09.46:029][ 66]LogModuleManager: Shutting down and abandoning module AudioCapture (210)
[2017.02.14-16.09.46:029][ 66]LogModuleManager: Shutting down and abandoning module SmartSnapping (209)
[2017.02.14-16.09.46:029][ 66]LogModuleManager: Shutting down and abandoning module SessionServices (208)
[2017.02.14-16.09.46:029][ 66]LogModuleManager: Shutting down and abandoning module ViewportSnapping (207)
[2017.02.14-16.09.46:029][ 66]LogModuleManager: Shutting down and abandoning module ViewportInteraction (206)
[2017.02.14-16.09.46:029][ 66]LogModuleManager: Shutting down and abandoning module LogVisualizer (205)
[2017.02.14-16.09.46:029][ 66]LogModuleManager: Shutting down and abandoning module GameProjectGeneration (204)
[2017.02.14-16.09.46:029][ 66]LogModuleManager: Shutting down and abandoning module IntroTutorials (203)
[2017.02.14-16.09.46:029][ 66]LogModuleManager: Shutting down and abandoning module EditorLiveStreaming (202)
[2017.02.14-16.09.46:029][ 66]LogModuleManager: Shutting down and abandoning module IOSPlatformEditor (201)
[2017.02.14-16.09.46:029][ 66]LogModuleManager: Shutting down and abandoning module HTML5PlatformEditor (200)
[2017.02.14-16.09.46:029][ 66]LogModuleManager: Shutting down and abandoning module AndroidDeviceDetection (199)
[2017.02.14-16.09.46:507][ 66]LogModuleManager: Shutting down and abandoning module AndroidPlatformEditor (198)
[2017.02.14-16.09.46:507][ 66]LogModuleManager: Shutting down and abandoning module IOSRuntimeSettings (197)
[2017.02.14-16.09.46:507][ 66]LogModuleManager: Shutting down and abandoning module AndroidRuntimeSettings (196)
[2017.02.14-16.09.46:507][ 66]LogModuleManager: Shutting down and abandoning module InputBindingEditor (195)
[2017.02.14-16.09.46:507][ 66]LogModuleManager: Shutting down and abandoning module NiagaraEditor (194)
[2017.02.14-16.09.46:507][ 66]LogModuleManager: Shutting down and abandoning module MergeActors (193)
[2017.02.14-16.09.46:507][ 66]LogModuleManager: Shutting down and abandoning module SizeMap (192)
[2017.02.14-16.09.46:507][ 66]LogModuleManager: Shutting down and abandoning module TreeMap (191)
[2017.02.14-16.09.46:507][ 66]LogModuleManager: Shutting down and abandoning module ReferenceViewer (190)
[2017.02.14-16.09.46:507][ 66]LogModuleManager: Shutting down and abandoning module LocalizationService (189)
[2017.02.14-16.09.46:507][ 66]LogModuleManager: Shutting down and abandoning module LocalizationDashboard (188)
[2017.02.14-16.09.46:507][ 66]LogModuleManager: Shutting down and abandoning module HardwareTargeting (187)
[2017.02.14-16.09.46:507][ 66]LogModuleManager: Shutting down and abandoning module DeviceProfileEditor (186)
[2017.02.14-16.09.46:507][ 66]LogModuleManager: Shutting down and abandoning module UndoHistory (185)
[2017.02.14-16.09.46:507][ 66]LogModuleManager: Shutting down and abandoning module UserFeedback (184)
[2017.02.14-16.09.46:507][ 66]LogModuleManager: Shutting down and abandoning module XmlParser (183)
[2017.02.14-16.09.46:507][ 66]LogModuleManager: Shutting down and abandoning module Blutility (182)
[2017.02.14-16.09.46:507][ 66]LogModuleManager: Shutting down and abandoning module ProjectTargetPlatformEditor (181)
[2017.02.14-16.09.46:508][ 66]LogModuleManager: Shutting down and abandoning module ProjectSettingsViewer (180)
[2017.02.14-16.09.46:508][ 66]LogModuleManager: Shutting down and abandoning module EditorSettingsViewer (179)
[2017.02.14-16.09.46:508][ 66]LogModuleManager: Shutting down and abandoning module SettingsEditor (178)
[2017.02.14-16.09.46:508][ 66]LogModuleManager: Shutting down and abandoning module ProjectLauncher (177)
[2017.02.14-16.09.46:508][ 66]LogModuleManager: Shutting down and abandoning module SessionFrontend (176)
[2017.02.14-16.09.46:508][ 66]LogModuleManager: Shutting down and abandoning module ProfilerClient (175)
[2017.02.14-16.09.46:508][ 66]LogModuleManager: Shutting down and abandoning module TargetDeviceServices (174)
[2017.02.14-16.09.46:508][ 66]LogModuleManager: Shutting down and abandoning module DeviceManager (173)
[2017.02.14-16.09.46:558][ 66]LogModuleManager: Shutting down and abandoning module AutomationController (172)
[2017.02.14-16.09.46:558][ 66]LogModuleManager: Shutting down and abandoning module AutomationWindow (171)
[2017.02.14-16.09.46:558][ 66]LogModuleManager: Shutting down and abandoning module Layers (170)
[2017.02.14-16.09.46:558][ 66]LogModuleManager: Shutting down and abandoning module ComponentVisualizers (169)
[2017.02.14-16.09.46:558][ 66]LogModuleManager: Shutting down and abandoning module DetailCustomizations (168)
[2017.02.14-16.09.46:558][ 66]LogModuleManager: Shutting down and abandoning module PackagesDialog (167)
[2017.02.14-16.09.46:558][ 66]LogModuleManager: Shutting down and abandoning module AnimGraph (166)
[2017.02.14-16.09.46:558][ 66]LogModuleManager: Shutting down and abandoning module Persona (165)
[2017.02.14-16.09.46:558][ 66]LogModuleManager: Shutting down and abandoning module Kismet (164)
[2017.02.14-16.09.46:572][ 66]LogModuleManager: Shutting down and abandoning module GraphEditor (163)
[2017.02.14-16.09.46:573][ 66]LogModuleManager: Shutting down and abandoning module ClassViewer (162)
[2017.02.14-16.09.46:573][ 66]LogModuleManager: Shutting down and abandoning module Toolbox (161)
[2017.02.14-16.09.46:573][ 66]LogModuleManager: Shutting down and abandoning module ModuleUI (160)
[2017.02.14-16.09.46:573][ 66]LogModuleManager: Shutting down and abandoning module MovieSceneTools (159)
[2017.02.14-16.09.46:573][ 66]LogModuleManager: Shutting down and abandoning module OutputLog (158)
[2017.02.14-16.09.46:573][ 66]LogModuleManager: Shutting down and abandoning module GammaUI (157)
[2017.02.14-16.09.46:573][ 66]LogModuleManager: Shutting down and abandoning module Documentation (156)
[2017.02.14-16.09.46:573][ 66]LogModuleManager: Shutting down and abandoning module Niagara (155)
[2017.02.14-16.09.46:573][ 66]LogModuleManager: Shutting down and abandoning module StreamingPauseRendering (154)
[2017.02.14-16.09.46:573][ 66]LogModuleManager: Shutting down and abandoning module AnalyticsET (153)
[2017.02.14-16.09.46:573][ 66]LogModuleManager: Shutting down and abandoning module PortalServices (152)
[2017.02.14-16.09.46:573][ 66]LogModuleManager: Shutting down and abandoning module PortalRpc (151)
[2017.02.14-16.09.46:573][ 66]LogModuleManager: Shutting down and abandoning module MessagingRpc (150)
[2017.02.14-16.09.46:573][ 66]LogModuleManager: Shutting down and abandoning module GameplayDebugger (149)
[2017.02.14-16.09.46:573][ 66]LogModuleManager: Shutting down and abandoning module AITestSuite (148)
[2017.02.14-16.09.46:573][ 66]LogModuleManager: Shutting down and abandoning module AIModule (147)
[2017.02.14-16.09.46:573][ 66]LogModuleManager: Shutting down and abandoning module ProfilerService (146)
[2017.02.14-16.09.46:797][ 66]LogModuleManager: Shutting down and abandoning module TaskGraph (145)
[2017.02.14-16.09.46:797][ 66]LogModuleManager: Shutting down and abandoning module SlateRemote (144)
[2017.02.14-16.09.46:797][ 66]LogModuleManager: Shutting down and abandoning module SteamVRController (143)
[2017.02.14-16.09.46:797][ 66]LogModuleManager: Shutting down and abandoning module SteamVR (142)
[2017.02.14-16.09.46:797][ 66]LogModuleManager: Shutting down and abandoning module ProceduralMeshComponentEditor (141)
[2017.02.14-16.09.46:797][ 66]LogModuleManager: Shutting down and abandoning module ProceduralMeshComponent (140)
[2017.02.14-16.09.46:797][ 66]LogModuleManager: Shutting down and abandoning module OculusLibrary (139)
[2017.02.14-16.09.46:797][ 66]LogModuleManager: Shutting down and abandoning module OculusInput (138)
[2017.02.14-16.09.46:797][ 66]LogModuleManager: Shutting down and abandoning module MobilePatchingUtils (137)
[2017.02.14-16.09.46:797][ 66]LogModuleManager: Shutting down and abandoning module CustomMeshComponent (136)
[2017.02.14-16.09.46:797][ 66]LogModuleManager: Shutting down and abandoning module CableComponent (135)
[2017.02.14-16.09.46:797][ 66]LogModuleManager: Shutting down and abandoning module ArchVisCharacter (134)
[2017.02.14-16.09.46:797][ 66]LogModuleManager: Shutting down and abandoning module MediaPlayerEditor (132)
[2017.02.14-16.09.46:797][ 66]LogModuleManager: Shutting down and abandoning module HTML5Networking (131)
[2017.02.14-16.09.46:797][ 66]LogModuleManager: Shutting down and abandoning module GeometryCacheEd (130)
[2017.02.14-16.09.46:797][ 66]LogModuleManager: Shutting down and abandoning module GeometryCache (129)
[2017.02.14-16.09.46:797][ 66]LogModuleManager: Shutting down and abandoning module AlembicLibrary (128)
[2017.02.14-16.09.46:797][ 66]LogModuleManager: Shutting down and abandoning module AlembicImporter (127)
[2017.02.14-16.09.46:797][ 66]LogModuleManager: Shutting down and abandoning module SuperSearch (126)
[2017.02.14-16.09.46:798][ 66]LogModuleManager: Shutting down and abandoning module SuperSearchEditor (125)
[2017.02.14-16.09.46:798][ 66]LogModuleManager: Shutting down and abandoning module SpeedTreeImporter (124)
[2017.02.14-16.09.46:798][ 66]LogModuleManager: Shutting down and abandoning module PluginBrowser (123)
[2017.02.14-16.09.46:798][ 66]LogModuleManager: Shutting down and abandoning module MobileLauncherProfileWizard (122)
[2017.02.14-16.09.46:798][ 66]LogModuleManager: Shutting down and abandoning module EpicSurvey (121)
[2017.02.14-16.09.46:798][ 66]LogModuleManager: Shutting down and abandoning module DesktopPlatform (120)
[2017.02.14-16.09.46:798][ 66]LogModuleManager: Shutting down and abandoning module VisualStudioSourceCodeAccess (119)
[2017.02.14-16.09.46:798][ 66]LogModuleManager: Shutting down and abandoning module UObjectPlugin (118)
[2017.02.14-16.09.46:798][ 66]LogModuleManager: Shutting down and abandoning module SubversionSourceControl (117)
[2017.02.14-16.09.46:798][ 66]LogModuleManager: Shutting down and abandoning module PerforceSourceControl (116)
[2017.02.14-16.09.46:798][ 66]LogModuleManager: Shutting down and abandoning module SourceControl (115)
[2017.02.14-16.09.46:798][ 66]LogModuleManager: Shutting down and abandoning module GitSourceControl (114)
[2017.02.14-16.09.46:798][ 66]LogModuleManager: Shutting down and abandoning module LightPropagationVolumeEditor (113)
[2017.02.14-16.09.46:798][ 66]LogModuleManager: Shutting down and abandoning module PaperTiledImporter (112)
[2017.02.14-16.09.46:798][ 66]LogModuleManager: Shutting down and abandoning module PaperSpriteSheetImporter (111)
[2017.02.14-16.09.46:798][ 66]LogModuleManager: Shutting down and abandoning module MeshPaint (110)
[2017.02.14-16.09.46:798][ 66]LogModuleManager: Shutting down and abandoning module PixelInspectorModule (109)
[2017.02.14-16.09.46:798][ 66]LogModuleManager: Shutting down and abandoning module HotReload (108)
[2017.02.14-16.09.46:799][ 66]LogModuleManager: Shutting down and abandoning module MainFrame (107)
[2017.02.14-16.09.46:799][ 66]LogModuleManager: Shutting down and abandoning module LevelEditor (106)
[2017.02.14-16.09.46:800][ 66]LogModuleManager: Shutting down and abandoning module ContentBrowser (105)
[2017.02.14-16.09.46:802][ 66]LogModuleManager: Shutting down and abandoning module Paper2DEditor (104)
[2017.02.14-16.09.46:802][ 66]LogModuleManager: Shutting down and abandoning module UdpMessaging (103)
[2017.02.14-16.09.46:902][ 66]LogModuleManager: Shutting down and abandoning module TcpMessaging (102)
[2017.02.14-16.09.47:002][ 66]LogModuleManager: Shutting down and abandoning module LightPropagationVolumeRuntime (101)
[2017.02.14-16.09.47:002][ 66]LogModuleManager: Shutting down and abandoning module Paper2D (100)
[2017.02.14-16.09.47:002][ 66]LogModuleManager: Shutting down and abandoning module WindowsMoviePlayer (99)
[2017.02.14-16.09.47:002][ 66]LogModuleManager: Shutting down and abandoning module WmfMedia (98)
[2017.02.14-16.09.47:003][ 66]LogModuleManager: Shutting down and abandoning module MediaAssets (97)
[2017.02.14-16.09.47:003][ 66]LogModuleManager: Shutting down and abandoning module GameLiveStreaming (96)
[2017.02.14-16.09.47:003][ 66]LogModuleManager: Shutting down and abandoning module GameplayTagsEditor (95)
[2017.02.14-16.09.47:003][ 66]LogModuleManager: Shutting down and abandoning module VREditor (94)
[2017.02.14-16.09.47:003][ 66]LogModuleManager: Shutting down and abandoning module GameplayTasksEditor (93)
[2017.02.14-16.09.47:003][ 66]LogModuleManager: Shutting down and abandoning module BehaviorTreeEditor (92)
[2017.02.14-16.09.47:003][ 66]LogModuleManager: Shutting down and abandoning module FunctionalTesting (91)
[2017.02.14-16.09.47:003][ 66]LogModuleManager: Shutting down and abandoning module CollisionAnalyzer (90)
[2017.02.14-16.09.47:003][ 66]LogModuleManager: Shutting down and abandoning module Sequencer (89)
[2017.02.14-16.09.47:004][ 66]LogModuleManager: Shutting down and abandoning module WorkspaceMenuStructure (88)
[2017.02.14-16.09.47:004][ 66]LogModuleManager: Shutting down and abandoning module MessageLog (87)
[2017.02.14-16.09.47:004][ 66]LogModuleManager: Shutting down and abandoning module AssetTools (86)
[2017.02.14-16.09.47:004][ 66]LogModuleManager: Shutting down and abandoning module UMGEditor (85)
[2017.02.14-16.09.47:004][ 66]LogModuleManager: Shutting down and abandoning module UMG (84)
[2017.02.14-16.09.47:004][ 66]LogModuleManager: Shutting down and abandoning module SlateReflector (83)
[2017.02.14-16.09.47:004][ 66]LogModuleManager: Shutting down and abandoning module Slate (82)
[2017.02.14-16.09.47:004][ 66]LogModuleManager: Shutting down and abandoning module EditorStyle (81)
[2017.02.14-16.09.47:010][ 66]LogModuleManager: Shutting down and abandoning module SourceCodeAccess (80)
[2017.02.14-16.09.47:010][ 66]LogModuleManager: Shutting down and abandoning module HeadMountedDisplay (79)
[2017.02.14-16.09.47:010][ 66]LogModuleManager: Shutting down and abandoning module XAudio2 (78)
[2017.02.14-16.09.47:010][ 66]LogModuleManager: Shutting down and abandoning module Networking (76)
[2017.02.14-16.09.47:010][ 66]LogModuleManager: Shutting down and abandoning module Core (75)
[2017.02.14-16.09.47:010][ 66]LogModuleManager: Shutting down and abandoning module DirectoryWatcher (74)
[2017.02.14-16.09.47:010][ 66]LogDirectoryWatcher: A directory notification for '../../../Engine/Content/' was aborted.
[2017.02.14-16.09.47:010][ 66]LogDirectoryWatcher: A directory notification for '../../../../../../Users/Games/Documents/GitHub/Endless-Runer/Endless_Runner/Content/' was aborted.
[2017.02.14-16.09.47:010][ 66]LogDirectoryWatcher: A directory notification for '../../../Engine/Plugins/2D/Paper2D/Content/' was aborted.
[2017.02.14-16.09.47:011][ 66]LogModuleManager: Shutting down and abandoning module AssetRegistry (73)
[2017.02.14-16.09.47:211][ 66]LogModuleManager: Shutting down and abandoning module KismetCompiler (72)
[2017.02.14-16.09.47:211][ 66]LogModuleManager: Shutting down and abandoning module PhysXFormats (71)
[2017.02.14-16.09.47:211][ 66]LogModuleManager: Shutting down and abandoning module SimplygonSwarm (70)
[2017.02.14-16.09.47:211][ 66]LogModuleManager: Shutting down and abandoning module SimplygonMeshReduction (69)
[2017.02.14-16.09.47:211][ 66]LogModuleManager: Shutting down and abandoning module QuadricMeshReduction (68)
[2017.02.14-16.09.47:212][ 66]LogModuleManager: Shutting down and abandoning module PropertyEditor (67)
[2017.02.14-16.09.47:212][ 66]LogModuleManager: Shutting down and abandoning module MeshUtilities (66)
[2017.02.14-16.09.47:212][ 66]LogModuleManager: Shutting down and abandoning module DerivedDataCache (65)
[2017.02.14-16.09.47:242][ 66]LogDerivedDataCache: Shutdown
[2017.02.14-16.09.47:242][ 66]LogModuleManager: Shutting down and abandoning module VulkanShaderFormat (64)
[2017.02.14-16.09.47:242][ 66]LogModuleManager: Shutting down and abandoning module ShaderFormatOpenGL (63)
[2017.02.14-16.09.47:242][ 66]LogModuleManager: Shutting down and abandoning module ShaderFormatD3D (62)
[2017.02.14-16.09.47:242][ 66]LogModuleManager: Shutting down and abandoning module MetalShaderFormat (61)
[2017.02.14-16.09.47:242][ 66]LogModuleManager: Shutting down and abandoning module TextureFormatUncompressed (60)
[2017.02.14-16.09.47:242][ 66]LogModuleManager: Shutting down and abandoning module TextureFormatPVR (59)
[2017.02.14-16.09.47:242][ 66]LogModuleManager: Shutting down and abandoning module TextureFormatDXT (58)
[2017.02.14-16.09.47:242][ 66]LogModuleManager: Shutting down and abandoning module TextureFormatIntelISPCTexComp (57)
[2017.02.14-16.09.47:243][ 66]LogModuleManager: Shutting down and abandoning module ImageWrapper (56)
[2017.02.14-16.09.47:243][ 66]LogModuleManager: Shutting down and abandoning module TextureFormatASTC (55)
[2017.02.14-16.09.47:243][ 66]LogModuleManager: Shutting down and abandoning module TextureFormatAndroid (54)
[2017.02.14-16.09.47:243][ 66]LogModuleManager: Shutting down and abandoning module AudioFormatOpus (53)
[2017.02.14-16.09.47:243][ 66]LogModuleManager: Shutting down and abandoning module AudioFormatOgg (52)
[2017.02.14-16.09.47:243][ 66]LogModuleManager: Shutting down and abandoning module AudioFormatADPCM (51)
[2017.02.14-16.09.47:243][ 66]LogModuleManager: Shutting down and abandoning module LinuxTargetPlatform (50)
[2017.02.14-16.09.47:243][ 66]LogModuleManager: Shutting down and abandoning module LinuxServerTargetPlatform (49)
[2017.02.14-16.09.47:243][ 66]LogModuleManager: Shutting down and abandoning module LinuxNoEditorTargetPlatform (48)
[2017.02.14-16.09.47:243][ 66]LogModuleManager: Shutting down and abandoning module LinuxClientTargetPlatform (47)
[2017.02.14-16.09.47:243][ 66]LogModuleManager: Shutting down and abandoning module TVOSTargetPlatform (46)
[2017.02.14-16.09.47:243][ 66]LogModuleManager: Shutting down and abandoning module Messaging (45)
[2017.02.14-16.09.47:243][ 66]LogModuleManager: Shutting down and abandoning module IOSTargetPlatform (44)
[2017.02.14-16.09.47:243][ 66]LogModuleManager: Shutting down and abandoning module HTML5TargetPlatform (43)
[2017.02.14-16.09.47:243][ 66]LogModuleManager: Shutting down and abandoning module Android_PVRTCTargetPlatform (42)
[2017.02.14-16.09.47:243][ 66]LogModuleManager: Shutting down and abandoning module Android_MultiTargetPlatform (41)
[2017.02.14-16.09.47:243][ 66]LogModuleManager: Shutting down and abandoning module Android_ETC2TargetPlatform (40)
[2017.02.14-16.09.47:243][ 66]LogModuleManager: Shutting down and abandoning module Android_ETC1TargetPlatform (39)
[2017.02.14-16.09.47:243][ 66]LogModuleManager: Shutting down and abandoning module Android_DXTTargetPlatform (38)
[2017.02.14-16.09.47:243][ 66]LogModuleManager: Shutting down and abandoning module Android_ATCTargetPlatform (37)
[2017.02.14-16.09.47:243][ 66]LogModuleManager: Shutting down and abandoning module Android_ASTCTargetPlatform (36)
[2017.02.14-16.09.47:243][ 66]LogModuleManager: Shutting down and abandoning module AndroidTargetPlatform (35)
[2017.02.14-16.09.47:243][ 66]LogModuleManager: Shutting down and abandoning module WindowsTargetPlatform (34)
[2017.02.14-16.09.47:243][ 66]LogModuleManager: Shutting down and abandoning module WindowsServerTargetPlatform (33)
[2017.02.14-16.09.47:243][ 66]LogModuleManager: Shutting down and abandoning module WindowsNoEditorTargetPlatform (32)
[2017.02.14-16.09.47:243][ 66]LogModuleManager: Shutting down and abandoning module WindowsClientTargetPlatform (31)
[2017.02.14-16.09.47:243][ 66]LogModuleManager: Shutting down and abandoning module MacTargetPlatform (30)
[2017.02.14-16.09.47:243][ 66]LogModuleManager: Shutting down and abandoning module MacServerTargetPlatform (29)
[2017.02.14-16.09.47:243][ 66]LogModuleManager: Shutting down and abandoning module MacNoEditorTargetPlatform (28)
[2017.02.14-16.09.47:243][ 66]LogModuleManager: Shutting down and abandoning module MacClientTargetPlatform (27)
[2017.02.14-16.09.47:243][ 66]LogModuleManager: Shutting down and abandoning module AllDesktopTargetPlatform (26)
[2017.02.14-16.09.47:243][ 66]LogModuleManager: Shutting down and abandoning module TargetPlatform (25)
[2017.02.14-16.09.47:243][ 66]LogModuleManager: Shutting down and abandoning module InputCore (24)
[2017.02.14-16.09.47:243][ 66]LogModuleManager: Shutting down and abandoning module Settings (23)
[2017.02.14-16.09.47:243][ 66]LogModuleManager: Shutting down and abandoning module OculusRift (22)
[2017.02.14-16.09.47:243][ 66]LogModuleManager: Shutting down and abandoning module ExampleDeviceProfileSelector (21)
[2017.02.14-16.09.47:243][ 66]LogModuleManager: Shutting down and abandoning module OnlineBlueprintSupport (20)
[2017.02.14-16.09.47:243][ 66]LogModuleManager: Shutting down and abandoning module OnlineSubsystem (18)
[2017.02.14-16.09.47:243][ 66]LogOnline:Display: Unloading online subsystem: NULL
[2017.02.14-16.09.47:243][ 66]LogModuleManager: Shutting down and abandoning module SSL (17)
[2017.02.14-16.09.47:245][ 66]LogModuleManager: Shutting down and abandoning module HTTP (16)
[2017.02.14-16.09.47:245][ 66]LogModuleManager: Shutting down and abandoning module XMPP (15)
[2017.02.14-16.09.47:245][ 66]LogModuleManager: Shutting down and abandoning module TextureCompressor (14)
[2017.02.14-16.09.47:245][ 66]LogModuleManager: Shutting down and abandoning module ShaderCore (13)
[2017.02.14-16.09.47:245][ 66]LogModuleManager: Shutting down and abandoning module Landscape (12)
[2017.02.14-16.09.47:245][ 66]LogModuleManager: Shutting down and abandoning module SlateRHIRenderer (11)
[2017.02.14-16.09.47:248][ 66]LogModuleManager: Shutting down and abandoning module OpenGLDrv (10)
[2017.02.14-16.09.47:248][ 66]LogModuleManager: Shutting down and abandoning module D3D11RHI (9)
[2017.02.14-16.09.47:248][ 66]LogModuleManager: Shutting down and abandoning module AnimGraphRuntime (8)
[2017.02.14-16.09.47:248][ 66]LogModuleManager: Shutting down and abandoning module Renderer (7)
[2017.02.14-16.09.47:248][ 66]LogModuleManager: Shutting down and abandoning module Engine (6)
[2017.02.14-16.09.47:248][ 66]LogModuleManager: Shutting down and abandoning module CoreUObject (5)
[2017.02.14-16.09.47:248][ 66]LogModuleManager: Shutting down and abandoning module NetworkFile (4)
[2017.02.14-16.09.47:248][ 66]LogModuleManager: Shutting down and abandoning module StreamingFile (3)
[2017.02.14-16.09.47:248][ 66]LogModuleManager: Shutting down and abandoning module SandboxFile (2)
[2017.02.14-16.09.47:248][ 66]LogModuleManager: Shutting down and abandoning module PakFile (1)
[2017.02.14-16.09.47:250][ 66]LogExit: Exiting.
[2017.02.14-16.09.47:253][ 66]Log file closed, 02/14/17 16:09:47
